Log file open, 05/10/22 15:56:11
LogWindows: Failed to load 'aqProf.dll' (GetLastError=126)
LogWindows: File 'aqProf.dll' does not exist
LogWindows: Failed to load 'VtuneApi.dll' (GetLastError=126)
LogWindows: File 'VtuneApi.dll' does not exist
LogWindows: Failed to load 'VtuneApi32e.dll' (GetLastError=126)
LogWindows: File 'VtuneApi32e.dll' does not exist
LogConsoleResponse: Display: Failed to find resolution value strings in scalability ini. Falling back to default.
LogConsoleResponse: Display: Failed to find resolution value strings in scalability ini. Falling back to default.
LogInit: Display: Running engine for game: CookBook_Ch4
LogPlatformFile: Not using cached read wrapper
LogTaskGraph: Started task graph with 5 named threads and 35 total threads with 3 sets of task threads.
LogStats: Stats thread started at 0.860327
LogICUInternationalization: ICU TimeZone Detection - Raw Offset: +9:00, Platform Override: ''
LogInit: Display: Loading text-based GConfig....
LogPluginManager: Mounting plugin MeshPainting
LogPluginManager: Mounting plugin XGEController
LogPluginManager: Mounting plugin Paper2D
LogPluginManager: Mounting plugin LiveLink
LogPluginManager: Mounting plugin AISupport
LogPluginManager: Mounting plugin EnvironmentQueryEditor
LogPluginManager: Mounting plugin CameraShakePreviewer
LogPluginManager: Mounting plugin LightPropagationVolume
LogPluginManager: Mounting plugin GameplayCameras
LogPluginManager: Mounting plugin CLionSourceCodeAccess
LogPluginManager: Mounting plugin OodleData
LogPluginManager: Mounting plugin AnimationSharing
LogPluginManager: Mounting plugin CodeLiteSourceCodeAccess
LogPluginManager: Mounting plugin KDevelopSourceCodeAccess
LogPluginManager: Mounting plugin OodleNetwork
LogPluginManager: Mounting plugin PerforceSourceControl
LogPluginManager: Mounting plugin NullSourceCodeAccess
LogPluginManager: Mounting plugin PlasticSourceControl
LogPluginManager: Mounting plugin PixWinPlugin
LogPluginManager: Mounting plugin PropertyAccessNode
LogPluginManager: Mounting plugin GitSourceControl
LogPluginManager: Mounting plugin PluginUtils
LogPluginManager: Mounting plugin SubversionSourceControl
LogPluginManager: Mounting plugin RiderSourceCodeAccess
LogPluginManager: Mounting plugin UObjectPlugin
LogPluginManager: Mounting plugin VisualStudioCodeSourceCodeAccess
LogPluginManager: Mounting plugin TextureFormatOodle
LogPluginManager: Mounting plugin AssetManagerEditor
LogPluginManager: Mounting plugin VisualStudioSourceCodeAccess
LogPluginManager: Mounting plugin XCodeSourceCodeAccess
LogPluginManager: Mounting plugin CurveEditorTools
LogPluginManager: Mounting plugin CryptoKeys
LogPluginManager: Mounting plugin DataValidation
LogPluginManager: Mounting plugin FacialAnimation
LogPluginManager: Mounting plugin GameplayTagsEditor
LogPluginManager: Mounting plugin MacGraphicsSwitching
LogPluginManager: Mounting plugin GeometryMode
LogPluginManager: Mounting plugin MaterialAnalyzer
LogPluginManager: Mounting plugin MobileLauncherProfileWizard
LogPluginManager: Mounting plugin PluginBrowser
LogPluginManager: Mounting plugin SpeedTreeImporter
LogPluginManager: Mounting plugin DatasmithContent
LogPluginManager: Mounting plugin VariantManagerContent
LogPluginManager: Mounting plugin AlembicImporter
LogPluginManager: Mounting plugin AutomationUtils
LogPluginManager: Mounting plugin BackChannel
LogPluginManager: Mounting plugin ChaosCloth
LogPluginManager: Mounting plugin ChaosClothEditor
LogPluginManager: Mounting plugin ChaosEditor
LogPluginManager: Mounting plugin ChaosNiagara
LogPluginManager: Mounting plugin CharacterAI
LogPluginManager: Mounting plugin ChaosSolverPlugin
LogPluginManager: Mounting plugin GeometryCache
LogPluginManager: Mounting plugin GeometryCollectionPlugin
LogPluginManager: Mounting plugin GeometryProcessing
LogPluginManager: Mounting plugin OpenImageDenoise
LogPluginManager: Mounting plugin MotoSynth
LogPluginManager: Mounting plugin PlanarCut
LogPluginManager: Mounting plugin PlatformCrypto
LogPluginManager: Mounting plugin ProxyLODPlugin
LogPluginManager: Mounting plugin PythonScriptPlugin
LogPluginManager: Mounting plugin SkeletalReduction
LogPluginManager: Mounting plugin Niagara
LogPluginManager: Mounting plugin LuminPlatformFeatures
LogPluginManager: Mounting plugin MagicLeap
LogPluginManager: Mounting plugin MagicLeapLightEstimation
LogPluginManager: Mounting plugin MagicLeapMedia
LogPluginManager: Mounting plugin MagicLeapPassableWorld
LogPluginManager: Mounting plugin MLSDK
LogPluginManager: Mounting plugin AndroidMedia
LogPluginManager: Mounting plugin AvfMedia
LogPluginManager: Mounting plugin ImgMedia
LogPluginManager: Mounting plugin MediaCompositing
LogPluginManager: Mounting plugin MediaPlayerEditor
LogPluginManager: Mounting plugin WebMMedia
LogPluginManager: Mounting plugin WmfMedia
LogPluginManager: Mounting plugin TcpMessaging
LogPluginManager: Mounting plugin ActorSequence
LogPluginManager: Mounting plugin UdpMessaging
LogPluginManager: Mounting plugin MatineeToLevelSequence
LogPluginManager: Mounting plugin LevelSequenceEditor
LogPluginManager: Mounting plugin TemplateSequence
LogPluginManager: Mounting plugin OnlineSubsystem
LogPluginManager: Mounting plugin OnlineSubsystemNull
LogPluginManager: Mounting plugin OnlineSubsystemUtils
LogPluginManager: Mounting plugin LauncherChunkInstaller
LogPluginManager: Mounting plugin ActorLayerUtilities
LogPluginManager: Mounting plugin AndroidDeviceProfileSelector
LogPluginManager: Mounting plugin AndroidMoviePlayer
LogPluginManager: Mounting plugin AndroidPermission
LogPluginManager: Mounting plugin AppleImageUtils
LogPluginManager: Mounting plugin AppleMoviePlayer
LogPluginManager: Mounting plugin ArchVisCharacter
LogPluginManager: Mounting plugin AudioCapture
LogPluginManager: Mounting plugin AssetTags
LogPluginManager: Mounting plugin CableComponent
LogPluginManager: Mounting plugin AudioSynesthesia
LogPluginManager: Mounting plugin ChunkDownloader
LogPluginManager: Mounting plugin CustomMeshComponent
LogPluginManager: Mounting plugin EditableMesh
LogPluginManager: Mounting plugin ExampleDeviceProfileSelector
LogPluginManager: Mounting plugin GoogleCloudMessaging
LogPluginManager: Mounting plugin GooglePAD
LogPluginManager: Mounting plugin IOSDeviceProfileSelector
LogPluginManager: Mounting plugin LinuxDeviceProfileSelector
LogPluginManager: Mounting plugin LocationServicesBPLibrary
LogPluginManager: Mounting plugin MobilePatchingUtils
LogPluginManager: Mounting plugin OpenXR
LogPluginManager: Mounting plugin OpenXREyeTracker
LogPluginManager: Mounting plugin OpenXRHandTracking
LogPluginManager: Mounting plugin PhysXVehicles
LogPluginManager: Mounting plugin ProceduralMeshComponent
LogPluginManager: Mounting plugin PostSplashScreen
LogPluginManager: Mounting plugin PropertyAccessEditor
LogPluginManager: Mounting plugin RuntimePhysXCooking
LogPluginManager: Mounting plugin SignificanceManager
LogPluginManager: Mounting plugin SoundFields
LogPluginManager: Mounting plugin Synthesis
LogPluginManager: Mounting plugin WebMMoviePlayer
LogPluginManager: Mounting plugin WindowsMoviePlayer
LogPluginManager: Mounting plugin ScreenshotTools
LogPluginManager: Mounting plugin Takes
LogPluginManager: Mounting plugin ContentBrowserAssetDataSource
LogPluginManager: Mounting plugin ContentBrowserClassDataSource
LogPluginManager: Mounting plugin ContentBrowserFileDataSource
LogPluginManager: Mounting plugin OnlineSubsystemGooglePlay
LogPluginManager: Mounting plugin OnlineSubsystemIOS
LogPluginManager: Mounting plugin OculusVR
LogPluginManager: Mounting plugin SteamVR
PixWinPlugin: PIX capture plugin failed to initialize! Check that the process is launched from PIX.
LogInit: Using libcurl 7.55.1-DEV
LogInit:  - built for x86_64-pc-win32
LogInit:  - supports SSL with OpenSSL/1.1.1
LogInit:  - supports HTTP deflate (compression) using libz 1.2.8
LogInit:  - other features:
LogInit:      CURL_VERSION_SSL
LogInit:      CURL_VERSION_LIBZ
LogInit:      CURL_VERSION_IPV6
LogInit:      CURL_VERSION_ASYNCHDNS
LogInit:      CURL_VERSION_LARGEFILE
LogInit:      CURL_VERSION_IDN
LogInit:  CurlRequestOptions (configurable via config and command line):
LogInit:  - bVerifyPeer = true  - Libcurl will verify peer certificate
LogInit:  - bUseHttpProxy = false  - Libcurl will NOT use HTTP proxy
LogInit:  - bDontReuseConnections = false  - Libcurl will reuse connections
LogInit:  - MaxHostConnections = 16  - Libcurl will limit the number of connections to a host
LogInit:  - LocalHostAddr = Default
LogInit:  - BufferSize = 65536
LogOnline: OSS: Creating online subsystem instance for: NULL
LogInit: WinSock: version 1.1 (2.2), MaxSocks=32767, MaxUdp=65467
LogOnline: OSS: TryLoadSubsystemAndSetDefault: Loaded subsystem for module [NULL]
LogOculusPluginWrapper: OculusPlugin initialized successfully
LogHMD: Failed initializing OVRPlugin 1.59.0
LogInit: Build: ++UE4+Release-4.27-CL-18319896
LogInit: Engine Version: 4.27.2-18319896+++UE4+Release-4.27
LogInit: Compatible Engine Version: 4.27.0-17155196+++UE4+Release-4.27
LogInit: Net CL: 17155196
LogInit: OS: Windows 10 (Release 2009) (), CPU: Intel(R) Core(TM) i5-10400 CPU @ 2.90GHz, GPU: NVIDIA GeForce GTX 1050 Ti
LogInit: Compiled (64-bit): Nov 30 2021 07:12:08
LogInit: Compiled with Visual C++: 19.24.28315.00
LogInit: Build Configuration: Development
LogInit: Branch Name: ++UE4+Release-4.27
LogInit: Command Line:  -skipcompile
LogInit: Base Directory: D:/UNREAL ENGINE/UE_4.27/Engine/Binaries/Win64/
LogInit: Allocator: TBB
LogInit: Installed Engine Build: 1
LogDevObjectVersion: Number of dev versions registered: 29
LogDevObjectVersion:   Dev-Blueprints (B0D832E4-1F89-4F0D-ACCF-7EB736FD4AA2): 10
LogDevObjectVersion:   Dev-Build (E1C64328-A22C-4D53-A36C-8E866417BD8C): 0
LogDevObjectVersion:   Dev-Core (375EC13C-06E4-48FB-B500-84F0262A717E): 4
LogDevObjectVersion:   Dev-Editor (E4B068ED-F494-42E9-A231-DA0B2E46BB41): 40
LogDevObjectVersion:   Dev-Framework (CFFC743F-43B0-4480-9391-14DF171D2073): 37
LogDevObjectVersion:   Dev-Mobile (B02B49B5-BB20-44E9-A304-32B752E40360): 3
LogDevObjectVersion:   Dev-Networking (A4E4105C-59A1-49B5-A7C5-40C4547EDFEE): 0
LogDevObjectVersion:   Dev-Online (39C831C9-5AE6-47DC-9A44-9C173E1C8E7C): 0
LogDevObjectVersion:   Dev-Physics (78F01B33-EBEA-4F98-B9B4-84EACCB95AA2): 14
LogDevObjectVersion:   Dev-Platform (6631380F-2D4D-43E0-8009-CF276956A95A): 0
LogDevObjectVersion:   Dev-Rendering (12F88B9F-8875-4AFC-A67C-D90C383ABD29): 45
LogDevObjectVersion:   Dev-Sequencer (7B5AE74C-D270-4C10-A958-57980B212A5A): 13
LogDevObjectVersion:   Dev-VR (D7296918-1DD6-4BDD-9DE2-64A83CC13884): 3
LogDevObjectVersion:   Dev-LoadTimes (C2A15278-BFE7-4AFE-6C17-90FF531DF755): 1
LogDevObjectVersion:   Private-Geometry (6EACA3D4-40EC-4CC1-B786-8BED09428FC5): 3
LogDevObjectVersion:   Dev-AnimPhys (29E575DD-E0A3-4627-9D10-D276232CDCEA): 17
LogDevObjectVersion:   Dev-Anim (AF43A65D-7FD3-4947-9873-3E8ED9C1BB05): 15
LogDevObjectVersion:   Dev-ReflectionCapture (6B266CEC-1EC7-4B8F-A30B-E4D90942FC07): 1
LogDevObjectVersion:   Dev-Automation (0DF73D61-A23F-47EA-B727-89E90C41499A): 1
LogDevObjectVersion:   FortniteMain (601D1886-AC64-4F84-AA16-D3DE0DEAC7D6): 47
LogDevObjectVersion:   FortniteRelease (E7086368-6B23-4C58-8439-1B7016265E91): 1
LogDevObjectVersion:   Dev-Enterprise (9DFFBCD6-494F-0158-E221-12823C92A888): 10
LogDevObjectVersion:   Dev-Niagara (F2AED0AC-9AFE-416F-8664-AA7FFA26D6FC): 1
LogDevObjectVersion:   Dev-Destruction (174F1F0B-B4C6-45A5-B13F-2EE8D0FB917D): 10
LogDevObjectVersion:   Dev-Physics-Ext (35F94A83-E258-406C-A318-09F59610247C): 41
LogDevObjectVersion:   Dev-PhysicsMaterial-Chaos (B68FC16E-8B1B-42E2-B453-215C058844FE): 1
LogDevObjectVersion:   Dev-CineCamera (B2E18506-4273-CFC2-A54E-F4BB758BBA07): 1
LogDevObjectVersion:   Dev-VirtualProduction (64F58936-FD1B-42BA-BA96-7289D5D0FA4E): 1
LogDevObjectVersion:   Dev-MediaFramework (6F0ED827-A609-4895-9C91-998D90180EA4): 2
LogInit: Presizing for max 25165824 objects, including 0 objects not considered by GC, pre-allocating 0 bytes for permanent pool.
LogConfig: Applying CVar settings from Section [/Script/Engine.StreamingSettings] File [D:/UNREAL ENGINE/UNREAL PROJECT/CookBook_Ch4/Saved/Config/Windows/Engine.ini]
LogConfig: Setting CVar [[s.MinBulkDataSizeForAsyncLoading:131072]]
LogConfig: Setting CVar [[s.AsyncLoadingThreadEnabled:0]]
LogConfig: Setting CVar [[s.EventDrivenLoaderEnabled:1]]
LogConfig: Setting CVar [[s.WarnIfTimeLimitExceeded:0]]
LogConfig: Setting CVar [[s.TimeLimitExceededMultiplier:1.5]]
LogConfig: Setting CVar [[s.TimeLimitExceededMinTime:0.005]]
LogConfig: Setting CVar [[s.UseBackgroundLevelStreaming:1]]
LogConfig: Setting CVar [[s.PriorityAsyncLoadingExtraTime:15.0]]
LogConfig: Setting CVar [[s.LevelStreamingActorsUpdateTimeLimit:5.0]]
LogConfig: Setting CVar [[s.PriorityLevelStreamingActorsUpdateExtraTime:5.0]]
LogConfig: Setting CVar [[s.LevelStreamingComponentsRegistrationGranularity:10]]
LogConfig: Setting CVar [[s.UnregisterComponentsTimeLimit:1.0]]
LogConfig: Setting CVar [[s.LevelStreamingComponentsUnregistrationGranularity:5]]
LogConfig: Setting CVar [[s.FlushStreamingOnExit:1]]
LogInit: Object subsystem initialized
LogConfig: Setting CVar [[con.DebugEarlyDefault:1]]
LogConfig: Setting CVar [[r.setres:1280x720]]
[2022.05.10-06.56.17:041][  0]LogConfig: Setting CVar [[r.VSync:0]]
[2022.05.10-06.56.17:041][  0]LogConfig: Setting CVar [[r.RHICmdBypass:0]]
[2022.05.10-06.56.17:041][  0]LogConfig: Applying CVar settings from Section [/Script/Engine.RendererSettings] File [D:/UNREAL ENGINE/UNREAL PROJECT/CookBook_Ch4/Saved/Config/Windows/Engine.ini]
[2022.05.10-06.56.17:041][  0]LogConfig: Setting CVar [[r.GPUCrashDebugging:0]]
[2022.05.10-06.56.17:041][  0]LogConfig: Applying CVar settings from Section [/Script/Engine.RendererOverrideSettings] File [D:/UNREAL ENGINE/UNREAL PROJECT/CookBook_Ch4/Saved/Config/Windows/Engine.ini]
[2022.05.10-06.56.17:041][  0]LogConfig: Applying CVar settings from Section [/Script/Engine.StreamingSettings] File [D:/UNREAL ENGINE/UNREAL PROJECT/CookBook_Ch4/Saved/Config/Windows/Engine.ini]
[2022.05.10-06.56.17:041][  0]LogConfig: Setting CVar [[s.MinBulkDataSizeForAsyncLoading:131072]]
[2022.05.10-06.56.17:041][  0]LogConfig: Setting CVar [[s.AsyncLoadingThreadEnabled:0]]
[2022.05.10-06.56.17:042][  0]LogConfig: Setting CVar [[s.EventDrivenLoaderEnabled:1]]
[2022.05.10-06.56.17:042][  0]LogConfig: Setting CVar [[s.WarnIfTimeLimitExceeded:0]]
[2022.05.10-06.56.17:042][  0]LogConfig: Setting CVar [[s.TimeLimitExceededMultiplier:1.5]]
[2022.05.10-06.56.17:042][  0]LogConfig: Setting CVar [[s.TimeLimitExceededMinTime:0.005]]
[2022.05.10-06.56.17:042][  0]LogConfig: Setting CVar [[s.UseBackgroundLevelStreaming:1]]
[2022.05.10-06.56.17:042][  0]LogConfig: Setting CVar [[s.PriorityAsyncLoadingExtraTime:15.0]]
[2022.05.10-06.56.17:042][  0]LogConfig: Setting CVar [[s.LevelStreamingActorsUpdateTimeLimit:5.0]]
[2022.05.10-06.56.17:042][  0]LogConfig: Setting CVar [[s.PriorityLevelStreamingActorsUpdateExtraTime:5.0]]
[2022.05.10-06.56.17:042][  0]LogConfig: Setting CVar [[s.LevelStreamingComponentsRegistrationGranularity:10]]
[2022.05.10-06.56.17:042][  0]LogConfig: Setting CVar [[s.UnregisterComponentsTimeLimit:1.0]]
[2022.05.10-06.56.17:042][  0]LogConfig: Setting CVar [[s.LevelStreamingComponentsUnregistrationGranularity:5]]
[2022.05.10-06.56.17:042][  0]LogConfig: Setting CVar [[s.FlushStreamingOnExit:1]]
[2022.05.10-06.56.17:042][  0]LogConfig: Applying CVar settings from Section [/Script/Engine.GarbageCollectionSettings] File [D:/UNREAL ENGINE/UNREAL PROJECT/CookBook_Ch4/Saved/Config/Windows/Engine.ini]
[2022.05.10-06.56.17:042][  0]LogConfig: Setting CVar [[gc.MaxObjectsNotConsideredByGC:1]]
[2022.05.10-06.56.17:042][  0]LogConfig: Setting CVar [[gc.SizeOfPermanentObjectPool:0]]
[2022.05.10-06.56.17:042][  0]LogConfig: Setting CVar [[gc.FlushStreamingOnGC:0]]
[2022.05.10-06.56.17:042][  0]LogConfig: Setting CVar [[gc.NumRetriesBeforeForcingGC:10]]
[2022.05.10-06.56.17:042][  0]LogConfig: Setting CVar [[gc.AllowParallelGC:1]]
[2022.05.10-06.56.17:042][  0]LogConfig: Setting CVar [[gc.TimeBetweenPurgingPendingKillObjects:61.1]]
[2022.05.10-06.56.17:042][  0]LogConfig: Setting CVar [[gc.MaxObjectsInEditor:25165824]]
[2022.05.10-06.56.17:042][  0]LogConfig: Setting CVar [[gc.IncrementalBeginDestroyEnabled:1]]
[2022.05.10-06.56.17:042][  0]LogConfig: Setting CVar [[gc.CreateGCClusters:1]]
[2022.05.10-06.56.17:042][  0]LogConfig: Setting CVar [[gc.MinGCClusterSize:5]]
[2022.05.10-06.56.17:042][  0]LogConfig: Setting CVar [[gc.ActorClusteringEnabled:0]]
[2022.05.10-06.56.17:042][  0]LogConfig: Setting CVar [[gc.BlueprintClusteringEnabled:0]]
[2022.05.10-06.56.17:042][  0]LogConfig: Setting CVar [[gc.UseDisregardForGCOnDedicatedServers:0]]
[2022.05.10-06.56.17:043][  0]LogConfig: Setting CVar [[gc.MultithreadedDestructionEnabled:1]]
[2022.05.10-06.56.17:043][  0]LogConfig: Applying CVar settings from Section [/Script/Engine.NetworkSettings] File [D:/UNREAL ENGINE/UNREAL PROJECT/CookBook_Ch4/Saved/Config/Windows/Engine.ini]
[2022.05.10-06.56.17:043][  0]LogConfig: Applying CVar settings from Section [/Script/UnrealEd.CookerSettings] File [D:/UNREAL ENGINE/UNREAL PROJECT/CookBook_Ch4/Saved/Config/Windows/Engine.ini]
[2022.05.10-06.56.17:049][  0]LogConfig: Applying CVar settings from Section [ViewDistanceQuality@3] File [D:/UNREAL ENGINE/UNREAL PROJECT/CookBook_Ch4/Saved/Config/Windows/Scalability.ini]
[2022.05.10-06.56.17:050][  0]LogConfig: Setting CVar [[r.SkeletalMeshLODBias:0]]
[2022.05.10-06.56.17:050][  0]LogConfig: Setting CVar [[r.ViewDistanceScale:1.0]]
[2022.05.10-06.56.17:050][  0]LogConfig: Applying CVar settings from Section [AntiAliasingQuality@3] File [D:/UNREAL ENGINE/UNREAL PROJECT/CookBook_Ch4/Saved/Config/Windows/Scalability.ini]
[2022.05.10-06.56.17:050][  0]LogConfig: Setting CVar [[r.PostProcessAAQuality:4]]
[2022.05.10-06.56.17:050][  0]LogConfig: Applying CVar settings from Section [ShadowQuality@3] File [D:/UNREAL ENGINE/UNREAL PROJECT/CookBook_Ch4/Saved/Config/Windows/Scalability.ini]
[2022.05.10-06.56.17:050][  0]LogConfig: Setting CVar [[r.LightFunctionQuality:1]]
[2022.05.10-06.56.17:050][  0]LogConfig: Setting CVar [[r.ShadowQuality:5]]
[2022.05.10-06.56.17:050][  0]LogConfig: Setting CVar [[r.Shadow.CSM.MaxCascades:10]]
[2022.05.10-06.56.17:050][  0]LogConfig: Setting CVar [[r.Shadow.MaxResolution:2048]]
[2022.05.10-06.56.17:050][  0]LogConfig: Setting CVar [[r.Shadow.MaxCSMResolution:2048]]
[2022.05.10-06.56.17:050][  0]LogConfig: Setting CVar [[r.Shadow.RadiusThreshold:0.01]]
[2022.05.10-06.56.17:050][  0]LogConfig: Setting CVar [[r.Shadow.DistanceScale:1.0]]
[2022.05.10-06.56.17:050][  0]LogConfig: Setting CVar [[r.Shadow.CSM.TransitionScale:1.0]]
[2022.05.10-06.56.17:050][  0]LogConfig: Setting CVar [[r.Shadow.PreShadowResolutionFactor:1.0]]
[2022.05.10-06.56.17:050][  0]LogConfig: Setting CVar [[r.DistanceFieldShadowing:1]]
[2022.05.10-06.56.17:050][  0]LogConfig: Setting CVar [[r.DistanceFieldAO:1]]
[2022.05.10-06.56.17:050][  0]LogConfig: Setting CVar [[r.AOQuality:2]]
[2022.05.10-06.56.17:050][  0]LogConfig: Setting CVar [[r.VolumetricFog:1]]
[2022.05.10-06.56.17:050][  0]LogConfig: Setting CVar [[r.VolumetricFog.GridPixelSize:8]]
[2022.05.10-06.56.17:050][  0]LogConfig: Setting CVar [[r.VolumetricFog.GridSizeZ:128]]
[2022.05.10-06.56.17:050][  0]LogConfig: Setting CVar [[r.VolumetricFog.HistoryMissSupersampleCount:4]]
[2022.05.10-06.56.17:050][  0]LogConfig: Setting CVar [[r.LightMaxDrawDistanceScale:1]]
[2022.05.10-06.56.17:050][  0]LogConfig: Setting CVar [[r.CapsuleShadows:1]]
[2022.05.10-06.56.17:050][  0]LogConfig: Applying CVar settings from Section [PostProcessQuality@3] File [D:/UNREAL ENGINE/UNREAL PROJECT/CookBook_Ch4/Saved/Config/Windows/Scalability.ini]
[2022.05.10-06.56.17:051][  0]LogConfig: Setting CVar [[r.MotionBlurQuality:4]]
[2022.05.10-06.56.17:051][  0]LogConfig: Setting CVar [[r.AmbientOcclusionMipLevelFactor:0.4]]
[2022.05.10-06.56.17:051][  0]LogConfig: Setting CVar [[r.AmbientOcclusionMaxQuality:100]]
[2022.05.10-06.56.17:051][  0]LogConfig: Setting CVar [[r.AmbientOcclusionLevels:-1]]
[2022.05.10-06.56.17:051][  0]LogConfig: Setting CVar [[r.AmbientOcclusionRadiusScale:1.0]]
[2022.05.10-06.56.17:051][  0]LogConfig: Setting CVar [[r.DepthOfFieldQuality:2]]
[2022.05.10-06.56.17:051][  0]LogConfig: Setting CVar [[r.RenderTargetPoolMin:400]]
[2022.05.10-06.56.17:051][  0]LogConfig: Setting CVar [[r.LensFlareQuality:2]]
[2022.05.10-06.56.17:051][  0]LogConfig: Setting CVar [[r.SceneColorFringeQuality:1]]
[2022.05.10-06.56.17:051][  0]LogConfig: Setting CVar [[r.EyeAdaptationQuality:2]]
[2022.05.10-06.56.17:051][  0]LogConfig: Setting CVar [[r.BloomQuality:5]]
[2022.05.10-06.56.17:051][  0]LogConfig: Setting CVar [[r.FastBlurThreshold:100]]
[2022.05.10-06.56.17:051][  0]LogConfig: Setting CVar [[r.Upscale.Quality:3]]
[2022.05.10-06.56.17:051][  0]LogConfig: Setting CVar [[r.Tonemapper.GrainQuantization:1]]
[2022.05.10-06.56.17:051][  0]LogConfig: Setting CVar [[r.LightShaftQuality:1]]
[2022.05.10-06.56.17:051][  0]LogConfig: Setting CVar [[r.Filter.SizeScale:1]]
[2022.05.10-06.56.17:051][  0]LogConfig: Setting CVar [[r.Tonemapper.Quality:5]]
[2022.05.10-06.56.17:051][  0]LogConfig: Setting CVar [[r.DOF.Gather.AccumulatorQuality:1        ; higher gathering accumulator quality]]
[2022.05.10-06.56.17:051][  0]LogConfig: Setting CVar [[r.DOF.Gather.PostfilterMethod:1          ; Median3x3 postfilering method]]
[2022.05.10-06.56.17:051][  0]LogConfig: Setting CVar [[r.DOF.Gather.EnableBokehSettings:0       ; no bokeh simulation when gathering]]
[2022.05.10-06.56.17:051][  0]LogConfig: Setting CVar [[r.DOF.Gather.RingCount:4                 ; medium number of samples when gathering]]
[2022.05.10-06.56.17:051][  0]LogConfig: Setting CVar [[r.DOF.Scatter.ForegroundCompositing:1    ; additive foreground scattering]]
[2022.05.10-06.56.17:052][  0]LogConfig: Setting CVar [[r.DOF.Scatter.BackgroundCompositing:2    ; additive background scattering]]
[2022.05.10-06.56.17:052][  0]LogConfig: Setting CVar [[r.DOF.Scatter.EnableBokehSettings:1      ; bokeh simulation when scattering]]
[2022.05.10-06.56.17:052][  0]LogConfig: Setting CVar [[r.DOF.Scatter.MaxSpriteRatio:0.1         ; only a maximum of 10% of scattered bokeh]]
[2022.05.10-06.56.17:052][  0]LogConfig: Setting CVar [[r.DOF.Recombine.Quality:1                ; cheap slight out of focus]]
[2022.05.10-06.56.17:052][  0]LogConfig: Setting CVar [[r.DOF.Recombine.EnableBokehSettings:0    ; no bokeh simulation on slight out of focus]]
[2022.05.10-06.56.17:052][  0]LogConfig: Setting CVar [[r.DOF.TemporalAAQuality:1                ; more stable temporal accumulation]]
[2022.05.10-06.56.17:052][  0]LogConfig: Setting CVar [[r.DOF.Kernel.MaxForegroundRadius:0.025]]
[2022.05.10-06.56.17:052][  0]LogConfig: Setting CVar [[r.DOF.Kernel.MaxBackgroundRadius:0.025]]
[2022.05.10-06.56.17:052][  0]LogConfig: Applying CVar settings from Section [TextureQuality@3] File [D:/UNREAL ENGINE/UNREAL PROJECT/CookBook_Ch4/Saved/Config/Windows/Scalability.ini]
[2022.05.10-06.56.17:052][  0]LogConfig: Setting CVar [[r.Streaming.MipBias:0]]
[2022.05.10-06.56.17:052][  0]LogConfig: Setting CVar [[r.Streaming.AmortizeCPUToGPUCopy:0]]
[2022.05.10-06.56.17:052][  0]LogConfig: Setting CVar [[r.Streaming.MaxNumTexturesToStreamPerFrame:0]]
[2022.05.10-06.56.17:052][  0]LogConfig: Setting CVar [[r.Streaming.Boost:1]]
[2022.05.10-06.56.17:052][  0]LogConfig: Setting CVar [[r.MaxAnisotropy:8]]
[2022.05.10-06.56.17:052][  0]LogConfig: Setting CVar [[r.VT.MaxAnisotropy:8]]
[2022.05.10-06.56.17:052][  0]LogConfig: Setting CVar [[r.Streaming.LimitPoolSizeToVRAM:0]]
[2022.05.10-06.56.17:052][  0]LogConfig: Setting CVar [[r.Streaming.PoolSize:1000]]
[2022.05.10-06.56.17:052][  0]LogConfig: Setting CVar [[r.Streaming.MaxEffectiveScreenSize:0]]
[2022.05.10-06.56.17:052][  0]LogConfig: Applying CVar settings from Section [EffectsQuality@3] File [D:/UNREAL ENGINE/UNREAL PROJECT/CookBook_Ch4/Saved/Config/Windows/Scalability.ini]
[2022.05.10-06.56.17:052][  0]LogConfig: Setting CVar [[r.TranslucencyLightingVolumeDim:64]]
[2022.05.10-06.56.17:052][  0]LogConfig: Setting CVar [[r.RefractionQuality:2]]
[2022.05.10-06.56.17:052][  0]LogConfig: Setting CVar [[r.SSR.Quality:3]]
[2022.05.10-06.56.17:052][  0]LogConfig: Setting CVar [[r.SSR.HalfResSceneColor:0]]
[2022.05.10-06.56.17:052][  0]LogConfig: Setting CVar [[r.SceneColorFormat:4]]
[2022.05.10-06.56.17:052][  0]LogConfig: Setting CVar [[r.DetailMode:2]]
[2022.05.10-06.56.17:052][  0]LogConfig: Setting CVar [[r.TranslucencyVolumeBlur:1]]
[2022.05.10-06.56.17:053][  0]LogConfig: Setting CVar [[r.MaterialQualityLevel:1 ; High quality]]
[2022.05.10-06.56.17:053][  0]LogConfig: Setting CVar [[r.AnisotropicMaterials:1]]
[2022.05.10-06.56.17:053][  0]LogConfig: Setting CVar [[r.SSS.Scale:1]]
[2022.05.10-06.56.17:053][  0]LogConfig: Setting CVar [[r.SSS.SampleSet:2]]
[2022.05.10-06.56.17:053][  0]LogConfig: Setting CVar [[r.SSS.Quality:1]]
[2022.05.10-06.56.17:053][  0]LogConfig: Setting CVar [[r.SSS.HalfRes:0]]
[2022.05.10-06.56.17:053][  0]LogConfig: Setting CVar [[r.SSGI.Quality:3]]
[2022.05.10-06.56.17:053][  0]LogConfig: Setting CVar [[r.EmitterSpawnRateScale:1.0]]
[2022.05.10-06.56.17:053][  0]LogConfig: Setting CVar [[r.ParticleLightQuality:2]]
[2022.05.10-06.56.17:053][  0]LogConfig: Setting CVar [[r.SkyAtmosphere.AerialPerspectiveLUT.FastApplyOnOpaque:1 ; Always have FastSkyLUT 1 in this case to avoid wrong sky]]
[2022.05.10-06.56.17:053][  0]LogConfig: Setting CVar [[r.SkyAtmosphere.AerialPerspectiveLUT.SampleCountMaxPerSlice:4]]
[2022.05.10-06.56.17:053][  0]LogConfig: Setting CVar [[r.SkyAtmosphere.AerialPerspectiveLUT.DepthResolution:16.0]]
[2022.05.10-06.56.17:053][  0]LogConfig: Setting CVar [[r.SkyAtmosphere.FastSkyLUT:1]]
[2022.05.10-06.56.17:053][  0]LogConfig: Setting CVar [[r.SkyAtmosphere.FastSkyLUT.SampleCountMin:4.0]]
[2022.05.10-06.56.17:053][  0]LogConfig: Setting CVar [[r.SkyAtmosphere.FastSkyLUT.SampleCountMax:128.0]]
[2022.05.10-06.56.17:053][  0]LogConfig: Setting CVar [[r.SkyAtmosphere.SampleCountMin:4.0]]
[2022.05.10-06.56.17:053][  0]LogConfig: Setting CVar [[r.SkyAtmosphere.SampleCountMax:128.0]]
[2022.05.10-06.56.17:053][  0]LogConfig: Setting CVar [[r.SkyAtmosphere.TransmittanceLUT.UseSmallFormat:0]]
[2022.05.10-06.56.17:053][  0]LogConfig: Setting CVar [[r.SkyAtmosphere.TransmittanceLUT.SampleCount:10.0]]
[2022.05.10-06.56.17:053][  0]LogConfig: Setting CVar [[r.SkyAtmosphere.MultiScatteringLUT.SampleCount:15.0]]
[2022.05.10-06.56.17:053][  0]LogConfig: Setting CVar [[r.SkyLight.RealTimeReflectionCapture:1]]
[2022.05.10-06.56.17:053][  0]LogConfig: Applying CVar settings from Section [FoliageQuality@3] File [D:/UNREAL ENGINE/UNREAL PROJECT/CookBook_Ch4/Saved/Config/Windows/Scalability.ini]
[2022.05.10-06.56.17:053][  0]LogConfig: Setting CVar [[foliage.DensityScale:1.0]]
[2022.05.10-06.56.17:053][  0]LogConfig: Setting CVar [[grass.DensityScale:1.0]]
[2022.05.10-06.56.17:053][  0]LogConfig: Applying CVar settings from Section [ShadingQuality@3] File [D:/UNREAL ENGINE/UNREAL PROJECT/CookBook_Ch4/Saved/Config/Windows/Scalability.ini]
[2022.05.10-06.56.17:053][  0]LogConfig: Setting CVar [[r.HairStrands.SkyLighting.IntegrationType:2]]
[2022.05.10-06.56.17:053][  0]LogConfig: Setting CVar [[r.HairStrands.SkyAO.SampleCount:4]]
[2022.05.10-06.56.17:054][  0]LogConfig: Setting CVar [[r.HairStrands.Visibility.MSAA.SamplePerPixel:4]]
[2022.05.10-06.56.17:054][  0]LogInit: Selected Device Profile: [Windows]
[2022.05.10-06.56.17:054][  0]LogInit: Applying CVar settings loaded from the selected device profile: [Windows]
[2022.05.10-06.56.17:054][  0]LogHAL: Display: Platform has ~ 16 GB [17106997248 / 17179869184 / 16], which maps to Larger [LargestMinGB=32, LargerMinGB=12, DefaultMinGB=8, SmallerMinGB=6, SmallestMinGB=0)
[2022.05.10-06.56.17:054][  0]LogInit: Going up to parent DeviceProfile []
[2022.05.10-06.56.17:054][  0]LogConfig: Applying CVar settings from Section [ViewDistanceQuality@3] File [D:/UNREAL ENGINE/UNREAL PROJECT/CookBook_Ch4/Saved/Config/Windows/Scalability.ini]
[2022.05.10-06.56.17:054][  0]LogConfig: Setting CVar [[r.SkeletalMeshLODBias:0]]
[2022.05.10-06.56.17:054][  0]LogConfig: Setting CVar [[r.ViewDistanceScale:1.0]]
[2022.05.10-06.56.17:054][  0]LogConfig: Applying CVar settings from Section [AntiAliasingQuality@3] File [D:/UNREAL ENGINE/UNREAL PROJECT/CookBook_Ch4/Saved/Config/Windows/Scalability.ini]
[2022.05.10-06.56.17:054][  0]LogConfig: Setting CVar [[r.PostProcessAAQuality:4]]
[2022.05.10-06.56.17:054][  0]LogConfig: Applying CVar settings from Section [ShadowQuality@3] File [D:/UNREAL ENGINE/UNREAL PROJECT/CookBook_Ch4/Saved/Config/Windows/Scalability.ini]
[2022.05.10-06.56.17:054][  0]LogConfig: Setting CVar [[r.LightFunctionQuality:1]]
[2022.05.10-06.56.17:054][  0]LogConfig: Setting CVar [[r.ShadowQuality:5]]
[2022.05.10-06.56.17:054][  0]LogConfig: Setting CVar [[r.Shadow.CSM.MaxCascades:10]]
[2022.05.10-06.56.17:054][  0]LogConfig: Setting CVar [[r.Shadow.MaxResolution:2048]]
[2022.05.10-06.56.17:054][  0]LogConfig: Setting CVar [[r.Shadow.MaxCSMResolution:2048]]
[2022.05.10-06.56.17:054][  0]LogConfig: Setting CVar [[r.Shadow.RadiusThreshold:0.01]]
[2022.05.10-06.56.17:054][  0]LogConfig: Setting CVar [[r.Shadow.DistanceScale:1.0]]
[2022.05.10-06.56.17:054][  0]LogConfig: Setting CVar [[r.Shadow.CSM.TransitionScale:1.0]]
[2022.05.10-06.56.17:054][  0]LogConfig: Setting CVar [[r.Shadow.PreShadowResolutionFactor:1.0]]
[2022.05.10-06.56.17:054][  0]LogConfig: Setting CVar [[r.DistanceFieldShadowing:1]]
[2022.05.10-06.56.17:054][  0]LogConfig: Setting CVar [[r.DistanceFieldAO:1]]
[2022.05.10-06.56.17:054][  0]LogConfig: Setting CVar [[r.AOQuality:2]]
[2022.05.10-06.56.17:054][  0]LogConfig: Setting CVar [[r.VolumetricFog:1]]
[2022.05.10-06.56.17:054][  0]LogConfig: Setting CVar [[r.VolumetricFog.GridPixelSize:8]]
[2022.05.10-06.56.17:055][  0]LogConfig: Setting CVar [[r.VolumetricFog.GridSizeZ:128]]
[2022.05.10-06.56.17:055][  0]LogConfig: Setting CVar [[r.VolumetricFog.HistoryMissSupersampleCount:4]]
[2022.05.10-06.56.17:055][  0]LogConfig: Setting CVar [[r.LightMaxDrawDistanceScale:1]]
[2022.05.10-06.56.17:055][  0]LogConfig: Setting CVar [[r.CapsuleShadows:1]]
[2022.05.10-06.56.17:055][  0]LogConfig: Applying CVar settings from Section [PostProcessQuality@3] File [D:/UNREAL ENGINE/UNREAL PROJECT/CookBook_Ch4/Saved/Config/Windows/Scalability.ini]
[2022.05.10-06.56.17:055][  0]LogConfig: Setting CVar [[r.MotionBlurQuality:4]]
[2022.05.10-06.56.17:055][  0]LogConfig: Setting CVar [[r.AmbientOcclusionMipLevelFactor:0.4]]
[2022.05.10-06.56.17:055][  0]LogConfig: Setting CVar [[r.AmbientOcclusionMaxQuality:100]]
[2022.05.10-06.56.17:055][  0]LogConfig: Setting CVar [[r.AmbientOcclusionLevels:-1]]
[2022.05.10-06.56.17:055][  0]LogConfig: Setting CVar [[r.AmbientOcclusionRadiusScale:1.0]]
[2022.05.10-06.56.17:055][  0]LogConfig: Setting CVar [[r.DepthOfFieldQuality:2]]
[2022.05.10-06.56.17:055][  0]LogConfig: Setting CVar [[r.RenderTargetPoolMin:400]]
[2022.05.10-06.56.17:055][  0]LogConfig: Setting CVar [[r.LensFlareQuality:2]]
[2022.05.10-06.56.17:055][  0]LogConfig: Setting CVar [[r.SceneColorFringeQuality:1]]
[2022.05.10-06.56.17:055][  0]LogConfig: Setting CVar [[r.EyeAdaptationQuality:2]]
[2022.05.10-06.56.17:055][  0]LogConfig: Setting CVar [[r.BloomQuality:5]]
[2022.05.10-06.56.17:055][  0]LogConfig: Setting CVar [[r.FastBlurThreshold:100]]
[2022.05.10-06.56.17:055][  0]LogConfig: Setting CVar [[r.Upscale.Quality:3]]
[2022.05.10-06.56.17:055][  0]LogConfig: Setting CVar [[r.Tonemapper.GrainQuantization:1]]
[2022.05.10-06.56.17:055][  0]LogConfig: Setting CVar [[r.LightShaftQuality:1]]
[2022.05.10-06.56.17:055][  0]LogConfig: Setting CVar [[r.Filter.SizeScale:1]]
[2022.05.10-06.56.17:055][  0]LogConfig: Setting CVar [[r.Tonemapper.Quality:5]]
[2022.05.10-06.56.17:055][  0]LogConfig: Setting CVar [[r.DOF.Gather.AccumulatorQuality:1        ; higher gathering accumulator quality]]
[2022.05.10-06.56.17:055][  0]LogConfig: Setting CVar [[r.DOF.Gather.PostfilterMethod:1          ; Median3x3 postfilering method]]
[2022.05.10-06.56.17:055][  0]LogConfig: Setting CVar [[r.DOF.Gather.EnableBokehSettings:0       ; no bokeh simulation when gathering]]
[2022.05.10-06.56.17:055][  0]LogConfig: Setting CVar [[r.DOF.Gather.RingCount:4                 ; medium number of samples when gathering]]
[2022.05.10-06.56.17:056][  0]LogConfig: Setting CVar [[r.DOF.Scatter.ForegroundCompositing:1    ; additive foreground scattering]]
[2022.05.10-06.56.17:056][  0]LogConfig: Setting CVar [[r.DOF.Scatter.BackgroundCompositing:2    ; additive background scattering]]
[2022.05.10-06.56.17:056][  0]LogConfig: Setting CVar [[r.DOF.Scatter.EnableBokehSettings:1      ; bokeh simulation when scattering]]
[2022.05.10-06.56.17:056][  0]LogConfig: Setting CVar [[r.DOF.Scatter.MaxSpriteRatio:0.1         ; only a maximum of 10% of scattered bokeh]]
[2022.05.10-06.56.17:056][  0]LogConfig: Setting CVar [[r.DOF.Recombine.Quality:1                ; cheap slight out of focus]]
[2022.05.10-06.56.17:056][  0]LogConfig: Setting CVar [[r.DOF.Recombine.EnableBokehSettings:0    ; no bokeh simulation on slight out of focus]]
[2022.05.10-06.56.17:056][  0]LogConfig: Setting CVar [[r.DOF.TemporalAAQuality:1                ; more stable temporal accumulation]]
[2022.05.10-06.56.17:056][  0]LogConfig: Setting CVar [[r.DOF.Kernel.MaxForegroundRadius:0.025]]
[2022.05.10-06.56.17:056][  0]LogConfig: Setting CVar [[r.DOF.Kernel.MaxBackgroundRadius:0.025]]
[2022.05.10-06.56.17:056][  0]LogConfig: Applying CVar settings from Section [TextureQuality@3] File [D:/UNREAL ENGINE/UNREAL PROJECT/CookBook_Ch4/Saved/Config/Windows/Scalability.ini]
[2022.05.10-06.56.17:056][  0]LogConfig: Setting CVar [[r.Streaming.MipBias:0]]
[2022.05.10-06.56.17:056][  0]LogConfig: Setting CVar [[r.Streaming.AmortizeCPUToGPUCopy:0]]
[2022.05.10-06.56.17:056][  0]LogConfig: Setting CVar [[r.Streaming.MaxNumTexturesToStreamPerFrame:0]]
[2022.05.10-06.56.17:056][  0]LogConfig: Setting CVar [[r.Streaming.Boost:1]]
[2022.05.10-06.56.17:056][  0]LogConfig: Setting CVar [[r.MaxAnisotropy:8]]
[2022.05.10-06.56.17:056][  0]LogConfig: Setting CVar [[r.VT.MaxAnisotropy:8]]
[2022.05.10-06.56.17:056][  0]LogConfig: Setting CVar [[r.Streaming.LimitPoolSizeToVRAM:0]]
[2022.05.10-06.56.17:056][  0]LogConfig: Setting CVar [[r.Streaming.PoolSize:1000]]
[2022.05.10-06.56.17:056][  0]LogConfig: Setting CVar [[r.Streaming.MaxEffectiveScreenSize:0]]
[2022.05.10-06.56.17:056][  0]LogConfig: Applying CVar settings from Section [EffectsQuality@3] File [D:/UNREAL ENGINE/UNREAL PROJECT/CookBook_Ch4/Saved/Config/Windows/Scalability.ini]
[2022.05.10-06.56.17:056][  0]LogConfig: Setting CVar [[r.TranslucencyLightingVolumeDim:64]]
[2022.05.10-06.56.17:056][  0]LogConfig: Setting CVar [[r.RefractionQuality:2]]
[2022.05.10-06.56.17:056][  0]LogConfig: Setting CVar [[r.SSR.Quality:3]]
[2022.05.10-06.56.17:056][  0]LogConfig: Setting CVar [[r.SSR.HalfResSceneColor:0]]
[2022.05.10-06.56.17:056][  0]LogConfig: Setting CVar [[r.SceneColorFormat:4]]
[2022.05.10-06.56.17:056][  0]LogConfig: Setting CVar [[r.DetailMode:2]]
[2022.05.10-06.56.17:056][  0]LogConfig: Setting CVar [[r.TranslucencyVolumeBlur:1]]
[2022.05.10-06.56.17:056][  0]LogConfig: Setting CVar [[r.MaterialQualityLevel:1 ; High quality]]
[2022.05.10-06.56.17:057][  0]LogConfig: Setting CVar [[r.AnisotropicMaterials:1]]
[2022.05.10-06.56.17:057][  0]LogConfig: Setting CVar [[r.SSS.Scale:1]]
[2022.05.10-06.56.17:057][  0]LogConfig: Setting CVar [[r.SSS.SampleSet:2]]
[2022.05.10-06.56.17:057][  0]LogConfig: Setting CVar [[r.SSS.Quality:1]]
[2022.05.10-06.56.17:057][  0]LogConfig: Setting CVar [[r.SSS.HalfRes:0]]
[2022.05.10-06.56.17:057][  0]LogConfig: Setting CVar [[r.SSGI.Quality:3]]
[2022.05.10-06.56.17:057][  0]LogConfig: Setting CVar [[r.EmitterSpawnRateScale:1.0]]
[2022.05.10-06.56.17:057][  0]LogConfig: Setting CVar [[r.ParticleLightQuality:2]]
[2022.05.10-06.56.17:057][  0]LogConfig: Setting CVar [[r.SkyAtmosphere.AerialPerspectiveLUT.FastApplyOnOpaque:1 ; Always have FastSkyLUT 1 in this case to avoid wrong sky]]
[2022.05.10-06.56.17:057][  0]LogConfig: Setting CVar [[r.SkyAtmosphere.AerialPerspectiveLUT.SampleCountMaxPerSlice:4]]
[2022.05.10-06.56.17:057][  0]LogConfig: Setting CVar [[r.SkyAtmosphere.AerialPerspectiveLUT.DepthResolution:16.0]]
[2022.05.10-06.56.17:057][  0]LogConfig: Setting CVar [[r.SkyAtmosphere.FastSkyLUT:1]]
[2022.05.10-06.56.17:057][  0]LogConfig: Setting CVar [[r.SkyAtmosphere.FastSkyLUT.SampleCountMin:4.0]]
[2022.05.10-06.56.17:057][  0]LogConfig: Setting CVar [[r.SkyAtmosphere.FastSkyLUT.SampleCountMax:128.0]]
[2022.05.10-06.56.17:057][  0]LogConfig: Setting CVar [[r.SkyAtmosphere.SampleCountMin:4.0]]
[2022.05.10-06.56.17:057][  0]LogConfig: Setting CVar [[r.SkyAtmosphere.SampleCountMax:128.0]]
[2022.05.10-06.56.17:057][  0]LogConfig: Setting CVar [[r.SkyAtmosphere.TransmittanceLUT.UseSmallFormat:0]]
[2022.05.10-06.56.17:057][  0]LogConfig: Setting CVar [[r.SkyAtmosphere.TransmittanceLUT.SampleCount:10.0]]
[2022.05.10-06.56.17:057][  0]LogConfig: Setting CVar [[r.SkyAtmosphere.MultiScatteringLUT.SampleCount:15.0]]
[2022.05.10-06.56.17:057][  0]LogConfig: Setting CVar [[r.SkyLight.RealTimeReflectionCapture:1]]
[2022.05.10-06.56.17:057][  0]LogConfig: Applying CVar settings from Section [FoliageQuality@3] File [D:/UNREAL ENGINE/UNREAL PROJECT/CookBook_Ch4/Saved/Config/Windows/Scalability.ini]
[2022.05.10-06.56.17:057][  0]LogConfig: Setting CVar [[foliage.DensityScale:1.0]]
[2022.05.10-06.56.17:057][  0]LogConfig: Setting CVar [[grass.DensityScale:1.0]]
[2022.05.10-06.56.17:057][  0]LogConfig: Applying CVar settings from Section [ShadingQuality@3] File [D:/UNREAL ENGINE/UNREAL PROJECT/CookBook_Ch4/Saved/Config/Windows/Scalability.ini]
[2022.05.10-06.56.17:057][  0]LogConfig: Setting CVar [[r.HairStrands.SkyLighting.IntegrationType:2]]
[2022.05.10-06.56.17:057][  0]LogConfig: Setting CVar [[r.HairStrands.SkyAO.SampleCount:4]]
[2022.05.10-06.56.17:058][  0]LogConfig: Setting CVar [[r.HairStrands.Visibility.MSAA.SamplePerPixel:4]]
[2022.05.10-06.56.17:058][  0]LogConfig: Applying CVar settings from Section [Startup] File [../../../Engine/Config/ConsoleVariables.ini]
[2022.05.10-06.56.17:058][  0]LogConfig: Setting CVar [[net.UseAdaptiveNetUpdateFrequency:0]]
[2022.05.10-06.56.17:058][  0]LogConfig: Setting CVar [[p.chaos.AllowCreatePhysxBodies:1]]
[2022.05.10-06.56.17:058][  0]LogConfig: Setting CVar [[fx.SkipVectorVMBackendOptimizations:1]]
[2022.05.10-06.56.17:058][  0]LogConfig: Applying CVar settings from Section [ConsoleVariables] File [D:/UNREAL ENGINE/UNREAL PROJECT/CookBook_Ch4/Saved/Config/Windows/Engine.ini]
[2022.05.10-06.56.17:058][  0]LogConfig: Applying CVar settings from Section [ConsoleVariables] File [D:/UNREAL ENGINE/UNREAL PROJECT/CookBook_Ch4/Saved/Config/Windows/Editor.ini]
[2022.05.10-06.56.17:058][  0]LogInit: Computer: -PC1
[2022.05.10-06.56.17:058][  0]LogInit: User: WIN10
[2022.05.10-06.56.17:058][  0]LogInit: CPU Page size=4096, Cores=6
[2022.05.10-06.56.17:058][  0]LogInit: High frequency timer resolution =10.000000 MHz
[2022.05.10-06.56.17:058][  0]LogMemory: Memory total: Physical=15.9GB (16GB approx)
[2022.05.10-06.56.17:058][  0]LogMemory: Platform Memory Stats for Windows
[2022.05.10-06.56.17:058][  0]LogMemory: Process Physical Memory: 144.97 MB used, 144.97 MB peak
[2022.05.10-06.56.17:058][  0]LogMemory: Process Virtual Memory: 121.74 MB used, 121.74 MB peak
[2022.05.10-06.56.17:058][  0]LogMemory: Physical Memory: 9725.64 MB used,  6588.86 MB free, 16314.50 MB total
[2022.05.10-06.56.17:058][  0]LogMemory: Virtual Memory: 134209040.00 MB used,  8685.88 MB free, 134217728.00 MB total
[2022.05.10-06.56.17:068][  0]LogWindows: WindowsPlatformFeatures enabled
[2022.05.10-06.56.17:653][  0]LogInit: Physics initialised using underlying interface: PhysX
[2022.05.10-06.56.17:663][  0]LogInit: Overriding language with editor language configuration option (ko).
[2022.05.10-06.56.17:663][  0]LogInit: Overriding language with editor locale configuration option (ko).
[2022.05.10-06.56.18:346][  0]LogInit: Setting process to per monitor DPI aware
[2022.05.10-06.56.18:396][  0]LogWindowsTextInputMethodSystem: Display: IME system deactivated.
[2022.05.10-06.56.18:451][  0]LogSlate: New Slate User Created.  User Index 0, Is Virtual User: 0
[2022.05.10-06.56.18:451][  0]LogSlate: Slate User Registered.  User Index 0, Is Virtual User: 0
[2022.05.10-06.56.18:724][  0]LogD3D11RHI: Loaded GFSDK_Aftermath_Lib.x64.dll
[2022.05.10-06.56.18:737][  0]LogHMD: Failed to initialize OpenVR with code 110
[2022.05.10-06.56.18:737][  0]LogD3D11RHI: D3D11 min allowed feature level: 11_0
[2022.05.10-06.56.18:737][  0]LogD3D11RHI: D3D11 max allowed feature level: 11_0
[2022.05.10-06.56.18:737][  0]LogD3D11RHI: D3D11 adapters:
[2022.05.10-06.56.18:837][  0]LogD3D11RHI:    0. 'NVIDIA GeForce GTX 1050 Ti' (Feature Level 11_0)
[2022.05.10-06.56.18:837][  0]LogD3D11RHI:       4018/0/8157 MB DedicatedVideo/DedicatedSystem/SharedSystem, Outputs:1, VendorId:0x10de
[2022.05.10-06.56.18:844][  0]LogD3D11RHI:    1. 'Microsoft Basic Render Driver' (Feature Level 11_0)
[2022.05.10-06.56.18:844][  0]LogD3D11RHI:       0/0/8157 MB DedicatedVideo/DedicatedSystem/SharedSystem, Outputs:0, VendorId:0x1414
[2022.05.10-06.56.18:844][  0]LogD3D11RHI: Chosen D3D11 Adapter:
[2022.05.10-06.56.18:844][  0]LogD3D11RHI:     Description : NVIDIA GeForce GTX 1050 Ti
[2022.05.10-06.56.18:844][  0]LogD3D11RHI:     VendorId    : 10de
[2022.05.10-06.56.18:844][  0]LogD3D11RHI:     DeviceId    : 1c82
[2022.05.10-06.56.18:844][  0]LogD3D11RHI:     SubSysId    : 8c961462
[2022.05.10-06.56.18:844][  0]LogD3D11RHI:     Revision    : 00a1
[2022.05.10-06.56.18:844][  0]LogD3D11RHI:     DedicatedVideoMemory : 4213178368 bytes
[2022.05.10-06.56.18:844][  0]LogD3D11RHI:     DedicatedSystemMemory : 0 bytes
[2022.05.10-06.56.18:844][  0]LogD3D11RHI:     SharedSystemMemory : 8553498624 bytes
[2022.05.10-06.56.18:844][  0]LogD3D11RHI:     AdapterLuid : 0 52977
[2022.05.10-06.56.18:849][  0]LogD3D11RHI: Creating new Direct3DDevice
[2022.05.10-06.56.18:849][  0]LogD3D11RHI:     GPU DeviceId: 0x1c82 (for the marketing name, search the web for "GPU Device Id")
[2022.05.10-06.56.18:849][  0]LogWindows: EnumDisplayDevices:
[2022.05.10-06.56.18:849][  0]LogWindows:    0. 'NVIDIA GeForce GTX 1050 Ti' (P:1 D:1)
[2022.05.10-06.56.18:849][  0]LogWindows:    1. 'NVIDIA GeForce GTX 1050 Ti' (P:0 D:0)
[2022.05.10-06.56.18:849][  0]LogWindows:    2. 'NVIDIA GeForce GTX 1050 Ti' (P:0 D:0)
[2022.05.10-06.56.18:850][  0]LogWindows:    3. 'NVIDIA GeForce GTX 1050 Ti' (P:0 D:0)
[2022.05.10-06.56.18:850][  0]LogWindows: DebugString: FoundDriverCount:4 
[2022.05.10-06.56.18:850][  0]LogD3D11RHI:     Adapter Name: NVIDIA GeForce GTX 1050 Ti
[2022.05.10-06.56.18:850][  0]LogD3D11RHI:   Driver Version: 457.51 (internal:27.21.14.5751, unified:457.51)
[2022.05.10-06.56.18:850][  0]LogD3D11RHI:      Driver Date: 11-22-2020
[2022.05.10-06.56.18:850][  0]LogRHI: Texture pool is 2812 MB (70% of 4018 MB)
[2022.05.10-06.56.18:850][  0]LogD3D11RHI: Creating D3DDevice using adapter:
[2022.05.10-06.56.18:850][  0]LogD3D11RHI:     Description : NVIDIA GeForce GTX 1050 Ti
[2022.05.10-06.56.18:850][  0]LogD3D11RHI:     VendorId    : 10de
[2022.05.10-06.56.18:850][  0]LogD3D11RHI:     DeviceId    : 1c82
[2022.05.10-06.56.18:850][  0]LogD3D11RHI:     SubSysId    : 8c961462
[2022.05.10-06.56.18:850][  0]LogD3D11RHI:     Revision    : 00a1
[2022.05.10-06.56.18:850][  0]LogD3D11RHI:     DedicatedVideoMemory : 4213178368 bytes
[2022.05.10-06.56.18:850][  0]LogD3D11RHI:     DedicatedSystemMemory : 0 bytes
[2022.05.10-06.56.18:850][  0]LogD3D11RHI:     SharedSystemMemory : 8553498624 bytes
[2022.05.10-06.56.18:850][  0]LogD3D11RHI:     AdapterLuid : 0 52977
[2022.05.10-06.56.19:117][  0]LogD3D11RHI: RHI has support for 64 bit atomics
[2022.05.10-06.56.19:118][  0]LogD3D11RHI: Async texture creation enabled
[2022.05.10-06.56.19:118][  0]LogD3D11RHI: Array index from any shader is supported
[2022.05.10-06.56.19:131][  0]LogD3D11RHI: GPU Timing Frequency: 1000.000000 (Debug: 2 1)
[2022.05.10-06.56.19:204][  0]LogRHI: GeForceNow SDK initialized: 1
[2022.05.10-06.56.19:863][  0]LogTargetPlatformManager: Display: Loaded TargetPlatform 'AllDesktop'
[2022.05.10-06.56.19:893][  0]LogTargetPlatformManager: Display: Loaded TargetPlatform 'Android'
[2022.05.10-06.56.19:893][  0]LogTargetPlatformManager: Display: Loaded TargetPlatform 'Android_ASTC'
[2022.05.10-06.56.19:893][  0]LogTargetPlatformManager: Display: Loaded TargetPlatform 'Android_DXT'
[2022.05.10-06.56.19:893][  0]LogTargetPlatformManager: Display: Loaded TargetPlatform 'Android_ETC2'
[2022.05.10-06.56.19:893][  0]LogTargetPlatformManager: Display: Loaded TargetPlatform 'AndroidClient'
[2022.05.10-06.56.19:893][  0]LogTargetPlatformManager: Display: Loaded TargetPlatform 'Android_ASTCClient'
[2022.05.10-06.56.19:893][  0]LogTargetPlatformManager: Display: Loaded TargetPlatform 'Android_DXTClient'
[2022.05.10-06.56.19:893][  0]LogTargetPlatformManager: Display: Loaded TargetPlatform 'Android_ETC2Client'
[2022.05.10-06.56.19:893][  0]LogTargetPlatformManager: Display: Loaded TargetPlatform 'Android_Multi'
[2022.05.10-06.56.19:893][  0]LogTargetPlatformManager: Display: Loaded TargetPlatform 'Android_MultiClient'
[2022.05.10-06.56.19:932][  0]LogTargetPlatformManager: Display: Loaded TargetPlatform 'IOSClient'
[2022.05.10-06.56.19:932][  0]LogTargetPlatformManager: Display: Loaded TargetPlatform 'IOS'
[2022.05.10-06.56.19:964][  0]LogTargetPlatformManager: Display: Loaded TargetPlatform 'Linux'
[2022.05.10-06.56.20:245][  0]LogTargetPlatformManager: Display: Loaded TargetPlatform 'LinuxNoEditor'
[2022.05.10-06.56.20:264][  0]LogTargetPlatformManager: Display: Loaded TargetPlatform 'LinuxClient'
[2022.05.10-06.56.20:269][  0]LogTargetPlatformManager: Display: Loaded TargetPlatform 'LinuxServer'
[2022.05.10-06.56.20:278][  0]LogTargetPlatformManager: Display: Loaded TargetPlatform 'LinuxAArch64NoEditor'
[2022.05.10-06.56.20:287][  0]LogTargetPlatformManager: Display: Loaded TargetPlatform 'LinuxAArch64Client'
[2022.05.10-06.56.20:292][  0]LogTargetPlatformManager: Display: Loaded TargetPlatform 'LinuxAArch64Server'
[2022.05.10-06.56.20:317][  0]LogTargetPlatformManager: Display: Loaded TargetPlatform 'Lumin'
[2022.05.10-06.56.20:317][  0]LogTargetPlatformManager: Display: Loaded TargetPlatform 'LuminClient'
[2022.05.10-06.56.20:375][  0]LogTargetPlatformManager: Display: Loaded TargetPlatform 'MacNoEditor'
[2022.05.10-06.56.20:385][  0]LogTargetPlatformManager: Display: Loaded TargetPlatform 'Mac'
[2022.05.10-06.56.20:403][  0]LogTargetPlatformManager: Display: Loaded TargetPlatform 'MacClient'
[2022.05.10-06.56.20:409][  0]LogTargetPlatformManager: Display: Loaded TargetPlatform 'MacServer'
[2022.05.10-06.56.20:419][  0]LogTargetPlatformManager: Display: Loaded TargetPlatform 'TVOSClient'
[2022.05.10-06.56.20:419][  0]LogTargetPlatformManager: Display: Loaded TargetPlatform 'TVOS'
[2022.05.10-06.56.20:605][  0]LogTargetPlatformManager: Display: Loaded TargetPlatform 'WindowsNoEditor'
[2022.05.10-06.56.20:644][  0]LogTargetPlatformManager: Display: Loaded TargetPlatform 'Windows'
[2022.05.10-06.56.20:653][  0]LogTargetPlatformManager: Display: Loaded TargetPlatform 'WindowsClient'
[2022.05.10-06.56.20:678][  0]LogTargetPlatformManager: Display: Loaded TargetPlatform 'WindowsServer'
[2022.05.10-06.56.20:678][  0]LogTargetPlatformManager: Display: Building Assets For Windows
[2022.05.10-06.56.20:783][  0]LogAudioDebug: Display: Lib vorbis DLL was dynamically loaded.
[2022.05.10-06.56.21:006][  0]LogTextureFormatOodle: Display: Oodle Texture 2.9.0 init RDO Off
[2022.05.10-06.56.21:511][  0]LogRendererCore: Ray tracing is disabled. Reason: r.RayTracing=0.
[2022.05.10-06.56.21:512][  0]LogShaderCompilers: Guid format shader working directory is 7 characters bigger than the processId version (../../../../UNREAL PROJECT/CookBook_Ch4/Intermediate/Shaders/WorkingDirectory/8748/).
[2022.05.10-06.56.21:512][  0]LogShaderCompilers: Cleaned the shader compiler working directory 'C:/Users/WIN10/AppData/Local/Temp/UnrealShaderWorkingDir/C04375CE4D1BD64E568AF2AB01ADAD66/'.
[2022.05.10-06.56.21:512][  0]LogXGEController: Cannot use XGE Controller as Incredibuild is not installed on this machine.
[2022.05.10-06.56.21:512][  0]LogShaderCompilers: Cannot use XGE Shader Compiler as Incredibuild is not installed on this machine.
[2022.05.10-06.56.21:512][  0]LogShaderCompilers: Display: Using Local Shader Compiler.
[2022.05.10-06.56.23:595][  0]LogDerivedDataCache: Display: Max Cache Size: 512 MB
[2022.05.10-06.56.23:685][  0]LogDerivedDataCache: Loaded boot cache 0.09s 94MB C:/Users/WIN10/AppData/Local/UnrealEngine/4.27/DerivedDataCache/Boot.ddc.
[2022.05.10-06.56.23:685][  0]LogDerivedDataCache: Display: Loaded Boot cache: C:/Users/WIN10/AppData/Local/UnrealEngine/4.27/DerivedDataCache/Boot.ddc
[2022.05.10-06.56.23:685][  0]LogDerivedDataCache: FDerivedDataBackendGraph:  Pak pak cache file ../../../../UNREAL PROJECT/CookBook_Ch4/DerivedDataCache/DDC.ddp not found, will not use a pak cache.
[2022.05.10-06.56.23:685][  0]LogDerivedDataCache: Unable to find inner node Pak for hierarchical cache Hierarchy.
[2022.05.10-06.56.23:685][  0]LogDerivedDataCache: FDerivedDataBackendGraph:  CompressedPak pak cache file ../../../../UNREAL PROJECT/CookBook_Ch4/DerivedDataCache/Compressed.ddp not found, will not use a pak cache.
[2022.05.10-06.56.23:685][  0]LogDerivedDataCache: Unable to find inner node CompressedPak for hierarchical cache Hierarchy.
[2022.05.10-06.56.23:700][  0]LogDerivedDataCache: Display: Pak cache opened for reading ../../../Engine/DerivedDataCache/Compressed.ddp.
[2022.05.10-06.56.23:701][  0]LogDerivedDataCache: FDerivedDataBackendGraph:  EnterprisePak pak cache file ../../../Enterprise/DerivedDataCache/Compressed.ddp not found, will not use a pak cache.
[2022.05.10-06.56.23:701][  0]LogDerivedDataCache: Unable to find inner node EnterprisePak for hierarchical cache Hierarchy.
[2022.05.10-06.56.23:710][  0]LogDerivedDataCache: Speed tests for C:/Users/WIN10/AppData/Local/UnrealEngine/Common/DerivedDataCache took 0.01 seconds
[2022.05.10-06.56.23:710][  0]LogDerivedDataCache: Display: Performance to C:/Users/WIN10/AppData/Local/UnrealEngine/Common/DerivedDataCache: Latency=0.04ms. RandomReadSpeed=237.38MBs, RandomWriteSpeed=214.54MBs. Assigned SpeedClass 'Local'
[2022.05.10-06.56.23:713][  0]LogDerivedDataCache: Using Local data cache path C:/Users/WIN10/AppData/Local/UnrealEngine/Common/DerivedDataCache: Writable
[2022.05.10-06.56.23:714][  0]LogDerivedDataCache: Shared data cache path not found in *engine.ini, will not use an Shared cache.
[2022.05.10-06.56.23:714][  0]LogDerivedDataCache: Unable to find inner node Shared for hierarchical cache Hierarchy.
[2022.05.10-06.56.24:049][  0]LogSlate: Using FreeType 2.10.0
[2022.05.10-06.56.24:854][  0]LogSlate: SlateFontServices - WITH_FREETYPE: 1, WITH_HARFBUZZ: 1
[2022.05.10-06.56.27:090][  0]LogAssetRegistry: FAssetRegistry took 0.0082 seconds to start up
[2022.05.10-06.56.27:422][  0]LogInit: Selected Device Profile: [Windows]
[2022.05.10-06.56.27:422][  0]LogInit: Active device profile: [0000021FFEF93900][0000021FEF69F200 49] Windows
[2022.05.10-06.56.27:422][  0]LogInit: Profiles: [0000021FFEF93900][0000021FEF69F200 49] Windows, [0000021FFEF4C900][0000021FEF6A7380 49] WindowsNoEditor, [0000021FFEF90900][0000021FEF6AB500 49] WindowsServer, [0000021FFEF4F100][0000021FEF6AF680 49] WindowsClient, [0000021FFEF93000][0000021FEF6B3800 49] IOS, [0000021FFEF4D200][0000021FEF6B7980 49] iPadAir, [0000021FFEF91100][0000021FEF6BBB00 49] iPadAir2, [0000021FFEEF7F00][0000021FEF6C2240 49] IPadPro, [0000021FFEEF7E00][0000021FEF6BE280 49] iPadAir3, [0000021FFEF92A00][0000021FEF6C6400 49] iPadAir4, [0000021FFEEF4E00][0000021FEF6A2540 49] iPadMini2, [0000021FFEF91600][0000021FFD344680 49] iPadMini3, [0000021FFEEF6B00][0000021FFD3487C0 49] iPadMini4, [0000021FFEF92300][0000021FFD34C900 49] iPadMini5, [0000021FFEF3F800][0000021FFD358BC0 49] iPhone6, [0000021FFEF3F900][0000021FFD354C00 49] iPodTouch6, [0000021FFEEF5000][0000021FFD360EC0 49] iPhone7, [0000021FFEEF5100][0000021FFD35CF00 49] iPodTouch7, [0000021FFEF3CD00][0000021FFD365080 49] iPhone5S, [0000021FFEEF7400][0000021FFD369200 49] iPhone6Plus, [0000021FFEF3EC00][0000021FFD36D380 49] iPhone6S, [0000021FFEEF4900][0000021FFD371500 49] iPhone6SPlus, [0000021FFEF3D500][0000021FFD375680 49] iPhone7Plus, [0000021FFEEF5C00][0000021FFD379800 49] iPhoneSE, [0000021FFEF3E400][0000021FFD37D980 49] iPhone8, [0000021FFEEF6A00][0000021FFD381B00 49] iPhone8Plus, [0000021FFEF3F700][0000021FFD384100 49] iPhoneX, [0000021FFEEF4100][0000021FFD388280 49] iPhoneXS, [0000021FFEF3C300][0000021FFD38C400 49] iPhoneXSMax, [0000021FFEEF5600][0000021FFD390580 49] iPhoneXR, [0000021FFEF3EA00][0000021FFD394700 49] iPhone11, [0000021FFEEF4A00][0000021FFD350840 49] iPhone11Pro, [0000021FFEF3CC00][0000021FFD398980 49] iPhone11ProMax, [0000021FFEEF5200][0000021FFD39CAC0 49] iPhoneSE2, [0000021FFEF3CF00][0000021FFD3A4C40 49] iPhone12Mini, [0000021FFEEF7D00][0000021FFD3A8DC0 49] iPhone12, [0000021FFEF3D000][0000021FFD3ACF40 49] iPhone12Pro, [0000021FFEEF7000][0000021FFD3B10C0 49] iPhone12ProMax, [0000021FFEF3EB00][0000021FFD3B5240 49] iPadPro105, [0000021FFEEF6500][0000021FFD3B93C0 49] iPadPro129, [0000021FFEF3EF00][0000021FFD3BD540 49] iPadPro97, [0000021FFEEF6600][0000021FFD3C16C0 49] iPadPro2_129, [0000021FFEF3D400][0000021FFD3C5840 49] iPad5, [0000021FFEEF5700][0000021FFD3C99C0 49] iPad6, [0000021FFEF3F200][0000021FFD3CDB40 49] iPad7, [0000021FFEEF4700][0000021FFD3D0140 49] iPad8, [0000021FFEF3D900][0000021FFD3D42C0 49] iPadPro11, [0000021FFEEF7C00][0000021FFD3D8440 49] iPadPro2_11, [0000021FFEF3C200][0000021FFD3DC5C0 49] iPadPro3_129, [0000021FFEEF7600][0000021FFF3F0740 49] iPadPro4_129, [0000021FFEF3E600][0000021FFF3F48C0 49] AppleTV, [0000021FFEEF5B00][0000021FFD3A0A00 49] AppleTV4K, [0000021FFEF3F000][0000021FFF3F8B40 49] TVOS, [0000021FFEEF6200][0000021FFF3FCC80 49] Mac, [0000021FFEF3E100][0000021FFF400DC0 49] MacClient, [0000021FFEEF7A00][0000021FFF408F40 49] MacNoEditor, [0000021FFEF3ED00][0000021FFF40D0C0 49] MacServer, [0000021FFEEF5500][0000021FFF411240 49] Linux, [0000021FFEF3DA00][0000021FFF4153C0 49] LinuxAArch64, [0000021FFEEF4B00][0000021FFF419540 49] LinuxNoEditor, [0000021FFEF3C100][0000021FFF41D6C0 49] LinuxAArch64NoEditor, [0000021FFEEF4500][0000021FFF421840 49] LinuxClient, [0000021FFEF3D100][0000021FFF4259C0 49] LinuxAArch64Client, [0000021FFEEF5300][0000021FFF429B40 49] LinuxServer, [0000021FFEF4ED00][0000021FFF42C140 49] LinuxAArch64Server, [0000021FFEFD1100][0000021FFF4302C0 49] Android, [0000021FFEF4E600][0000021FFF434440 49] Android_Low, [0000021FFEFD1900][0000021FFF4385C0 49] Android_Mid, [0000021FFEF4DB00][0000021FFF43C740 49] Android_High, [0000021FFEFD0A00][0000021FFF4408C0 49] Android_Default, [0000021FFEF4DE00][0000021FFF444A40 49] Android_Adreno4xx, [0000021FFEFD2200][0000021FFF404B80 49] Android_Adreno5xx_Low, [0000021FFEF4CE00][0000021FFF448CC0 49] Android_Adreno5xx, [0000021FFEFD0D00][0000021FFF44CE00 49] Android_Adreno6xx, [0000021FFEF4D700][0000021FFF450F40 49] Android_Adreno6xx_Vulkan, [0000021FFEFD1F00][0000021FFF4590C0 49] Android_Mali_T6xx, [0000021FFEF4D000][0000021FFF45D240 49] Android_Mali_T7xx, [0000021FFEFD0200][0000021FFF4613C0 49] Android_Mali_T8xx, [0000021FFEF4DA00][0000021FFF465540 49] Android_Mali_G71, [0000021FFEFD1300][0000021FFF4696C0 49] Android_Mali_G72, [0000021FFEF4FD00][0000021FFF46D840 49] Android_Mali_G72_Vulkan, [0000021FFEFD0100][0000021FFF4719C0 49] Android_Mali_G76, [0000021FFEF4CF00][0000021FFF475B40 49] Android_Mali_G76_Vulkan, [0000021FFEFD0600][0000021FFF478140 49] Android_Mali_G77, [0000021FFEF4D100][0000021FFF4802C0 49] Android_Mali_G77_Vulkan, [0000021FFEFD0300][0000021FFF484440 49] Android_Mali_G78, [0000021FFEF4C300][0000021FFF4885C0 49] Android_Mali_G78_Vulkan, [0000021FFEFD1500][0000021FFF48C740 49] Android_Mali_G710, [0000021FFEEF6100][0000021FFF4908C0 49] Android_Mali_G710_Vulkan, [0000021FFEF3DF00][0000021FFF494A40 49] Android_Vulkan_SM5, [0000021FFEEF5400][0000021FFF498BC0 49] Android_PowerVR_G6xxx, [0000021FFEFD2900][0000021FFF49CD40 49] Android_PowerVR_GT7xxx, [0000021FFEEF5D00][0000021FFF454E80 49] Android_PowerVR_GE8xxx, [0000021FFEFD0B00][0000021FFF4A0FC0 49] Android_PowerVR_GM9xxx, [0000021FFEEF4800][0000021FFF4A5100 49] Android_PowerVR_GM9xxx_Vulkan, [0000021FFEFD1000][0000021FFF4AD280 49] Android_TegraK1, [0000021FFEEF5800][0000021FFF4B1400 49] Android_Unknown_Vulkan, [0000021FFEFD1A00][0000021FFF4B5580 49] Lumin, [0000021FFEEF6900][0000021FFF4B9700 49] Lumin_Desktop, [0000021FFEFD2700][0000021FFF4BD880 49] HoloLens, 
[2022.05.10-06.56.28:455][  0]LogMeshReduction: Using QuadricMeshReduction for automatic static mesh reduction
[2022.05.10-06.56.28:456][  0]LogMeshReduction: Using SimplygonMeshReduction for automatic skeletal mesh reduction
[2022.05.10-06.56.28:456][  0]LogMeshReduction: Using ProxyLODMeshReduction for automatic mesh merging
[2022.05.10-06.56.28:456][  0]LogMeshReduction: No distributed automatic mesh merging module available
[2022.05.10-06.56.28:456][  0]LogMeshMerging: No distributed automatic mesh merging module available
[2022.05.10-06.56.28:916][  0]LogNetVersion: CookBook_Ch4 1.0.0, NetCL: 17155196, EngineNetVer: 17, GameNetVer: 0 (Checksum: 3715549805)
[2022.05.10-06.56.33:377][  0]LogTexture: Default maximum texture size for cubemaps generated from long-lat sources has been changed from 512 to unlimited. In order to preserve old behaiour for '/Engine/MapTemplates/Sky/DaylightAmbientCubemap.DaylightAmbientCubemap', its maximum texture size has been explicitly set to 512.
[2022.05.10-06.56.33:891][  0]LogHMD: PokeAHoleMaterial loaded successfully
[2022.05.10-06.56.33:896][  0]LogUObjectArray: 17178 objects as part of root set at end of initial load.
[2022.05.10-06.56.33:896][  0]LogUObjectAllocator: 4302048 out of 0 bytes used by permanent object pool.
[2022.05.10-06.56.33:896][  0]LogUObjectArray: CloseDisregardForGC: 0/0 objects in disregard for GC pool
[2022.05.10-06.56.39:587][  0]LogPython: Using Python 3.7.7
[2022.05.10-06.56.40:382][  0]LogNiagaraDebuggerClient: Niagara Debugger Client Initialized | Session: BAE6EE1E4F4850F59AC74FBA9D349C5F | Instance: 0628BA6E48E069498B43DEA54EACD66F (-PC1-8748).
[2022.05.10-06.56.41:441][  0]LogTcpMessaging: Initializing TcpMessaging bridge
[2022.05.10-06.56.41:468][  0]LogUdpMessaging: Initializing bridge on interface 0.0.0.0:0 to multicast group 230.0.0.1:6666.
[2022.05.10-06.56.42:292][  0]SourceControl: 소스 컨트롤이 꺼졌습니다.
[2022.05.10-06.56.42:292][  0]SourceControl: 소스 컨트롤이 꺼졌습니다.
[2022.05.10-06.56.42:309][  0]SourceControl: 소스 컨트롤이 꺼졌습니다.
[2022.05.10-06.56.42:313][  0]SourceControl: 소스 컨트롤이 꺼졌습니다.
[2022.05.10-06.56.42:337][  0]SourceControl: 소스 컨트롤이 꺼졌습니다.
[2022.05.10-06.56.42:370][  0]LogUProjectInfo: Found projects:
[2022.05.10-06.56.43:616][  0]LogOpenImageDenoise: OIDN starting up
[2022.05.10-06.56.44:082][  0]LogAndroidPermission: UAndroidPermissionCallbackProxy::GetInstance
[2022.05.10-06.56.44:147][  0]LogAudioCaptureCore: Display: No Audio Capture implementations found. Audio input will be silent.
[2022.05.10-06.56.44:147][  0]LogAudioCaptureCore: Display: No Audio Capture implementations found. Audio input will be silent.
[2022.05.10-06.56.45:006][  0]LogCollectionManager: Loaded 0 collections in 0.000549 seconds
[2022.05.10-06.56.45:056][  0]LogFileCache: Scanning file cache for directory 'D:/UNREAL ENGINE/UNREAL PROJECT/CookBook_Ch4/Saved/Collections/' took 0.00s
[2022.05.10-06.56.45:056][  0]LogFileCache: Scanning file cache for directory 'D:/UNREAL ENGINE/UNREAL PROJECT/CookBook_Ch4/Content/Developers/WIN10/Collections/' took 0.00s
[2022.05.10-06.56.45:056][  0]LogFileCache: Scanning file cache for directory 'D:/UNREAL ENGINE/UNREAL PROJECT/CookBook_Ch4/Content/Collections/' took 0.00s
[2022.05.10-06.56.45:107][  0]LogOcInput: OculusInput pre-init called
[2022.05.10-06.56.46:008][  0]LogEngine: Initializing Engine...
[2022.05.10-06.56.46:035][  0]LogHMD: Failed to enumerate extensions. Please check that you have a valid OpenXR runtime installed.
[2022.05.10-06.56.46:035][  0]LogHMD: Failed to initialize OpenVR with code 110
[2022.05.10-06.56.46:035][  0]LogMagicLeap: Warning: VR disabled because ZI is not enabled.  To enable, in the editor, Edit -> Project Settings -> Plugins -> Magic Leap Plugin -> Enable Zero Iteration
[2022.05.10-06.56.46:036][  0]LogStats: UGameplayTagsManager::InitializeManager -  0.000 s
[2022.05.10-06.56.47:502][  0]LogInit: Initializing FReadOnlyCVARCache
[2022.05.10-06.56.47:636][  0]LogAIModule: Creating AISystem for world Untitled
[2022.05.10-06.56.47:637][  0]LogAudio: Display: Initializing Audio Device Manager...
[2022.05.10-06.56.47:651][  0]LogAudio: Display: Loading Default Audio Settings Objects...
[2022.05.10-06.56.47:651][  0]LogAudio: Display: No default SoundConcurrencyObject specified (or failed to load).
[2022.05.10-06.56.47:652][  0]LogAudio: Display: Audio Device Manager Initialized
[2022.05.10-06.56.47:652][  0]LogAudio: Display: Creating Audio Device:                 Id: 1, Scope: Shared, Realtime: True
[2022.05.10-06.56.47:652][  0]LogAudioMixer: Display: Audio Mixer Platform Settings:
[2022.05.10-06.56.47:652][  0]LogAudioMixer: Display: 	Sample Rate:						  48000
[2022.05.10-06.56.47:652][  0]LogAudioMixer: Display: 	Callback Buffer Frame Size Requested: 1024
[2022.05.10-06.56.47:652][  0]LogAudioMixer: Display: 	Callback Buffer Frame Size To Use:	  1024
[2022.05.10-06.56.47:652][  0]LogAudioMixer: Display: 	Number of buffers to queue:			  2
[2022.05.10-06.56.47:652][  0]LogAudioMixer: Display: 	Max Channels (voices):				  32
[2022.05.10-06.56.47:652][  0]LogAudioMixer: Display: 	Number of Async Source Workers:		  0
[2022.05.10-06.56.47:652][  0]LogAudio: Display: AudioDevice MaxSources: 32
[2022.05.10-06.56.47:653][  0]LogAudio: Display: Audio Spatialization Plugin: None (built-in).
[2022.05.10-06.56.47:653][  0]LogAudio: Display: Audio Reverb Plugin: None (built-in).
[2022.05.10-06.56.47:653][  0]LogAudio: Display: Audio Occlusion Plugin: None (built-in).
[2022.05.10-06.56.47:653][  0]LogAudioMixer: Display: Initializing audio mixer.
[2022.05.10-06.56.47:680][  0]LogAudioMixer: Display: Using Audio Device Unknown
[2022.05.10-06.56.47:681][  0]LogAudioMixer: Display: Initializing Sound Submixes...
[2022.05.10-06.56.47:701][  0]LogAudioMixer: Display: Creating Master Submix 'MasterSubmixDefault'
[2022.05.10-06.56.47:701][  0]LogAudioMixer: Display: Creating Master Submix 'MasterReverbSubmixDefault'
[2022.05.10-06.56.47:702][  0]LogAudioMixer: Display: Creating Master Submix 'MasterEQSubmixDefault'
[2022.05.10-06.56.47:703][  0]LogAudioMixer: FMixerPlatformXAudio2::StartAudioStream() called
[2022.05.10-06.56.47:703][  0]LogAudioMixer: Display: Output buffers initialized: Frames=1024, Channels=2, Samples=2048
[2022.05.10-06.56.47:704][  0]LogAudioMixer: Display: Starting AudioMixerPlatformInterface::RunInternal()
[2022.05.10-06.56.47:704][  0]LogAudioMixer: Display: StartRunningNullDevice() called
[2022.05.10-06.56.47:706][  0]LogInit: FAudioDevice initialized.
[2022.05.10-06.56.47:706][  0]LogAudio: Display: Audio Device (ID: 1) registered with world 'Untitled'.
[2022.05.10-06.56.47:706][  0]LogNetVersion: Set ProjectVersion to 1.0.0.0. Version Checksum will be recalculated on next use.
[2022.05.10-06.56.47:747][  0]LogDerivedDataCache: Saved boot cache 0.04s 94MB C:/Users/WIN10/AppData/Local/UnrealEngine/4.27/DerivedDataCache/Boot.ddc.
[2022.05.10-06.56.47:750][  0]LogInit: Texture streaming: Enabled
[2022.05.10-06.56.47:799][  0]LogAnalytics: Display: [UEEditor.Rocket.Release] APIServer = https://datarouter.ol.epicgames.com/. AppVersion = 4.27.2-18319896+++UE4+Release-4.27
[2022.05.10-06.56.47:813][  0]LogEngineSessionManager: EngineSessionManager initialized
[2022.05.10-06.56.47:813][  0]LogEditorSessionSummary: Verbose: Initializing EditorSessionSummaryWriter for editor session tracking
[2022.05.10-06.56.47:815][  0]LogEditorSessionSummary: EditorSessionSummaryWriter initialized
[2022.05.10-06.56.47:973][  0]LogInit: Transaction tracking system initialized
[2022.05.10-06.56.48:796][  0]BlueprintLog: New page: 에디터 로드
[2022.05.10-06.56.49:188][  0]LocalizationService: 현지화 서비스가 비활성화되었습니다.
[2022.05.10-06.56.49:365][  0]TimingProfiler: Initialize
[2022.05.10-06.56.49:365][  0]TimingProfiler: OnSessionChanged
[2022.05.10-06.56.49:365][  0]LoadingProfiler: Initialize
[2022.05.10-06.56.49:365][  0]LoadingProfiler: OnSessionChanged
[2022.05.10-06.56.49:366][  0]NetworkingProfiler: Initialize
[2022.05.10-06.56.49:366][  0]NetworkingProfiler: OnSessionChanged
[2022.05.10-06.56.49:366][  0]MemoryProfiler: Initialize
[2022.05.10-06.56.49:366][  0]MemoryProfiler: OnSessionChanged
[2022.05.10-06.56.50:174][  0]LogCook: Display: CookSettings for Memory: MemoryMaxUsedVirtual 0MiB, MemoryMaxUsedPhysical 16384MiB, MemoryMinFreeVirtual 0MiB, MemoryMinFreePhysical 1024MiB
[2022.05.10-06.56.50:174][  0]LogCook: Display: Mobile HDR setting 1
[2022.05.10-06.56.51:058][  0]LogFileCache: Scanning file cache for directory 'D:/UNREAL ENGINE/UNREAL PROJECT/CookBook_Ch4/Content/' took 0.00s
[2022.05.10-06.56.51:580][  0]LogInit: Display: Engine is initialized. Leaving FEngineLoop::Init()
[2022.05.10-06.56.51:593][  0]SourceControl: 소스 컨트롤이 꺼졌습니다.
[2022.05.10-06.56.51:779][  0]LogSlate: Took 0.034815 seconds to synchronously load lazily loaded font '../../../Engine/Content/Editor/Slate/Fonts/NanumGothic.ttf' (4243K)
[2022.05.10-06.56.51:794][  0]LogSlate: Took 0.014691 seconds to synchronously load lazily loaded font '../../../Engine/Content/Slate/Fonts/Roboto-Regular.ttf' (155K)
[2022.05.10-06.56.58:495][  0]LogSlate: Window '패키지 복원' being destroyed
[2022.05.10-06.56.58:503][  0]LogUnrealEdMisc: Loading editor; pre map load, took 47.668
[2022.05.10-06.56.58:503][  0]Cmd: MAP LOAD FILE="../../../../UNREAL PROJECT/CookBook_Ch4/Content/StarterContent/Maps/Minimal_Default.umap" TEMPLATE=0 SHOWPROGRESS=1 FEATURELEVEL=3
[2022.05.10-06.56.58:532][  0]LightingResults: New page: 라이팅 빌드
[2022.05.10-06.56.58:586][  0]LogWorld: UWorld::CleanupWorld for Untitled, bSessionEnded=true, bCleanupResources=true
[2022.05.10-06.56.58:587][  0]LogSlate: InvalidateAllWidgets triggered.  All widgets were invalidated
[2022.05.10-06.56.58:587][  0]MapCheck: New page: 맵 체크
[2022.05.10-06.56.58:587][  0]LightingResults: New page: 라이팅 빌드
[2022.05.10-06.56.58:591][  0]LogAudio: Display: Audio Device unregistered from world 'None'.
[2022.05.10-06.56.58:595][  0]LogUObjectHash: Compacting FUObjectHashTables data took   0.74ms
[2022.05.10-06.56.59:791][  0]LogAudio: Display: Audio Device (ID: 1) registered with world 'Minimal_Default'.
[2022.05.10-06.56.59:792][  0]LogAIModule: Creating AISystem for world Minimal_Default
[2022.05.10-06.56.59:807][  0]LogEditorServer: Finished looking for orphan Actors (0.000 secs)
[2022.05.10-06.56.59:813][  0]LogUObjectHash: Compacting FUObjectHashTables data took   0.77ms
[2022.05.10-06.56.59:814][  0]Cmd: MAP CHECKDEP NOCLEARLOG
[2022.05.10-06.56.59:814][  0]MapCheck: 맵 체크 완료: 오류 0 회, 경고 0 회, 소요 시간 0.086ms.
[2022.05.10-06.56.59:814][  0]LogFileHelpers: Loading map 'Minimal_Default' took 1.310
[2022.05.10-06.56.59:816][  0]LogUnrealEdMisc: Total Editor Startup Time, took 48.980
[2022.05.10-06.56.59:940][  0]LogSlate: Updating window title bar state: overlay mode, drag disabled, window buttons hidden, title bar hidden
[2022.05.10-06.56.59:946][  0]LogSlate: Updating window title bar state: overlay mode, drag disabled, window buttons hidden, title bar hidden
[2022.05.10-06.56.59:951][  0]LogSlate: Updating window title bar state: overlay mode, drag disabled, window buttons hidden, title bar hidden
[2022.05.10-06.56.59:957][  0]LogSlate: Updating window title bar state: overlay mode, drag disabled, window buttons hidden, title bar hidden
[2022.05.10-06.57.00:022][  0]LogNativeClassHierarchy: Verbose: Native class hierarchy populated in 0.0188 seconds. Added 3833 classes and 930 folders.
[2022.05.10-06.57.00:051][  0]LogNativeClassHierarchy: Verbose: Native class hierarchy updated for 'WidgetCarousel' in 0.0003 seconds. Added 0 classes and 0 folders.
[2022.05.10-06.57.00:088][  0]LogPakFile: PakFile PrimaryIndexSize=187
[2022.05.10-06.57.00:088][  0]LogPakFile: PakFile PathHashIndexSize=101
[2022.05.10-06.57.00:089][  0]LogPakFile: PakFile FullDirectoryIndexSize=148
[2022.05.10-06.57.00:089][  0]LogShaderLibrary: Display: ShaderCodeLibraryPakFileMountedCallback: PakFile 'D:/UNREAL ENGINE/UE_4.27/FeaturePacks/FP_FirstPerson.upack' (chunk index -1, root 'root:/') mounted
[2022.05.10-06.57.00:090][  0]LogShaderLibrary: Display: ShaderCodeLibraryPakFileMountedCallback: pending pak file info (ChunkID:-1 Root:root:/ File:D:/UNREAL ENGINE/UE_4.27/FeaturePacks/FP_FirstPerson.upack)
[2022.05.10-06.57.00:090][  0]LogPakFile: OnPakFileMounted2Time == 0.000801
[2022.05.10-06.57.00:092][  0]LogPakFile: PakFile PrimaryIndexSize=189
[2022.05.10-06.57.00:092][  0]LogPakFile: PakFile PathHashIndexSize=101
[2022.05.10-06.57.00:092][  0]LogPakFile: PakFile FullDirectoryIndexSize=152
[2022.05.10-06.57.00:092][  0]LogShaderLibrary: Display: ShaderCodeLibraryPakFileMountedCallback: PakFile 'D:/UNREAL ENGINE/UE_4.27/FeaturePacks/FP_FirstPersonBP.upack' (chunk index -1, root 'root:/') mounted
[2022.05.10-06.57.00:092][  0]LogShaderLibrary: Display: ShaderCodeLibraryPakFileMountedCallback: pending pak file info (ChunkID:-1 Root:root:/ File:D:/UNREAL ENGINE/UE_4.27/FeaturePacks/FP_FirstPersonBP.upack)
[2022.05.10-06.57.00:092][  0]LogPakFile: OnPakFileMounted2Time == 0.000117
[2022.05.10-06.57.00:102][  0]LogPakFile: PakFile PrimaryIndexSize=191
[2022.05.10-06.57.00:102][  0]LogPakFile: PakFile PathHashIndexSize=101
[2022.05.10-06.57.00:102][  0]LogPakFile: PakFile FullDirectoryIndexSize=160
[2022.05.10-06.57.00:102][  0]LogShaderLibrary: Display: ShaderCodeLibraryPakFileMountedCallback: PakFile 'D:/UNREAL ENGINE/UE_4.27/FeaturePacks/MobileStarterContent.upack' (chunk index -1, root 'root:/') mounted
[2022.05.10-06.57.00:102][  0]LogShaderLibrary: Display: ShaderCodeLibraryPakFileMountedCallback: pending pak file info (ChunkID:-1 Root:root:/ File:D:/UNREAL ENGINE/UE_4.27/FeaturePacks/MobileStarterContent.upack)
[2022.05.10-06.57.00:102][  0]LogPakFile: OnPakFileMounted2Time == 0.000197
[2022.05.10-06.57.00:113][  0]LogPakFile: PakFile PrimaryIndexSize=185
[2022.05.10-06.57.00:113][  0]LogPakFile: PakFile PathHashIndexSize=101
[2022.05.10-06.57.00:113][  0]LogPakFile: PakFile FullDirectoryIndexSize=148
[2022.05.10-06.57.00:113][  0]LogShaderLibrary: Display: ShaderCodeLibraryPakFileMountedCallback: PakFile 'D:/UNREAL ENGINE/UE_4.27/FeaturePacks/StarterContent.upack' (chunk index -1, root 'root:/') mounted
[2022.05.10-06.57.00:113][  0]LogShaderLibrary: Display: ShaderCodeLibraryPakFileMountedCallback: pending pak file info (ChunkID:-1 Root:root:/ File:D:/UNREAL ENGINE/UE_4.27/FeaturePacks/StarterContent.upack)
[2022.05.10-06.57.00:113][  0]LogPakFile: OnPakFileMounted2Time == 0.000217
[2022.05.10-06.57.00:147][  0]LogPakFile: PakFile PrimaryIndexSize=190
[2022.05.10-06.57.00:147][  0]LogPakFile: PakFile PathHashIndexSize=101
[2022.05.10-06.57.00:147][  0]LogPakFile: PakFile FullDirectoryIndexSize=154
[2022.05.10-06.57.00:147][  0]LogShaderLibrary: Display: ShaderCodeLibraryPakFileMountedCallback: PakFile 'D:/UNREAL ENGINE/UE_4.27/FeaturePacks/TP_2DSideScroller.upack' (chunk index -1, root 'root:/') mounted
[2022.05.10-06.57.00:147][  0]LogShaderLibrary: Display: ShaderCodeLibraryPakFileMountedCallback: pending pak file info (ChunkID:-1 Root:root:/ File:D:/UNREAL ENGINE/UE_4.27/FeaturePacks/TP_2DSideScroller.upack)
[2022.05.10-06.57.00:147][  0]LogPakFile: OnPakFileMounted2Time == 0.000183
[2022.05.10-06.57.00:156][  0]LogPakFile: PakFile PrimaryIndexSize=192
[2022.05.10-06.57.00:156][  0]LogPakFile: PakFile PathHashIndexSize=101
[2022.05.10-06.57.00:156][  0]LogPakFile: PakFile FullDirectoryIndexSize=158
[2022.05.10-06.57.00:156][  0]LogShaderLibrary: Display: ShaderCodeLibraryPakFileMountedCallback: PakFile 'D:/UNREAL ENGINE/UE_4.27/FeaturePacks/TP_2DSideScrollerBP.upack' (chunk index -1, root 'root:/') mounted
[2022.05.10-06.57.00:156][  0]LogShaderLibrary: Display: ShaderCodeLibraryPakFileMountedCallback: pending pak file info (ChunkID:-1 Root:root:/ File:D:/UNREAL ENGINE/UE_4.27/FeaturePacks/TP_2DSideScrollerBP.upack)
[2022.05.10-06.57.00:156][  0]LogPakFile: OnPakFileMounted2Time == 0.000116
[2022.05.10-06.57.00:157][  0]LogPakFile: PakFile PrimaryIndexSize=182
[2022.05.10-06.57.00:157][  0]LogPakFile: PakFile PathHashIndexSize=101
[2022.05.10-06.57.00:157][  0]LogPakFile: PakFile FullDirectoryIndexSize=138
[2022.05.10-06.57.00:157][  0]LogShaderLibrary: Display: ShaderCodeLibraryPakFileMountedCallback: PakFile 'D:/UNREAL ENGINE/UE_4.27/FeaturePacks/TP_Flying.upack' (chunk index -1, root 'root:/') mounted
[2022.05.10-06.57.00:157][  0]LogShaderLibrary: Display: ShaderCodeLibraryPakFileMountedCallback: pending pak file info (ChunkID:-1 Root:root:/ File:D:/UNREAL ENGINE/UE_4.27/FeaturePacks/TP_Flying.upack)
[2022.05.10-06.57.00:157][  0]LogPakFile: OnPakFileMounted2Time == 0.000103
[2022.05.10-06.57.00:158][  0]LogPakFile: PakFile PrimaryIndexSize=184
[2022.05.10-06.57.00:158][  0]LogPakFile: PakFile PathHashIndexSize=101
[2022.05.10-06.57.00:159][  0]LogPakFile: PakFile FullDirectoryIndexSize=142
[2022.05.10-06.57.00:159][  0]LogShaderLibrary: Display: ShaderCodeLibraryPakFileMountedCallback: PakFile 'D:/UNREAL ENGINE/UE_4.27/FeaturePacks/TP_FlyingBP.upack' (chunk index -1, root 'root:/') mounted
[2022.05.10-06.57.00:159][  0]LogShaderLibrary: Display: ShaderCodeLibraryPakFileMountedCallback: pending pak file info (ChunkID:-1 Root:root:/ File:D:/UNREAL ENGINE/UE_4.27/FeaturePacks/TP_FlyingBP.upack)
[2022.05.10-06.57.00:159][  0]LogPakFile: OnPakFileMounted2Time == 0.000100
[2022.05.10-06.57.00:164][  0]LogPakFile: PakFile PrimaryIndexSize=188
[2022.05.10-06.57.00:164][  0]LogPakFile: PakFile PathHashIndexSize=101
[2022.05.10-06.57.00:164][  0]LogPakFile: PakFile FullDirectoryIndexSize=150
[2022.05.10-06.57.00:164][  0]LogShaderLibrary: Display: ShaderCodeLibraryPakFileMountedCallback: PakFile 'D:/UNREAL ENGINE/UE_4.27/FeaturePacks/TP_HandheldARBP.upack' (chunk index -1, root 'root:/') mounted
[2022.05.10-06.57.00:164][  0]LogShaderLibrary: Display: ShaderCodeLibraryPakFileMountedCallback: pending pak file info (ChunkID:-1 Root:root:/ File:D:/UNREAL ENGINE/UE_4.27/FeaturePacks/TP_HandheldARBP.upack)
[2022.05.10-06.57.00:164][  0]LogPakFile: OnPakFileMounted2Time == 0.000126
[2022.05.10-06.57.00:182][  0]LogPakFile: PakFile PrimaryIndexSize=182
[2022.05.10-06.57.00:182][  0]LogPakFile: PakFile PathHashIndexSize=101
[2022.05.10-06.57.00:182][  0]LogPakFile: PakFile FullDirectoryIndexSize=138
[2022.05.10-06.57.00:182][  0]LogShaderLibrary: Display: ShaderCodeLibraryPakFileMountedCallback: PakFile 'D:/UNREAL ENGINE/UE_4.27/FeaturePacks/TP_Puzzle.upack' (chunk index -1, root 'root:/') mounted
[2022.05.10-06.57.00:182][  0]LogShaderLibrary: Display: ShaderCodeLibraryPakFileMountedCallback: pending pak file info (ChunkID:-1 Root:root:/ File:D:/UNREAL ENGINE/UE_4.27/FeaturePacks/TP_Puzzle.upack)
[2022.05.10-06.57.00:182][  0]LogPakFile: OnPakFileMounted2Time == 0.000196
[2022.05.10-06.57.00:184][  0]LogPakFile: PakFile PrimaryIndexSize=184
[2022.05.10-06.57.00:184][  0]LogPakFile: PakFile PathHashIndexSize=101
[2022.05.10-06.57.00:184][  0]LogPakFile: PakFile FullDirectoryIndexSize=142
[2022.05.10-06.57.00:184][  0]LogShaderLibrary: Display: ShaderCodeLibraryPakFileMountedCallback: PakFile 'D:/UNREAL ENGINE/UE_4.27/FeaturePacks/TP_PuzzleBP.upack' (chunk index -1, root 'root:/') mounted
[2022.05.10-06.57.00:184][  0]LogShaderLibrary: Display: ShaderCodeLibraryPakFileMountedCallback: pending pak file info (ChunkID:-1 Root:root:/ File:D:/UNREAL ENGINE/UE_4.27/FeaturePacks/TP_PuzzleBP.upack)
[2022.05.10-06.57.00:184][  0]LogPakFile: OnPakFileMounted2Time == 0.000109
[2022.05.10-06.57.00:185][  0]LogPakFile: PakFile PrimaryIndexSize=183
[2022.05.10-06.57.00:185][  0]LogPakFile: PakFile PathHashIndexSize=101
[2022.05.10-06.57.00:185][  0]LogPakFile: PakFile FullDirectoryIndexSize=140
[2022.05.10-06.57.00:185][  0]LogShaderLibrary: Display: ShaderCodeLibraryPakFileMountedCallback: PakFile 'D:/UNREAL ENGINE/UE_4.27/FeaturePacks/TP_Rolling.upack' (chunk index -1, root 'root:/') mounted
[2022.05.10-06.57.00:185][  0]LogShaderLibrary: Display: ShaderCodeLibraryPakFileMountedCallback: pending pak file info (ChunkID:-1 Root:root:/ File:D:/UNREAL ENGINE/UE_4.27/FeaturePacks/TP_Rolling.upack)
[2022.05.10-06.57.00:185][  0]LogPakFile: OnPakFileMounted2Time == 0.000113
[2022.05.10-06.57.00:186][  0]LogPakFile: PakFile PrimaryIndexSize=185
[2022.05.10-06.57.00:186][  0]LogPakFile: PakFile PathHashIndexSize=101
[2022.05.10-06.57.00:186][  0]LogPakFile: PakFile FullDirectoryIndexSize=144
[2022.05.10-06.57.00:186][  0]LogShaderLibrary: Display: ShaderCodeLibraryPakFileMountedCallback: PakFile 'D:/UNREAL ENGINE/UE_4.27/FeaturePacks/TP_RollingBP.upack' (chunk index -1, root 'root:/') mounted
[2022.05.10-06.57.00:186][  0]LogShaderLibrary: Display: ShaderCodeLibraryPakFileMountedCallback: pending pak file info (ChunkID:-1 Root:root:/ File:D:/UNREAL ENGINE/UE_4.27/FeaturePacks/TP_RollingBP.upack)
[2022.05.10-06.57.00:187][  0]LogPakFile: OnPakFileMounted2Time == 0.000114
[2022.05.10-06.57.00:188][  0]LogPakFile: PakFile PrimaryIndexSize=188
[2022.05.10-06.57.00:188][  0]LogPakFile: PakFile PathHashIndexSize=101
[2022.05.10-06.57.00:188][  0]LogPakFile: PakFile FullDirectoryIndexSize=150
[2022.05.10-06.57.00:188][  0]LogShaderLibrary: Display: ShaderCodeLibraryPakFileMountedCallback: PakFile 'D:/UNREAL ENGINE/UE_4.27/FeaturePacks/TP_SideScroller.upack' (chunk index -1, root 'root:/') mounted
[2022.05.10-06.57.00:188][  0]LogShaderLibrary: Display: ShaderCodeLibraryPakFileMountedCallback: pending pak file info (ChunkID:-1 Root:root:/ File:D:/UNREAL ENGINE/UE_4.27/FeaturePacks/TP_SideScroller.upack)
[2022.05.10-06.57.00:188][  0]LogPakFile: OnPakFileMounted2Time == 0.000104
[2022.05.10-06.57.00:189][  0]LogPakFile: PakFile PrimaryIndexSize=190
[2022.05.10-06.57.00:189][  0]LogPakFile: PakFile PathHashIndexSize=101
[2022.05.10-06.57.00:189][  0]LogPakFile: PakFile FullDirectoryIndexSize=154
[2022.05.10-06.57.00:189][  0]LogShaderLibrary: Display: ShaderCodeLibraryPakFileMountedCallback: PakFile 'D:/UNREAL ENGINE/UE_4.27/FeaturePacks/TP_SideScrollerBP.upack' (chunk index -1, root 'root:/') mounted
[2022.05.10-06.57.00:189][  0]LogShaderLibrary: Display: ShaderCodeLibraryPakFileMountedCallback: pending pak file info (ChunkID:-1 Root:root:/ File:D:/UNREAL ENGINE/UE_4.27/FeaturePacks/TP_SideScrollerBP.upack)
[2022.05.10-06.57.00:189][  0]LogPakFile: OnPakFileMounted2Time == 0.000104
[2022.05.10-06.57.00:190][  0]LogPakFile: PakFile PrimaryIndexSize=187
[2022.05.10-06.57.00:190][  0]LogPakFile: PakFile PathHashIndexSize=101
[2022.05.10-06.57.00:190][  0]LogPakFile: PakFile FullDirectoryIndexSize=148
[2022.05.10-06.57.00:190][  0]LogShaderLibrary: Display: ShaderCodeLibraryPakFileMountedCallback: PakFile 'D:/UNREAL ENGINE/UE_4.27/FeaturePacks/TP_ThirdPerson.upack' (chunk index -1, root 'root:/') mounted
[2022.05.10-06.57.00:190][  0]LogShaderLibrary: Display: ShaderCodeLibraryPakFileMountedCallback: pending pak file info (ChunkID:-1 Root:root:/ File:D:/UNREAL ENGINE/UE_4.27/FeaturePacks/TP_ThirdPerson.upack)
[2022.05.10-06.57.00:190][  0]LogPakFile: OnPakFileMounted2Time == 0.000126
[2022.05.10-06.57.00:192][  0]LogPakFile: PakFile PrimaryIndexSize=189
[2022.05.10-06.57.00:192][  0]LogPakFile: PakFile PathHashIndexSize=101
[2022.05.10-06.57.00:192][  0]LogPakFile: PakFile FullDirectoryIndexSize=152
[2022.05.10-06.57.00:192][  0]LogShaderLibrary: Display: ShaderCodeLibraryPakFileMountedCallback: PakFile 'D:/UNREAL ENGINE/UE_4.27/FeaturePacks/TP_ThirdPersonBP.upack' (chunk index -1, root 'root:/') mounted
[2022.05.10-06.57.00:192][  0]LogShaderLibrary: Display: ShaderCodeLibraryPakFileMountedCallback: pending pak file info (ChunkID:-1 Root:root:/ File:D:/UNREAL ENGINE/UE_4.27/FeaturePacks/TP_ThirdPersonBP.upack)
[2022.05.10-06.57.00:192][  0]LogPakFile: OnPakFileMounted2Time == 0.000115
[2022.05.10-06.57.00:193][  0]LogPakFile: PakFile PrimaryIndexSize=183
[2022.05.10-06.57.00:193][  0]LogPakFile: PakFile PathHashIndexSize=101
[2022.05.10-06.57.00:193][  0]LogPakFile: PakFile FullDirectoryIndexSize=140
[2022.05.10-06.57.00:193][  0]LogShaderLibrary: Display: ShaderCodeLibraryPakFileMountedCallback: PakFile 'D:/UNREAL ENGINE/UE_4.27/FeaturePacks/TP_TopDown.upack' (chunk index -1, root 'root:/') mounted
[2022.05.10-06.57.00:193][  0]LogShaderLibrary: Display: ShaderCodeLibraryPakFileMountedCallback: pending pak file info (ChunkID:-1 Root:root:/ File:D:/UNREAL ENGINE/UE_4.27/FeaturePacks/TP_TopDown.upack)
[2022.05.10-06.57.00:193][  0]LogPakFile: OnPakFileMounted2Time == 0.000131
[2022.05.10-06.57.00:194][  0]LogPakFile: PakFile PrimaryIndexSize=185
[2022.05.10-06.57.00:194][  0]LogPakFile: PakFile PathHashIndexSize=101
[2022.05.10-06.57.00:194][  0]LogPakFile: PakFile FullDirectoryIndexSize=144
[2022.05.10-06.57.00:194][  0]LogShaderLibrary: Display: ShaderCodeLibraryPakFileMountedCallback: PakFile 'D:/UNREAL ENGINE/UE_4.27/FeaturePacks/TP_TopDownBP.upack' (chunk index -1, root 'root:/') mounted
[2022.05.10-06.57.00:194][  0]LogShaderLibrary: Display: ShaderCodeLibraryPakFileMountedCallback: pending pak file info (ChunkID:-1 Root:root:/ File:D:/UNREAL ENGINE/UE_4.27/FeaturePacks/TP_TopDownBP.upack)
[2022.05.10-06.57.00:194][  0]LogPakFile: OnPakFileMounted2Time == 0.000105
[2022.05.10-06.57.00:195][  0]LogPakFile: PakFile PrimaryIndexSize=185
[2022.05.10-06.57.00:196][  0]LogPakFile: PakFile PathHashIndexSize=101
[2022.05.10-06.57.00:196][  0]LogPakFile: PakFile FullDirectoryIndexSize=144
[2022.05.10-06.57.00:196][  0]LogShaderLibrary: Display: ShaderCodeLibraryPakFileMountedCallback: PakFile 'D:/UNREAL ENGINE/UE_4.27/FeaturePacks/TP_TwinStick.upack' (chunk index -1, root 'root:/') mounted
[2022.05.10-06.57.00:196][  0]LogShaderLibrary: Display: ShaderCodeLibraryPakFileMountedCallback: pending pak file info (ChunkID:-1 Root:root:/ File:D:/UNREAL ENGINE/UE_4.27/FeaturePacks/TP_TwinStick.upack)
[2022.05.10-06.57.00:196][  0]LogPakFile: OnPakFileMounted2Time == 0.000118
[2022.05.10-06.57.00:203][  0]LogPakFile: PakFile PrimaryIndexSize=187
[2022.05.10-06.57.00:203][  0]LogPakFile: PakFile PathHashIndexSize=101
[2022.05.10-06.57.00:203][  0]LogPakFile: PakFile FullDirectoryIndexSize=148
[2022.05.10-06.57.00:203][  0]LogShaderLibrary: Display: ShaderCodeLibraryPakFileMountedCallback: PakFile 'D:/UNREAL ENGINE/UE_4.27/FeaturePacks/TP_TwinStickBP.upack' (chunk index -1, root 'root:/') mounted
[2022.05.10-06.57.00:203][  0]LogShaderLibrary: Display: ShaderCodeLibraryPakFileMountedCallback: pending pak file info (ChunkID:-1 Root:root:/ File:D:/UNREAL ENGINE/UE_4.27/FeaturePacks/TP_TwinStickBP.upack)
[2022.05.10-06.57.00:203][  0]LogPakFile: OnPakFileMounted2Time == 0.000103
[2022.05.10-06.57.00:205][  0]LogPakFile: PakFile PrimaryIndexSize=183
[2022.05.10-06.57.00:205][  0]LogPakFile: PakFile PathHashIndexSize=101
[2022.05.10-06.57.00:205][  0]LogPakFile: PakFile FullDirectoryIndexSize=140
[2022.05.10-06.57.00:205][  0]LogShaderLibrary: Display: ShaderCodeLibraryPakFileMountedCallback: PakFile 'D:/UNREAL ENGINE/UE_4.27/FeaturePacks/TP_Vehicle.upack' (chunk index -1, root 'root:/') mounted
[2022.05.10-06.57.00:205][  0]LogShaderLibrary: Display: ShaderCodeLibraryPakFileMountedCallback: pending pak file info (ChunkID:-1 Root:root:/ File:D:/UNREAL ENGINE/UE_4.27/FeaturePacks/TP_Vehicle.upack)
[2022.05.10-06.57.00:205][  0]LogPakFile: OnPakFileMounted2Time == 0.000107
[2022.05.10-06.57.00:207][  0]LogPakFile: PakFile PrimaryIndexSize=186
[2022.05.10-06.57.00:207][  0]LogPakFile: PakFile PathHashIndexSize=101
[2022.05.10-06.57.00:207][  0]LogPakFile: PakFile FullDirectoryIndexSize=146
[2022.05.10-06.57.00:207][  0]LogShaderLibrary: Display: ShaderCodeLibraryPakFileMountedCallback: PakFile 'D:/UNREAL ENGINE/UE_4.27/FeaturePacks/TP_VehicleAdv.upack' (chunk index -1, root 'root:/') mounted
[2022.05.10-06.57.00:207][  0]LogShaderLibrary: Display: ShaderCodeLibraryPakFileMountedCallback: pending pak file info (ChunkID:-1 Root:root:/ File:D:/UNREAL ENGINE/UE_4.27/FeaturePacks/TP_VehicleAdv.upack)
[2022.05.10-06.57.00:207][  0]LogPakFile: OnPakFileMounted2Time == 0.000108
[2022.05.10-06.57.00:213][  0]LogPakFile: PakFile PrimaryIndexSize=188
[2022.05.10-06.57.00:213][  0]LogPakFile: PakFile PathHashIndexSize=101
[2022.05.10-06.57.00:213][  0]LogPakFile: PakFile FullDirectoryIndexSize=150
[2022.05.10-06.57.00:213][  0]LogShaderLibrary: Display: ShaderCodeLibraryPakFileMountedCallback: PakFile 'D:/UNREAL ENGINE/UE_4.27/FeaturePacks/TP_VehicleAdvBP.upack' (chunk index -1, root 'root:/') mounted
[2022.05.10-06.57.00:213][  0]LogShaderLibrary: Display: ShaderCodeLibraryPakFileMountedCallback: pending pak file info (ChunkID:-1 Root:root:/ File:D:/UNREAL ENGINE/UE_4.27/FeaturePacks/TP_VehicleAdvBP.upack)
[2022.05.10-06.57.00:213][  0]LogPakFile: OnPakFileMounted2Time == 0.000118
[2022.05.10-06.57.00:214][  0]LogPakFile: PakFile PrimaryIndexSize=185
[2022.05.10-06.57.00:214][  0]LogPakFile: PakFile PathHashIndexSize=101
[2022.05.10-06.57.00:214][  0]LogPakFile: PakFile FullDirectoryIndexSize=144
[2022.05.10-06.57.00:214][  0]LogShaderLibrary: Display: ShaderCodeLibraryPakFileMountedCallback: PakFile 'D:/UNREAL ENGINE/UE_4.27/FeaturePacks/TP_VehicleBP.upack' (chunk index -1, root 'root:/') mounted
[2022.05.10-06.57.00:214][  0]LogShaderLibrary: Display: ShaderCodeLibraryPakFileMountedCallback: pending pak file info (ChunkID:-1 Root:root:/ File:D:/UNREAL ENGINE/UE_4.27/FeaturePacks/TP_VehicleBP.upack)
[2022.05.10-06.57.00:215][  0]LogPakFile: OnPakFileMounted2Time == 0.000109
[2022.05.10-06.57.00:216][  0]LogPakFile: PakFile PrimaryIndexSize=192
[2022.05.10-06.57.00:216][  0]LogPakFile: PakFile PathHashIndexSize=101
[2022.05.10-06.57.00:216][  0]LogPakFile: PakFile FullDirectoryIndexSize=158
[2022.05.10-06.57.00:216][  0]LogShaderLibrary: Display: ShaderCodeLibraryPakFileMountedCallback: PakFile 'D:/UNREAL ENGINE/UE_4.27/FeaturePacks/TP_VirtualRealityBP.upack' (chunk index -1, root 'root:/') mounted
[2022.05.10-06.57.00:216][  0]LogShaderLibrary: Display: ShaderCodeLibraryPakFileMountedCallback: pending pak file info (ChunkID:-1 Root:root:/ File:D:/UNREAL ENGINE/UE_4.27/FeaturePacks/TP_VirtualRealityBP.upack)
[2022.05.10-06.57.00:216][  0]LogPakFile: OnPakFileMounted2Time == 0.000107
[2022.05.10-06.57.01:113][  0]LogNativeClassHierarchy: Verbose: Native class hierarchy updated for 'AddContentDialog' in 0.0003 seconds. Added 0 classes and 0 folders.
[2022.05.10-06.57.01:114][  0]LogNativeClassHierarchy: Verbose: Native class hierarchy updated for 'SceneOutliner' in 0.0002 seconds. Added 2 classes and 0 folders.
[2022.05.10-06.57.01:155][  0]LogSlate: Took 0.006458 seconds to synchronously load lazily loaded font '../../../Engine/Content/Editor/Slate/Fonts/FontAwesome.ttf' (139K)
[2022.05.10-06.57.01:221][  0]LogSlate: Took 0.065761 seconds to synchronously load lazily loaded font '../../../Engine/Content/Editor/Slate/Fonts/NanumGothicBold.ttf' (4188K)
[2022.05.10-06.57.01:447][  0]LogSlate: Took 0.225178 seconds to synchronously load lazily loaded font '../../../Engine/Content/Slate/Fonts/Roboto-Bold.ttf' (160K)
[2022.05.10-06.57.01:539][  0]LogRenderer: Reallocating scene render targets to support 1208x572 Format 10 NumSamples 1 (Frame:1).
[2022.05.10-06.57.01:574][  0]LogSlate: Took 0.000685 seconds to synchronously load lazily loaded font '../../../Engine/Content/Slate/Fonts/Roboto-Light.ttf' (167K)
[2022.05.10-06.57.01:627][  0]LogNativeClassHierarchy: Verbose: Native class hierarchy updated for 'HierarchicalLODOutliner' in 0.0003 seconds. Added 0 classes and 0 folders.
[2022.05.10-06.57.01:627][  0]LogLoad: (Engine Initialization) Total time: 50.79 seconds
[2022.05.10-06.57.01:627][  0]LogLoad: (Engine Initialization) Total Blueprint compile time: 0.00 seconds
[2022.05.10-06.57.01:766][  0]LogActor: Warning: MyFirstActor /Engine/Transient.World_0:PersistentLevel.MyFirstActor_0 has natively added scene component(s), but none of them were set as the actor's RootComponent - picking one arbitrarily
[2022.05.10-06.57.01:790][  0]LogAssetRegistry: Asset discovery search completed in 34.7028 seconds
[2022.05.10-06.57.01:823][  0]LogCollectionManager: Fixed up redirectors for 0 collections in 0.000002 seconds (updated 0 objects)
[2022.05.10-06.57.01:824][  0]LogContentStreaming: Texture pool size now 1000 MB
[2022.05.10-06.57.14:615][122]LogEditor: Attempting to add actor of class 'InventoryActor' to level at 230.00,180.00,-320.00
[2022.05.10-06.57.15:454][220]LogEditor: Attempting to add actor of class 'InventoryActor' to level at 250.00,50.00,30.00
[2022.05.10-06.57.16:272][299]LogEditor: Attempting to add actor of class 'InventoryActor' to level at 150.00,150.00,-350.00
[2022.05.10-06.57.17:040][389]LogEditor: Attempting to add actor of class 'InventoryActor' to level at 20.00,-100.00,30.00
[2022.05.10-06.57.17:790][475]LogEditorViewport: Clicking on Actor (LMB): StaticMeshActor (Floor)
[2022.05.10-06.57.28:163][672]LogEditor: Attempting to add actor of class 'InventoryActor' to level at 630.00,40.00,-290.00
[2022.05.10-06.57.29:056][777]LogEditor: Attempting to add actor of class 'InventoryActor' to level at 520.00,290.00,30.00
[2022.05.10-06.57.30:714][962]LogEditor: Attempting to add actor of class 'InventoryActor' to level at 670.00,10.00,-280.00
[2022.05.10-06.57.33:138][251]LogEditor: Attempting to add actor of class 'InventoryActor' to level at 690.00,160.00,120.00
[2022.05.10-06.57.34:282][384]LogTemp: Repeating last play command: 선택된 뷰포트
[2022.05.10-06.57.34:286][384]LogPlayLevel: PlayLevel: No blueprints needed recompiling
[2022.05.10-06.57.34:302][384]PIE: New page: PIE 세션: Minimal_Default (2022. 5. 11. 오전 12:57:34)
[2022.05.10-06.57.34:304][384]LogOnline: OSS: Creating online subsystem instance for: NULL
[2022.05.10-06.57.34:306][384]LogOnline: OSS: TryLoadSubsystemAndSetDefault: Loaded subsystem for module [NULL]
[2022.05.10-06.57.34:306][384]LogPlayLevel: Creating play world package: /Game/StarterContent/Maps/UEDPIE_0_Minimal_Default
[2022.05.10-06.57.34:310][384]LogPlayLevel: PIE: StaticDuplicateObject took: (0.003165s)
[2022.05.10-06.57.34:310][384]LogAIModule: Creating AISystem for world Minimal_Default
[2022.05.10-06.57.34:311][384]LogPlayLevel: PIE: World Init took: (0.000981s)
[2022.05.10-06.57.34:311][384]LogPlayLevel: PIE: Created PIE world by copying editor world from /Game/StarterContent/Maps/Minimal_Default.Minimal_Default to /Game/StarterContent/Maps/UEDPIE_0_Minimal_Default.Minimal_Default (0.004419s)
[2022.05.10-06.57.34:316][384]LogUObjectHash: Compacting FUObjectHashTables data took   0.63ms
[2022.05.10-06.57.34:316][384]LogAudio: Display: Creating Audio Device:                 Id: 2, Scope: Unique, Realtime: True
[2022.05.10-06.57.34:317][384]LogAudioMixer: Display: Audio Mixer Platform Settings:
[2022.05.10-06.57.34:317][384]LogAudioMixer: Display: 	Sample Rate:						  48000
[2022.05.10-06.57.34:317][384]LogAudioMixer: Display: 	Callback Buffer Frame Size Requested: 1024
[2022.05.10-06.57.34:317][384]LogAudioMixer: Display: 	Callback Buffer Frame Size To Use:	  1024
[2022.05.10-06.57.34:317][384]LogAudioMixer: Display: 	Number of buffers to queue:			  2
[2022.05.10-06.57.34:317][384]LogAudioMixer: Display: 	Max Channels (voices):				  32
[2022.05.10-06.57.34:317][384]LogAudioMixer: Display: 	Number of Async Source Workers:		  0
[2022.05.10-06.57.34:317][384]LogAudio: Display: AudioDevice MaxSources: 32
[2022.05.10-06.57.34:317][384]LogAudio: Display: Audio Spatialization Plugin: None (built-in).
[2022.05.10-06.57.34:317][384]LogAudio: Display: Audio Reverb Plugin: None (built-in).
[2022.05.10-06.57.34:317][384]LogAudio: Display: Audio Occlusion Plugin: None (built-in).
[2022.05.10-06.57.34:317][384]LogAudioMixer: Display: Initializing audio mixer.
[2022.05.10-06.57.34:318][384]LogAudioMixer: Display: Using Audio Device Unknown
[2022.05.10-06.57.34:318][384]LogAudioMixer: Display: Initializing Sound Submixes...
[2022.05.10-06.57.34:318][384]LogAudioMixer: Display: Creating Master Submix 'MasterSubmixDefault'
[2022.05.10-06.57.34:318][384]LogAudioMixer: Display: Creating Master Submix 'MasterReverbSubmixDefault'
[2022.05.10-06.57.34:319][384]LogAudioMixer: Display: Creating Master Submix 'MasterEQSubmixDefault'
[2022.05.10-06.57.34:319][384]LogAudioMixer: FMixerPlatformXAudio2::StartAudioStream() called
[2022.05.10-06.57.34:319][384]LogAudioMixer: Display: Output buffers initialized: Frames=1024, Channels=2, Samples=2048
[2022.05.10-06.57.34:321][384]LogAudioMixer: Display: Starting AudioMixerPlatformInterface::RunInternal()
[2022.05.10-06.57.34:321][384]LogAudioMixer: Display: StartRunningNullDevice() called
[2022.05.10-06.57.34:322][384]LogInit: FAudioDevice initialized.
[2022.05.10-06.57.34:322][384]LogAudio: Display: Audio Device (ID: 2) registered with world 'Minimal_Default'.
[2022.05.10-06.57.34:331][384]LogLoad: Game class is 'UE4MyGameModeBase'
[2022.05.10-06.57.34:332][384]LogWorld: Bringing World /Game/StarterContent/Maps/UEDPIE_0_Minimal_Default.Minimal_Default up for play (max tick rate 0) at 2022.05.10-15.57.34
[2022.05.10-06.57.34:332][384]LogWorld: Bringing up level for play took: 0.000855
[2022.05.10-06.57.34:332][384]LogOnline: OSS: Creating online subsystem instance for: :Context_6
[2022.05.10-06.57.34:344][384]LogNativeClassHierarchy: Verbose: Native class hierarchy updated for 'MovieSceneCapture' in 0.0003 seconds. Added 20 classes and 0 folders.
[2022.05.10-06.57.34:345][384]LogActor: Warning: MyFirstActor /Game/StarterContent/Maps/UEDPIE_0_Minimal_Default.Minimal_Default:PersistentLevel.MyFirstActor_0 has natively added scene component(s), but none of them were set as the actor's RootComponent - picking one arbitrarily
[2022.05.10-06.57.34:345][384]PIE: 서버가 로그인했습니다.
[2022.05.10-06.57.34:346][384]PIE: 에디터에서 플레이 총 시작 시간 0.061초입니다.
[2022.05.10-06.57.41:938][283]LogSlate: Updating window title bar state: overlay mode, drag disabled, window buttons hidden, title bar hidden
[2022.05.10-06.57.41:939][283]LogWorld: BeginTearingDown for /Game/StarterContent/Maps/UEDPIE_0_Minimal_Default
[2022.05.10-06.57.41:939][283]LogWorld: UWorld::CleanupWorld for Minimal_Default, bSessionEnded=true, bCleanupResources=true
[2022.05.10-06.57.41:939][283]LogSlate: InvalidateAllWidgets triggered.  All widgets were invalidated
[2022.05.10-06.57.41:950][283]LogPlayLevel: Display: Shutting down PIE online subsystems
[2022.05.10-06.57.41:963][283]LogSlate: InvalidateAllWidgets triggered.  All widgets were invalidated
[2022.05.10-06.57.41:967][283]LogAudio: Display: Audio Device unregistered from world 'None'.
[2022.05.10-06.57.41:968][283]LogAudioMixer: FMixerPlatformXAudio2::StopAudioStream() called
[2022.05.10-06.57.41:969][283]LogAudioMixer: FMixerPlatformXAudio2::StopAudioStream() called
[2022.05.10-06.57.41:969][283]LogAudioMixer: Display: StopRunningNullDevice() called
[2022.05.10-06.57.41:984][283]LogSlate: Updating window title bar state: overlay mode, drag disabled, window buttons hidden, title bar hidden
[2022.05.10-06.57.41:986][283]LogUObjectHash: Compacting FUObjectHashTables data took   0.65ms
[2022.05.10-06.57.42:011][284]LogPlayLevel: Display: Destroying online subsystem :Context_6
[2022.05.10-06.57.47:382][568]LogUObjectHash: Compacting FUObjectHashTables data took   0.60ms
[2022.05.10-06.57.48:864][568]LogSlate: Window '콘텐츠 저장' being destroyed
[2022.05.10-06.57.52:129][913]LogUObjectHash: Compacting FUObjectHashTables data took   0.29ms
[2022.05.10-06.57.55:086][913]LogSlate: Window '콘텐츠 저장' being destroyed
