Log file open, 05/10/22 15:59:25
LogWindows: Failed to load 'aqProf.dll' (GetLastError=126)
LogWindows: File 'aqProf.dll' does not exist
LogWindows: Failed to load 'VtuneApi.dll' (GetLastError=126)
LogWindows: File 'VtuneApi.dll' does not exist
LogWindows: Failed to load 'VtuneApi32e.dll' (GetLastError=126)
LogWindows: File 'VtuneApi32e.dll' does not exist
LogConsoleResponse: Display: Failed to find resolution value strings in scalability ini. Falling back to default.
LogConsoleResponse: Display: Failed to find resolution value strings in scalability ini. Falling back to default.
LogInit: Display: Running engine for game: CookBook_Ch4
LogPlatformFile: Not using cached read wrapper
LogTaskGraph: Started task graph with 5 named threads and 35 total threads with 3 sets of task threads.
LogStats: Stats thread started at 0.279598
LogICUInternationalization: ICU TimeZone Detection - Raw Offset: +9:00, Platform Override: ''
LogInit: Display: Loading text-based GConfig....
LogPluginManager: Mounting plugin MeshPainting
LogPluginManager: Mounting plugin XGEController
LogPluginManager: Mounting plugin Paper2D
LogPluginManager: Mounting plugin AISupport
LogPluginManager: Mounting plugin EnvironmentQueryEditor
LogPluginManager: Mounting plugin LiveLink
LogPluginManager: Mounting plugin CameraShakePreviewer
LogPluginManager: Mounting plugin GameplayCameras
LogPluginManager: Mounting plugin LightPropagationVolume
LogPluginManager: Mounting plugin OodleData
LogPluginManager: Mounting plugin OodleNetwork
LogPluginManager: Mounting plugin AssetManagerEditor
LogPluginManager: Mounting plugin CryptoKeys
LogPluginManager: Mounting plugin CurveEditorTools
LogPluginManager: Mounting plugin DataValidation
LogPluginManager: Mounting plugin FacialAnimation
LogPluginManager: Mounting plugin GameplayTagsEditor
LogPluginManager: Mounting plugin GeometryMode
LogPluginManager: Mounting plugin MacGraphicsSwitching
LogPluginManager: Mounting plugin AlembicImporter
LogPluginManager: Mounting plugin MaterialAnalyzer
LogPluginManager: Mounting plugin AutomationUtils
LogPluginManager: Mounting plugin MobileLauncherProfileWizard
LogPluginManager: Mounting plugin SpeedTreeImporter
LogPluginManager: Mounting plugin PluginBrowser
LogPluginManager: Mounting plugin BackChannel
LogPluginManager: Mounting plugin ChaosCloth
LogPluginManager: Mounting plugin ChaosEditor
LogPluginManager: Mounting plugin ChaosClothEditor
LogPluginManager: Mounting plugin ChaosSolverPlugin
LogPluginManager: Mounting plugin ChaosNiagara
LogPluginManager: Mounting plugin CharacterAI
LogPluginManager: Mounting plugin DatasmithContent
LogPluginManager: Mounting plugin VariantManagerContent
LogPluginManager: Mounting plugin LuminPlatformFeatures
LogPluginManager: Mounting plugin MagicLeap
LogPluginManager: Mounting plugin MagicLeapLightEstimation
LogPluginManager: Mounting plugin MagicLeapMedia
LogPluginManager: Mounting plugin MagicLeapPassableWorld
LogPluginManager: Mounting plugin MLSDK
LogPluginManager: Mounting plugin AndroidMedia
LogPluginManager: Mounting plugin AvfMedia
LogPluginManager: Mounting plugin ImgMedia
LogPluginManager: Mounting plugin MediaCompositing
LogPluginManager: Mounting plugin Niagara
LogPluginManager: Mounting plugin MediaPlayerEditor
LogPluginManager: Mounting plugin WebMMedia
LogPluginManager: Mounting plugin GeometryCache
LogPluginManager: Mounting plugin WmfMedia
LogPluginManager: Mounting plugin GeometryProcessing
LogPluginManager: Mounting plugin GeometryCollectionPlugin
LogPluginManager: Mounting plugin MotoSynth
LogPluginManager: Mounting plugin OpenImageDenoise
LogPluginManager: Mounting plugin ProxyLODPlugin
LogPluginManager: Mounting plugin PlanarCut
LogPluginManager: Mounting plugin PlatformCrypto
LogPluginManager: Mounting plugin PythonScriptPlugin
LogPluginManager: Mounting plugin SkeletalReduction
LogPluginManager: Mounting plugin UdpMessaging
LogPluginManager: Mounting plugin TcpMessaging
LogPluginManager: Mounting plugin ActorSequence
LogPluginManager: Mounting plugin MatineeToLevelSequence
LogPluginManager: Mounting plugin LevelSequenceEditor
LogPluginManager: Mounting plugin TemplateSequence
LogPluginManager: Mounting plugin OnlineSubsystem
LogPluginManager: Mounting plugin OnlineSubsystemNull
LogPluginManager: Mounting plugin OnlineSubsystemUtils
LogPluginManager: Mounting plugin LauncherChunkInstaller
LogPluginManager: Mounting plugin ActorLayerUtilities
LogPluginManager: Mounting plugin AndroidDeviceProfileSelector
LogPluginManager: Mounting plugin AndroidMoviePlayer
LogPluginManager: Mounting plugin AndroidPermission
LogPluginManager: Mounting plugin AppleImageUtils
LogPluginManager: Mounting plugin AppleMoviePlayer
LogPluginManager: Mounting plugin ArchVisCharacter
LogPluginManager: Mounting plugin AssetTags
LogPluginManager: Mounting plugin AudioCapture
LogPluginManager: Mounting plugin AudioSynesthesia
LogPluginManager: Mounting plugin CableComponent
LogPluginManager: Mounting plugin ChunkDownloader
LogPluginManager: Mounting plugin CustomMeshComponent
LogPluginManager: Mounting plugin EditableMesh
LogPluginManager: Mounting plugin ExampleDeviceProfileSelector
LogPluginManager: Mounting plugin GoogleCloudMessaging
LogPluginManager: Mounting plugin GooglePAD
LogPluginManager: Mounting plugin IOSDeviceProfileSelector
LogPluginManager: Mounting plugin LinuxDeviceProfileSelector
LogPluginManager: Mounting plugin LocationServicesBPLibrary
LogPluginManager: Mounting plugin MobilePatchingUtils
LogPluginManager: Mounting plugin OpenXR
LogPluginManager: Mounting plugin OpenXREyeTracker
LogPluginManager: Mounting plugin OpenXRHandTracking
LogPluginManager: Mounting plugin PhysXVehicles
LogPluginManager: Mounting plugin PostSplashScreen
LogPluginManager: Mounting plugin ProceduralMeshComponent
LogPluginManager: Mounting plugin PropertyAccessEditor
LogPluginManager: Mounting plugin ScreenshotTools
LogPluginManager: Mounting plugin RuntimePhysXCooking
LogPluginManager: Mounting plugin SignificanceManager
LogPluginManager: Mounting plugin SoundFields
LogPluginManager: Mounting plugin Synthesis
LogPluginManager: Mounting plugin Takes
LogPluginManager: Mounting plugin WebMMoviePlayer
LogPluginManager: Mounting plugin WindowsMoviePlayer
LogPluginManager: Mounting plugin AnimationSharing
LogPluginManager: Mounting plugin CLionSourceCodeAccess
LogPluginManager: Mounting plugin CodeLiteSourceCodeAccess
LogPluginManager: Mounting plugin NullSourceCodeAccess
LogPluginManager: Mounting plugin KDevelopSourceCodeAccess
LogPluginManager: Mounting plugin PixWinPlugin
LogPluginManager: Mounting plugin PerforceSourceControl
LogPluginManager: Mounting plugin PropertyAccessNode
LogPluginManager: Mounting plugin PlasticSourceControl
LogPluginManager: Mounting plugin RiderSourceCodeAccess
LogPluginManager: Mounting plugin SubversionSourceControl
LogPluginManager: Mounting plugin TextureFormatOodle
LogPluginManager: Mounting plugin GitSourceControl
LogPluginManager: Mounting plugin PluginUtils
LogPluginManager: Mounting plugin UObjectPlugin
LogPluginManager: Mounting plugin VisualStudioCodeSourceCodeAccess
LogPluginManager: Mounting plugin XCodeSourceCodeAccess
LogPluginManager: Mounting plugin VisualStudioSourceCodeAccess
LogPluginManager: Mounting plugin ContentBrowserAssetDataSource
LogPluginManager: Mounting plugin ContentBrowserClassDataSource
LogPluginManager: Mounting plugin ContentBrowserFileDataSource
LogPluginManager: Mounting plugin OnlineSubsystemGooglePlay
LogPluginManager: Mounting plugin OnlineSubsystemIOS
LogPluginManager: Mounting plugin OculusVR
LogPluginManager: Mounting plugin SteamVR
LogInit: Using libcurl 7.55.1-DEV
LogInit:  - built for x86_64-pc-win32
LogInit:  - supports SSL with OpenSSL/1.1.1
LogInit:  - supports HTTP deflate (compression) using libz 1.2.8
LogInit:  - other features:
LogInit:      CURL_VERSION_SSL
LogInit:      CURL_VERSION_LIBZ
LogInit:      CURL_VERSION_IPV6
LogInit:      CURL_VERSION_ASYNCHDNS
LogInit:      CURL_VERSION_LARGEFILE
LogInit:      CURL_VERSION_IDN
LogInit:  CurlRequestOptions (configurable via config and command line):
LogInit:  - bVerifyPeer = true  - Libcurl will verify peer certificate
LogInit:  - bUseHttpProxy = false  - Libcurl will NOT use HTTP proxy
LogInit:  - bDontReuseConnections = false  - Libcurl will reuse connections
LogInit:  - MaxHostConnections = 16  - Libcurl will limit the number of connections to a host
LogInit:  - LocalHostAddr = Default
LogInit:  - BufferSize = 65536
LogOnline: OSS: Creating online subsystem instance for: NULL
LogInit: WinSock: version 1.1 (2.2), MaxSocks=32767, MaxUdp=65467
LogOnline: OSS: TryLoadSubsystemAndSetDefault: Loaded subsystem for module [NULL]
PixWinPlugin: PIX capture plugin failed to initialize! Check that the process is launched from PIX.
LogOculusPluginWrapper: OculusPlugin initialized successfully
LogHMD: Failed initializing OVRPlugin 1.59.0
LogInit: Build: ++UE4+Release-4.27-CL-18319896
LogInit: Engine Version: 4.27.2-18319896+++UE4+Release-4.27
LogInit: Compatible Engine Version: 4.27.0-17155196+++UE4+Release-4.27
LogInit: Net CL: 17155196
LogInit: OS: Windows 10 (Release 2009) (), CPU: Intel(R) Core(TM) i5-10400 CPU @ 2.90GHz, GPU: NVIDIA GeForce GTX 1050 Ti
LogInit: Compiled (64-bit): Nov 30 2021 07:12:08
LogInit: Compiled with Visual C++: 19.24.28315.00
LogInit: Build Configuration: Development
LogInit: Branch Name: ++UE4+Release-4.27
LogInit: Command Line:  -skipcompile
LogInit: Base Directory: D:/UNREAL ENGINE/UE_4.27/Engine/Binaries/Win64/
LogInit: Allocator: TBB
LogInit: Installed Engine Build: 1
LogDevObjectVersion: Number of dev versions registered: 29
LogDevObjectVersion:   Dev-Blueprints (B0D832E4-1F89-4F0D-ACCF-7EB736FD4AA2): 10
LogDevObjectVersion:   Dev-Build (E1C64328-A22C-4D53-A36C-8E866417BD8C): 0
LogDevObjectVersion:   Dev-Core (375EC13C-06E4-48FB-B500-84F0262A717E): 4
LogDevObjectVersion:   Dev-Editor (E4B068ED-F494-42E9-A231-DA0B2E46BB41): 40
LogDevObjectVersion:   Dev-Framework (CFFC743F-43B0-4480-9391-14DF171D2073): 37
LogDevObjectVersion:   Dev-Mobile (B02B49B5-BB20-44E9-A304-32B752E40360): 3
LogDevObjectVersion:   Dev-Networking (A4E4105C-59A1-49B5-A7C5-40C4547EDFEE): 0
LogDevObjectVersion:   Dev-Online (39C831C9-5AE6-47DC-9A44-9C173E1C8E7C): 0
LogDevObjectVersion:   Dev-Physics (78F01B33-EBEA-4F98-B9B4-84EACCB95AA2): 14
LogDevObjectVersion:   Dev-Platform (6631380F-2D4D-43E0-8009-CF276956A95A): 0
LogDevObjectVersion:   Dev-Rendering (12F88B9F-8875-4AFC-A67C-D90C383ABD29): 45
LogDevObjectVersion:   Dev-Sequencer (7B5AE74C-D270-4C10-A958-57980B212A5A): 13
LogDevObjectVersion:   Dev-VR (D7296918-1DD6-4BDD-9DE2-64A83CC13884): 3
LogDevObjectVersion:   Dev-LoadTimes (C2A15278-BFE7-4AFE-6C17-90FF531DF755): 1
LogDevObjectVersion:   Private-Geometry (6EACA3D4-40EC-4CC1-B786-8BED09428FC5): 3
LogDevObjectVersion:   Dev-AnimPhys (29E575DD-E0A3-4627-9D10-D276232CDCEA): 17
LogDevObjectVersion:   Dev-Anim (AF43A65D-7FD3-4947-9873-3E8ED9C1BB05): 15
LogDevObjectVersion:   Dev-ReflectionCapture (6B266CEC-1EC7-4B8F-A30B-E4D90942FC07): 1
LogDevObjectVersion:   Dev-Automation (0DF73D61-A23F-47EA-B727-89E90C41499A): 1
LogDevObjectVersion:   FortniteMain (601D1886-AC64-4F84-AA16-D3DE0DEAC7D6): 47
LogDevObjectVersion:   FortniteRelease (E7086368-6B23-4C58-8439-1B7016265E91): 1
LogDevObjectVersion:   Dev-Enterprise (9DFFBCD6-494F-0158-E221-12823C92A888): 10
LogDevObjectVersion:   Dev-Niagara (F2AED0AC-9AFE-416F-8664-AA7FFA26D6FC): 1
LogDevObjectVersion:   Dev-Destruction (174F1F0B-B4C6-45A5-B13F-2EE8D0FB917D): 10
LogDevObjectVersion:   Dev-Physics-Ext (35F94A83-E258-406C-A318-09F59610247C): 41
LogDevObjectVersion:   Dev-PhysicsMaterial-Chaos (B68FC16E-8B1B-42E2-B453-215C058844FE): 1
LogDevObjectVersion:   Dev-CineCamera (B2E18506-4273-CFC2-A54E-F4BB758BBA07): 1
LogDevObjectVersion:   Dev-VirtualProduction (64F58936-FD1B-42BA-BA96-7289D5D0FA4E): 1
LogDevObjectVersion:   Dev-MediaFramework (6F0ED827-A609-4895-9C91-998D90180EA4): 2
LogInit: Presizing for max 25165824 objects, including 0 objects not considered by GC, pre-allocating 0 bytes for permanent pool.
LogConfig: Applying CVar settings from Section [/Script/Engine.StreamingSettings] File [D:/UNREAL ENGINE/UNREAL PROJECT/CookBook_Ch4/Saved/Config/Windows/Engine.ini]
LogConfig: Setting CVar [[s.MinBulkDataSizeForAsyncLoading:131072]]
LogConfig: Setting CVar [[s.AsyncLoadingThreadEnabled:0]]
LogConfig: Setting CVar [[s.EventDrivenLoaderEnabled:1]]
LogConfig: Setting CVar [[s.WarnIfTimeLimitExceeded:0]]
LogConfig: Setting CVar [[s.TimeLimitExceededMultiplier:1.5]]
LogConfig: Setting CVar [[s.TimeLimitExceededMinTime:0.005]]
LogConfig: Setting CVar [[s.UseBackgroundLevelStreaming:1]]
LogConfig: Setting CVar [[s.PriorityAsyncLoadingExtraTime:15.0]]
LogConfig: Setting CVar [[s.LevelStreamingActorsUpdateTimeLimit:5.0]]
LogConfig: Setting CVar [[s.PriorityLevelStreamingActorsUpdateExtraTime:5.0]]
LogConfig: Setting CVar [[s.LevelStreamingComponentsRegistrationGranularity:10]]
LogConfig: Setting CVar [[s.UnregisterComponentsTimeLimit:1.0]]
LogConfig: Setting CVar [[s.LevelStreamingComponentsUnregistrationGranularity:5]]
LogConfig: Setting CVar [[s.FlushStreamingOnExit:1]]
LogInit: Object subsystem initialized
LogConfig: Setting CVar [[con.DebugEarlyDefault:1]]
LogConfig: Setting CVar [[r.setres:1280x720]]
[2022.05.10-06.59.25:922][  0]LogConfig: Setting CVar [[r.VSync:0]]
[2022.05.10-06.59.25:922][  0]LogConfig: Setting CVar [[r.RHICmdBypass:0]]
[2022.05.10-06.59.25:922][  0]LogConfig: Applying CVar settings from Section [/Script/Engine.RendererSettings] File [D:/UNREAL ENGINE/UNREAL PROJECT/CookBook_Ch4/Saved/Config/Windows/Engine.ini]
[2022.05.10-06.59.25:922][  0]LogConfig: Setting CVar [[r.GPUCrashDebugging:0]]
[2022.05.10-06.59.25:922][  0]LogConfig: Applying CVar settings from Section [/Script/Engine.RendererOverrideSettings] File [D:/UNREAL ENGINE/UNREAL PROJECT/CookBook_Ch4/Saved/Config/Windows/Engine.ini]
[2022.05.10-06.59.25:922][  0]LogConfig: Applying CVar settings from Section [/Script/Engine.StreamingSettings] File [D:/UNREAL ENGINE/UNREAL PROJECT/CookBook_Ch4/Saved/Config/Windows/Engine.ini]
[2022.05.10-06.59.25:922][  0]LogConfig: Setting CVar [[s.MinBulkDataSizeForAsyncLoading:131072]]
[2022.05.10-06.59.25:922][  0]LogConfig: Setting CVar [[s.AsyncLoadingThreadEnabled:0]]
[2022.05.10-06.59.25:922][  0]LogConfig: Setting CVar [[s.EventDrivenLoaderEnabled:1]]
[2022.05.10-06.59.25:922][  0]LogConfig: Setting CVar [[s.WarnIfTimeLimitExceeded:0]]
[2022.05.10-06.59.25:922][  0]LogConfig: Setting CVar [[s.TimeLimitExceededMultiplier:1.5]]
[2022.05.10-06.59.25:922][  0]LogConfig: Setting CVar [[s.TimeLimitExceededMinTime:0.005]]
[2022.05.10-06.59.25:922][  0]LogConfig: Setting CVar [[s.UseBackgroundLevelStreaming:1]]
[2022.05.10-06.59.25:922][  0]LogConfig: Setting CVar [[s.PriorityAsyncLoadingExtraTime:15.0]]
[2022.05.10-06.59.25:922][  0]LogConfig: Setting CVar [[s.LevelStreamingActorsUpdateTimeLimit:5.0]]
[2022.05.10-06.59.25:922][  0]LogConfig: Setting CVar [[s.PriorityLevelStreamingActorsUpdateExtraTime:5.0]]
[2022.05.10-06.59.25:923][  0]LogConfig: Setting CVar [[s.LevelStreamingComponentsRegistrationGranularity:10]]
[2022.05.10-06.59.25:923][  0]LogConfig: Setting CVar [[s.UnregisterComponentsTimeLimit:1.0]]
[2022.05.10-06.59.25:923][  0]LogConfig: Setting CVar [[s.LevelStreamingComponentsUnregistrationGranularity:5]]
[2022.05.10-06.59.25:923][  0]LogConfig: Setting CVar [[s.FlushStreamingOnExit:1]]
[2022.05.10-06.59.25:923][  0]LogConfig: Applying CVar settings from Section [/Script/Engine.GarbageCollectionSettings] File [D:/UNREAL ENGINE/UNREAL PROJECT/CookBook_Ch4/Saved/Config/Windows/Engine.ini]
[2022.05.10-06.59.25:923][  0]LogConfig: Setting CVar [[gc.MaxObjectsNotConsideredByGC:1]]
[2022.05.10-06.59.25:923][  0]LogConfig: Setting CVar [[gc.SizeOfPermanentObjectPool:0]]
[2022.05.10-06.59.25:923][  0]LogConfig: Setting CVar [[gc.FlushStreamingOnGC:0]]
[2022.05.10-06.59.25:923][  0]LogConfig: Setting CVar [[gc.NumRetriesBeforeForcingGC:10]]
[2022.05.10-06.59.25:923][  0]LogConfig: Setting CVar [[gc.AllowParallelGC:1]]
[2022.05.10-06.59.25:923][  0]LogConfig: Setting CVar [[gc.TimeBetweenPurgingPendingKillObjects:61.1]]
[2022.05.10-06.59.25:923][  0]LogConfig: Setting CVar [[gc.MaxObjectsInEditor:25165824]]
[2022.05.10-06.59.25:923][  0]LogConfig: Setting CVar [[gc.IncrementalBeginDestroyEnabled:1]]
[2022.05.10-06.59.25:923][  0]LogConfig: Setting CVar [[gc.CreateGCClusters:1]]
[2022.05.10-06.59.25:923][  0]LogConfig: Setting CVar [[gc.MinGCClusterSize:5]]
[2022.05.10-06.59.25:923][  0]LogConfig: Setting CVar [[gc.ActorClusteringEnabled:0]]
[2022.05.10-06.59.25:923][  0]LogConfig: Setting CVar [[gc.BlueprintClusteringEnabled:0]]
[2022.05.10-06.59.25:923][  0]LogConfig: Setting CVar [[gc.UseDisregardForGCOnDedicatedServers:0]]
[2022.05.10-06.59.25:923][  0]LogConfig: Setting CVar [[gc.MultithreadedDestructionEnabled:1]]
[2022.05.10-06.59.25:923][  0]LogConfig: Applying CVar settings from Section [/Script/Engine.NetworkSettings] File [D:/UNREAL ENGINE/UNREAL PROJECT/CookBook_Ch4/Saved/Config/Windows/Engine.ini]
[2022.05.10-06.59.25:923][  0]LogConfig: Applying CVar settings from Section [/Script/UnrealEd.CookerSettings] File [D:/UNREAL ENGINE/UNREAL PROJECT/CookBook_Ch4/Saved/Config/Windows/Engine.ini]
[2022.05.10-06.59.25:930][  0]LogConfig: Applying CVar settings from Section [ViewDistanceQuality@3] File [D:/UNREAL ENGINE/UNREAL PROJECT/CookBook_Ch4/Saved/Config/Windows/Scalability.ini]
[2022.05.10-06.59.25:930][  0]LogConfig: Setting CVar [[r.SkeletalMeshLODBias:0]]
[2022.05.10-06.59.25:930][  0]LogConfig: Setting CVar [[r.ViewDistanceScale:1.0]]
[2022.05.10-06.59.25:930][  0]LogConfig: Applying CVar settings from Section [AntiAliasingQuality@3] File [D:/UNREAL ENGINE/UNREAL PROJECT/CookBook_Ch4/Saved/Config/Windows/Scalability.ini]
[2022.05.10-06.59.25:930][  0]LogConfig: Setting CVar [[r.PostProcessAAQuality:4]]
[2022.05.10-06.59.25:930][  0]LogConfig: Applying CVar settings from Section [ShadowQuality@3] File [D:/UNREAL ENGINE/UNREAL PROJECT/CookBook_Ch4/Saved/Config/Windows/Scalability.ini]
[2022.05.10-06.59.25:930][  0]LogConfig: Setting CVar [[r.LightFunctionQuality:1]]
[2022.05.10-06.59.25:930][  0]LogConfig: Setting CVar [[r.ShadowQuality:5]]
[2022.05.10-06.59.25:930][  0]LogConfig: Setting CVar [[r.Shadow.CSM.MaxCascades:10]]
[2022.05.10-06.59.25:930][  0]LogConfig: Setting CVar [[r.Shadow.MaxResolution:2048]]
[2022.05.10-06.59.25:931][  0]LogConfig: Setting CVar [[r.Shadow.MaxCSMResolution:2048]]
[2022.05.10-06.59.25:931][  0]LogConfig: Setting CVar [[r.Shadow.RadiusThreshold:0.01]]
[2022.05.10-06.59.25:931][  0]LogConfig: Setting CVar [[r.Shadow.DistanceScale:1.0]]
[2022.05.10-06.59.25:931][  0]LogConfig: Setting CVar [[r.Shadow.CSM.TransitionScale:1.0]]
[2022.05.10-06.59.25:931][  0]LogConfig: Setting CVar [[r.Shadow.PreShadowResolutionFactor:1.0]]
[2022.05.10-06.59.25:931][  0]LogConfig: Setting CVar [[r.DistanceFieldShadowing:1]]
[2022.05.10-06.59.25:931][  0]LogConfig: Setting CVar [[r.DistanceFieldAO:1]]
[2022.05.10-06.59.25:931][  0]LogConfig: Setting CVar [[r.AOQuality:2]]
[2022.05.10-06.59.25:931][  0]LogConfig: Setting CVar [[r.VolumetricFog:1]]
[2022.05.10-06.59.25:931][  0]LogConfig: Setting CVar [[r.VolumetricFog.GridPixelSize:8]]
[2022.05.10-06.59.25:931][  0]LogConfig: Setting CVar [[r.VolumetricFog.GridSizeZ:128]]
[2022.05.10-06.59.25:931][  0]LogConfig: Setting CVar [[r.VolumetricFog.HistoryMissSupersampleCount:4]]
[2022.05.10-06.59.25:931][  0]LogConfig: Setting CVar [[r.LightMaxDrawDistanceScale:1]]
[2022.05.10-06.59.25:931][  0]LogConfig: Setting CVar [[r.CapsuleShadows:1]]
[2022.05.10-06.59.25:931][  0]LogConfig: Applying CVar settings from Section [PostProcessQuality@3] File [D:/UNREAL ENGINE/UNREAL PROJECT/CookBook_Ch4/Saved/Config/Windows/Scalability.ini]
[2022.05.10-06.59.25:931][  0]LogConfig: Setting CVar [[r.MotionBlurQuality:4]]
[2022.05.10-06.59.25:931][  0]LogConfig: Setting CVar [[r.AmbientOcclusionMipLevelFactor:0.4]]
[2022.05.10-06.59.25:931][  0]LogConfig: Setting CVar [[r.AmbientOcclusionMaxQuality:100]]
[2022.05.10-06.59.25:931][  0]LogConfig: Setting CVar [[r.AmbientOcclusionLevels:-1]]
[2022.05.10-06.59.25:931][  0]LogConfig: Setting CVar [[r.AmbientOcclusionRadiusScale:1.0]]
[2022.05.10-06.59.25:931][  0]LogConfig: Setting CVar [[r.DepthOfFieldQuality:2]]
[2022.05.10-06.59.25:931][  0]LogConfig: Setting CVar [[r.RenderTargetPoolMin:400]]
[2022.05.10-06.59.25:931][  0]LogConfig: Setting CVar [[r.LensFlareQuality:2]]
[2022.05.10-06.59.25:931][  0]LogConfig: Setting CVar [[r.SceneColorFringeQuality:1]]
[2022.05.10-06.59.25:931][  0]LogConfig: Setting CVar [[r.EyeAdaptationQuality:2]]
[2022.05.10-06.59.25:931][  0]LogConfig: Setting CVar [[r.BloomQuality:5]]
[2022.05.10-06.59.25:932][  0]LogConfig: Setting CVar [[r.FastBlurThreshold:100]]
[2022.05.10-06.59.25:932][  0]LogConfig: Setting CVar [[r.Upscale.Quality:3]]
[2022.05.10-06.59.25:932][  0]LogConfig: Setting CVar [[r.Tonemapper.GrainQuantization:1]]
[2022.05.10-06.59.25:932][  0]LogConfig: Setting CVar [[r.LightShaftQuality:1]]
[2022.05.10-06.59.25:932][  0]LogConfig: Setting CVar [[r.Filter.SizeScale:1]]
[2022.05.10-06.59.25:932][  0]LogConfig: Setting CVar [[r.Tonemapper.Quality:5]]
[2022.05.10-06.59.25:932][  0]LogConfig: Setting CVar [[r.DOF.Gather.AccumulatorQuality:1        ; higher gathering accumulator quality]]
[2022.05.10-06.59.25:932][  0]LogConfig: Setting CVar [[r.DOF.Gather.PostfilterMethod:1          ; Median3x3 postfilering method]]
[2022.05.10-06.59.25:932][  0]LogConfig: Setting CVar [[r.DOF.Gather.EnableBokehSettings:0       ; no bokeh simulation when gathering]]
[2022.05.10-06.59.25:932][  0]LogConfig: Setting CVar [[r.DOF.Gather.RingCount:4                 ; medium number of samples when gathering]]
[2022.05.10-06.59.25:932][  0]LogConfig: Setting CVar [[r.DOF.Scatter.ForegroundCompositing:1    ; additive foreground scattering]]
[2022.05.10-06.59.25:932][  0]LogConfig: Setting CVar [[r.DOF.Scatter.BackgroundCompositing:2    ; additive background scattering]]
[2022.05.10-06.59.25:932][  0]LogConfig: Setting CVar [[r.DOF.Scatter.EnableBokehSettings:1      ; bokeh simulation when scattering]]
[2022.05.10-06.59.25:932][  0]LogConfig: Setting CVar [[r.DOF.Scatter.MaxSpriteRatio:0.1         ; only a maximum of 10% of scattered bokeh]]
[2022.05.10-06.59.25:932][  0]LogConfig: Setting CVar [[r.DOF.Recombine.Quality:1                ; cheap slight out of focus]]
[2022.05.10-06.59.25:932][  0]LogConfig: Setting CVar [[r.DOF.Recombine.EnableBokehSettings:0    ; no bokeh simulation on slight out of focus]]
[2022.05.10-06.59.25:932][  0]LogConfig: Setting CVar [[r.DOF.TemporalAAQuality:1                ; more stable temporal accumulation]]
[2022.05.10-06.59.25:932][  0]LogConfig: Setting CVar [[r.DOF.Kernel.MaxForegroundRadius:0.025]]
[2022.05.10-06.59.25:932][  0]LogConfig: Setting CVar [[r.DOF.Kernel.MaxBackgroundRadius:0.025]]
[2022.05.10-06.59.25:932][  0]LogConfig: Applying CVar settings from Section [TextureQuality@3] File [D:/UNREAL ENGINE/UNREAL PROJECT/CookBook_Ch4/Saved/Config/Windows/Scalability.ini]
[2022.05.10-06.59.25:932][  0]LogConfig: Setting CVar [[r.Streaming.MipBias:0]]
[2022.05.10-06.59.25:932][  0]LogConfig: Setting CVar [[r.Streaming.AmortizeCPUToGPUCopy:0]]
[2022.05.10-06.59.25:932][  0]LogConfig: Setting CVar [[r.Streaming.MaxNumTexturesToStreamPerFrame:0]]
[2022.05.10-06.59.25:932][  0]LogConfig: Setting CVar [[r.Streaming.Boost:1]]
[2022.05.10-06.59.25:932][  0]LogConfig: Setting CVar [[r.MaxAnisotropy:8]]
[2022.05.10-06.59.25:932][  0]LogConfig: Setting CVar [[r.VT.MaxAnisotropy:8]]
[2022.05.10-06.59.25:933][  0]LogConfig: Setting CVar [[r.Streaming.LimitPoolSizeToVRAM:0]]
[2022.05.10-06.59.25:933][  0]LogConfig: Setting CVar [[r.Streaming.PoolSize:1000]]
[2022.05.10-06.59.25:933][  0]LogConfig: Setting CVar [[r.Streaming.MaxEffectiveScreenSize:0]]
[2022.05.10-06.59.25:933][  0]LogConfig: Applying CVar settings from Section [EffectsQuality@3] File [D:/UNREAL ENGINE/UNREAL PROJECT/CookBook_Ch4/Saved/Config/Windows/Scalability.ini]
[2022.05.10-06.59.25:933][  0]LogConfig: Setting CVar [[r.TranslucencyLightingVolumeDim:64]]
[2022.05.10-06.59.25:933][  0]LogConfig: Setting CVar [[r.RefractionQuality:2]]
[2022.05.10-06.59.25:933][  0]LogConfig: Setting CVar [[r.SSR.Quality:3]]
[2022.05.10-06.59.25:933][  0]LogConfig: Setting CVar [[r.SSR.HalfResSceneColor:0]]
[2022.05.10-06.59.25:933][  0]LogConfig: Setting CVar [[r.SceneColorFormat:4]]
[2022.05.10-06.59.25:933][  0]LogConfig: Setting CVar [[r.DetailMode:2]]
[2022.05.10-06.59.25:933][  0]LogConfig: Setting CVar [[r.TranslucencyVolumeBlur:1]]
[2022.05.10-06.59.25:933][  0]LogConfig: Setting CVar [[r.MaterialQualityLevel:1 ; High quality]]
[2022.05.10-06.59.25:933][  0]LogConfig: Setting CVar [[r.AnisotropicMaterials:1]]
[2022.05.10-06.59.25:933][  0]LogConfig: Setting CVar [[r.SSS.Scale:1]]
[2022.05.10-06.59.25:933][  0]LogConfig: Setting CVar [[r.SSS.SampleSet:2]]
[2022.05.10-06.59.25:933][  0]LogConfig: Setting CVar [[r.SSS.Quality:1]]
[2022.05.10-06.59.25:933][  0]LogConfig: Setting CVar [[r.SSS.HalfRes:0]]
[2022.05.10-06.59.25:933][  0]LogConfig: Setting CVar [[r.SSGI.Quality:3]]
[2022.05.10-06.59.25:933][  0]LogConfig: Setting CVar [[r.EmitterSpawnRateScale:1.0]]
[2022.05.10-06.59.25:933][  0]LogConfig: Setting CVar [[r.ParticleLightQuality:2]]
[2022.05.10-06.59.25:933][  0]LogConfig: Setting CVar [[r.SkyAtmosphere.AerialPerspectiveLUT.FastApplyOnOpaque:1 ; Always have FastSkyLUT 1 in this case to avoid wrong sky]]
[2022.05.10-06.59.25:933][  0]LogConfig: Setting CVar [[r.SkyAtmosphere.AerialPerspectiveLUT.SampleCountMaxPerSlice:4]]
[2022.05.10-06.59.25:933][  0]LogConfig: Setting CVar [[r.SkyAtmosphere.AerialPerspectiveLUT.DepthResolution:16.0]]
[2022.05.10-06.59.25:933][  0]LogConfig: Setting CVar [[r.SkyAtmosphere.FastSkyLUT:1]]
[2022.05.10-06.59.25:933][  0]LogConfig: Setting CVar [[r.SkyAtmosphere.FastSkyLUT.SampleCountMin:4.0]]
[2022.05.10-06.59.25:933][  0]LogConfig: Setting CVar [[r.SkyAtmosphere.FastSkyLUT.SampleCountMax:128.0]]
[2022.05.10-06.59.25:933][  0]LogConfig: Setting CVar [[r.SkyAtmosphere.SampleCountMin:4.0]]
[2022.05.10-06.59.25:934][  0]LogConfig: Setting CVar [[r.SkyAtmosphere.SampleCountMax:128.0]]
[2022.05.10-06.59.25:934][  0]LogConfig: Setting CVar [[r.SkyAtmosphere.TransmittanceLUT.UseSmallFormat:0]]
[2022.05.10-06.59.25:934][  0]LogConfig: Setting CVar [[r.SkyAtmosphere.TransmittanceLUT.SampleCount:10.0]]
[2022.05.10-06.59.25:934][  0]LogConfig: Setting CVar [[r.SkyAtmosphere.MultiScatteringLUT.SampleCount:15.0]]
[2022.05.10-06.59.25:934][  0]LogConfig: Setting CVar [[r.SkyLight.RealTimeReflectionCapture:1]]
[2022.05.10-06.59.25:934][  0]LogConfig: Applying CVar settings from Section [FoliageQuality@3] File [D:/UNREAL ENGINE/UNREAL PROJECT/CookBook_Ch4/Saved/Config/Windows/Scalability.ini]
[2022.05.10-06.59.25:934][  0]LogConfig: Setting CVar [[foliage.DensityScale:1.0]]
[2022.05.10-06.59.25:934][  0]LogConfig: Setting CVar [[grass.DensityScale:1.0]]
[2022.05.10-06.59.25:934][  0]LogConfig: Applying CVar settings from Section [ShadingQuality@3] File [D:/UNREAL ENGINE/UNREAL PROJECT/CookBook_Ch4/Saved/Config/Windows/Scalability.ini]
[2022.05.10-06.59.25:934][  0]LogConfig: Setting CVar [[r.HairStrands.SkyLighting.IntegrationType:2]]
[2022.05.10-06.59.25:934][  0]LogConfig: Setting CVar [[r.HairStrands.SkyAO.SampleCount:4]]
[2022.05.10-06.59.25:934][  0]LogConfig: Setting CVar [[r.HairStrands.Visibility.MSAA.SamplePerPixel:4]]
[2022.05.10-06.59.25:934][  0]LogInit: Selected Device Profile: [Windows]
[2022.05.10-06.59.25:934][  0]LogInit: Applying CVar settings loaded from the selected device profile: [Windows]
[2022.05.10-06.59.25:934][  0]LogHAL: Display: Platform has ~ 16 GB [17106997248 / 17179869184 / 16], which maps to Larger [LargestMinGB=32, LargerMinGB=12, DefaultMinGB=8, SmallerMinGB=6, SmallestMinGB=0)
[2022.05.10-06.59.25:934][  0]LogInit: Going up to parent DeviceProfile []
[2022.05.10-06.59.25:934][  0]LogConfig: Applying CVar settings from Section [ViewDistanceQuality@3] File [D:/UNREAL ENGINE/UNREAL PROJECT/CookBook_Ch4/Saved/Config/Windows/Scalability.ini]
[2022.05.10-06.59.25:934][  0]LogConfig: Setting CVar [[r.SkeletalMeshLODBias:0]]
[2022.05.10-06.59.25:934][  0]LogConfig: Setting CVar [[r.ViewDistanceScale:1.0]]
[2022.05.10-06.59.25:934][  0]LogConfig: Applying CVar settings from Section [AntiAliasingQuality@3] File [D:/UNREAL ENGINE/UNREAL PROJECT/CookBook_Ch4/Saved/Config/Windows/Scalability.ini]
[2022.05.10-06.59.25:934][  0]LogConfig: Setting CVar [[r.PostProcessAAQuality:4]]
[2022.05.10-06.59.25:934][  0]LogConfig: Applying CVar settings from Section [ShadowQuality@3] File [D:/UNREAL ENGINE/UNREAL PROJECT/CookBook_Ch4/Saved/Config/Windows/Scalability.ini]
[2022.05.10-06.59.25:934][  0]LogConfig: Setting CVar [[r.LightFunctionQuality:1]]
[2022.05.10-06.59.25:934][  0]LogConfig: Setting CVar [[r.ShadowQuality:5]]
[2022.05.10-06.59.25:935][  0]LogConfig: Setting CVar [[r.Shadow.CSM.MaxCascades:10]]
[2022.05.10-06.59.25:935][  0]LogConfig: Setting CVar [[r.Shadow.MaxResolution:2048]]
[2022.05.10-06.59.25:935][  0]LogConfig: Setting CVar [[r.Shadow.MaxCSMResolution:2048]]
[2022.05.10-06.59.25:935][  0]LogConfig: Setting CVar [[r.Shadow.RadiusThreshold:0.01]]
[2022.05.10-06.59.25:935][  0]LogConfig: Setting CVar [[r.Shadow.DistanceScale:1.0]]
[2022.05.10-06.59.25:935][  0]LogConfig: Setting CVar [[r.Shadow.CSM.TransitionScale:1.0]]
[2022.05.10-06.59.25:935][  0]LogConfig: Setting CVar [[r.Shadow.PreShadowResolutionFactor:1.0]]
[2022.05.10-06.59.25:935][  0]LogConfig: Setting CVar [[r.DistanceFieldShadowing:1]]
[2022.05.10-06.59.25:935][  0]LogConfig: Setting CVar [[r.DistanceFieldAO:1]]
[2022.05.10-06.59.25:935][  0]LogConfig: Setting CVar [[r.AOQuality:2]]
[2022.05.10-06.59.25:935][  0]LogConfig: Setting CVar [[r.VolumetricFog:1]]
[2022.05.10-06.59.25:935][  0]LogConfig: Setting CVar [[r.VolumetricFog.GridPixelSize:8]]
[2022.05.10-06.59.25:935][  0]LogConfig: Setting CVar [[r.VolumetricFog.GridSizeZ:128]]
[2022.05.10-06.59.25:935][  0]LogConfig: Setting CVar [[r.VolumetricFog.HistoryMissSupersampleCount:4]]
[2022.05.10-06.59.25:935][  0]LogConfig: Setting CVar [[r.LightMaxDrawDistanceScale:1]]
[2022.05.10-06.59.25:935][  0]LogConfig: Setting CVar [[r.CapsuleShadows:1]]
[2022.05.10-06.59.25:935][  0]LogConfig: Applying CVar settings from Section [PostProcessQuality@3] File [D:/UNREAL ENGINE/UNREAL PROJECT/CookBook_Ch4/Saved/Config/Windows/Scalability.ini]
[2022.05.10-06.59.25:935][  0]LogConfig: Setting CVar [[r.MotionBlurQuality:4]]
[2022.05.10-06.59.25:935][  0]LogConfig: Setting CVar [[r.AmbientOcclusionMipLevelFactor:0.4]]
[2022.05.10-06.59.25:935][  0]LogConfig: Setting CVar [[r.AmbientOcclusionMaxQuality:100]]
[2022.05.10-06.59.25:935][  0]LogConfig: Setting CVar [[r.AmbientOcclusionLevels:-1]]
[2022.05.10-06.59.25:935][  0]LogConfig: Setting CVar [[r.AmbientOcclusionRadiusScale:1.0]]
[2022.05.10-06.59.25:936][  0]LogConfig: Setting CVar [[r.DepthOfFieldQuality:2]]
[2022.05.10-06.59.25:936][  0]LogConfig: Setting CVar [[r.RenderTargetPoolMin:400]]
[2022.05.10-06.59.25:936][  0]LogConfig: Setting CVar [[r.LensFlareQuality:2]]
[2022.05.10-06.59.25:936][  0]LogConfig: Setting CVar [[r.SceneColorFringeQuality:1]]
[2022.05.10-06.59.25:936][  0]LogConfig: Setting CVar [[r.EyeAdaptationQuality:2]]
[2022.05.10-06.59.25:936][  0]LogConfig: Setting CVar [[r.BloomQuality:5]]
[2022.05.10-06.59.25:936][  0]LogConfig: Setting CVar [[r.FastBlurThreshold:100]]
[2022.05.10-06.59.25:936][  0]LogConfig: Setting CVar [[r.Upscale.Quality:3]]
[2022.05.10-06.59.25:936][  0]LogConfig: Setting CVar [[r.Tonemapper.GrainQuantization:1]]
[2022.05.10-06.59.25:936][  0]LogConfig: Setting CVar [[r.LightShaftQuality:1]]
[2022.05.10-06.59.25:936][  0]LogConfig: Setting CVar [[r.Filter.SizeScale:1]]
[2022.05.10-06.59.25:936][  0]LogConfig: Setting CVar [[r.Tonemapper.Quality:5]]
[2022.05.10-06.59.25:936][  0]LogConfig: Setting CVar [[r.DOF.Gather.AccumulatorQuality:1        ; higher gathering accumulator quality]]
[2022.05.10-06.59.25:936][  0]LogConfig: Setting CVar [[r.DOF.Gather.PostfilterMethod:1          ; Median3x3 postfilering method]]
[2022.05.10-06.59.25:936][  0]LogConfig: Setting CVar [[r.DOF.Gather.EnableBokehSettings:0       ; no bokeh simulation when gathering]]
[2022.05.10-06.59.25:936][  0]LogConfig: Setting CVar [[r.DOF.Gather.RingCount:4                 ; medium number of samples when gathering]]
[2022.05.10-06.59.25:936][  0]LogConfig: Setting CVar [[r.DOF.Scatter.ForegroundCompositing:1    ; additive foreground scattering]]
[2022.05.10-06.59.25:936][  0]LogConfig: Setting CVar [[r.DOF.Scatter.BackgroundCompositing:2    ; additive background scattering]]
[2022.05.10-06.59.25:936][  0]LogConfig: Setting CVar [[r.DOF.Scatter.EnableBokehSettings:1      ; bokeh simulation when scattering]]
[2022.05.10-06.59.25:936][  0]LogConfig: Setting CVar [[r.DOF.Scatter.MaxSpriteRatio:0.1         ; only a maximum of 10% of scattered bokeh]]
[2022.05.10-06.59.25:936][  0]LogConfig: Setting CVar [[r.DOF.Recombine.Quality:1                ; cheap slight out of focus]]
[2022.05.10-06.59.25:936][  0]LogConfig: Setting CVar [[r.DOF.Recombine.EnableBokehSettings:0    ; no bokeh simulation on slight out of focus]]
[2022.05.10-06.59.25:936][  0]LogConfig: Setting CVar [[r.DOF.TemporalAAQuality:1                ; more stable temporal accumulation]]
[2022.05.10-06.59.25:936][  0]LogConfig: Setting CVar [[r.DOF.Kernel.MaxForegroundRadius:0.025]]
[2022.05.10-06.59.25:936][  0]LogConfig: Setting CVar [[r.DOF.Kernel.MaxBackgroundRadius:0.025]]
[2022.05.10-06.59.25:936][  0]LogConfig: Applying CVar settings from Section [TextureQuality@3] File [D:/UNREAL ENGINE/UNREAL PROJECT/CookBook_Ch4/Saved/Config/Windows/Scalability.ini]
[2022.05.10-06.59.25:937][  0]LogConfig: Setting CVar [[r.Streaming.MipBias:0]]
[2022.05.10-06.59.25:937][  0]LogConfig: Setting CVar [[r.Streaming.AmortizeCPUToGPUCopy:0]]
[2022.05.10-06.59.25:937][  0]LogConfig: Setting CVar [[r.Streaming.MaxNumTexturesToStreamPerFrame:0]]
[2022.05.10-06.59.25:937][  0]LogConfig: Setting CVar [[r.Streaming.Boost:1]]
[2022.05.10-06.59.25:937][  0]LogConfig: Setting CVar [[r.MaxAnisotropy:8]]
[2022.05.10-06.59.25:937][  0]LogConfig: Setting CVar [[r.VT.MaxAnisotropy:8]]
[2022.05.10-06.59.25:937][  0]LogConfig: Setting CVar [[r.Streaming.LimitPoolSizeToVRAM:0]]
[2022.05.10-06.59.25:937][  0]LogConfig: Setting CVar [[r.Streaming.PoolSize:1000]]
[2022.05.10-06.59.25:937][  0]LogConfig: Setting CVar [[r.Streaming.MaxEffectiveScreenSize:0]]
[2022.05.10-06.59.25:937][  0]LogConfig: Applying CVar settings from Section [EffectsQuality@3] File [D:/UNREAL ENGINE/UNREAL PROJECT/CookBook_Ch4/Saved/Config/Windows/Scalability.ini]
[2022.05.10-06.59.25:937][  0]LogConfig: Setting CVar [[r.TranslucencyLightingVolumeDim:64]]
[2022.05.10-06.59.25:937][  0]LogConfig: Setting CVar [[r.RefractionQuality:2]]
[2022.05.10-06.59.25:937][  0]LogConfig: Setting CVar [[r.SSR.Quality:3]]
[2022.05.10-06.59.25:937][  0]LogConfig: Setting CVar [[r.SSR.HalfResSceneColor:0]]
[2022.05.10-06.59.25:937][  0]LogConfig: Setting CVar [[r.SceneColorFormat:4]]
[2022.05.10-06.59.25:937][  0]LogConfig: Setting CVar [[r.DetailMode:2]]
[2022.05.10-06.59.25:937][  0]LogConfig: Setting CVar [[r.TranslucencyVolumeBlur:1]]
[2022.05.10-06.59.25:937][  0]LogConfig: Setting CVar [[r.MaterialQualityLevel:1 ; High quality]]
[2022.05.10-06.59.25:937][  0]LogConfig: Setting CVar [[r.AnisotropicMaterials:1]]
[2022.05.10-06.59.25:937][  0]LogConfig: Setting CVar [[r.SSS.Scale:1]]
[2022.05.10-06.59.25:937][  0]LogConfig: Setting CVar [[r.SSS.SampleSet:2]]
[2022.05.10-06.59.25:937][  0]LogConfig: Setting CVar [[r.SSS.Quality:1]]
[2022.05.10-06.59.25:937][  0]LogConfig: Setting CVar [[r.SSS.HalfRes:0]]
[2022.05.10-06.59.25:937][  0]LogConfig: Setting CVar [[r.SSGI.Quality:3]]
[2022.05.10-06.59.25:938][  0]LogConfig: Setting CVar [[r.EmitterSpawnRateScale:1.0]]
[2022.05.10-06.59.25:938][  0]LogConfig: Setting CVar [[r.ParticleLightQuality:2]]
[2022.05.10-06.59.25:938][  0]LogConfig: Setting CVar [[r.SkyAtmosphere.AerialPerspectiveLUT.FastApplyOnOpaque:1 ; Always have FastSkyLUT 1 in this case to avoid wrong sky]]
[2022.05.10-06.59.25:938][  0]LogConfig: Setting CVar [[r.SkyAtmosphere.AerialPerspectiveLUT.SampleCountMaxPerSlice:4]]
[2022.05.10-06.59.25:938][  0]LogConfig: Setting CVar [[r.SkyAtmosphere.AerialPerspectiveLUT.DepthResolution:16.0]]
[2022.05.10-06.59.25:938][  0]LogConfig: Setting CVar [[r.SkyAtmosphere.FastSkyLUT:1]]
[2022.05.10-06.59.25:938][  0]LogConfig: Setting CVar [[r.SkyAtmosphere.FastSkyLUT.SampleCountMin:4.0]]
[2022.05.10-06.59.25:938][  0]LogConfig: Setting CVar [[r.SkyAtmosphere.FastSkyLUT.SampleCountMax:128.0]]
[2022.05.10-06.59.25:938][  0]LogConfig: Setting CVar [[r.SkyAtmosphere.SampleCountMin:4.0]]
[2022.05.10-06.59.25:938][  0]LogConfig: Setting CVar [[r.SkyAtmosphere.SampleCountMax:128.0]]
[2022.05.10-06.59.25:938][  0]LogConfig: Setting CVar [[r.SkyAtmosphere.TransmittanceLUT.UseSmallFormat:0]]
[2022.05.10-06.59.25:938][  0]LogConfig: Setting CVar [[r.SkyAtmosphere.TransmittanceLUT.SampleCount:10.0]]
[2022.05.10-06.59.25:938][  0]LogConfig: Setting CVar [[r.SkyAtmosphere.MultiScatteringLUT.SampleCount:15.0]]
[2022.05.10-06.59.25:938][  0]LogConfig: Setting CVar [[r.SkyLight.RealTimeReflectionCapture:1]]
[2022.05.10-06.59.25:938][  0]LogConfig: Applying CVar settings from Section [FoliageQuality@3] File [D:/UNREAL ENGINE/UNREAL PROJECT/CookBook_Ch4/Saved/Config/Windows/Scalability.ini]
[2022.05.10-06.59.25:938][  0]LogConfig: Setting CVar [[foliage.DensityScale:1.0]]
[2022.05.10-06.59.25:938][  0]LogConfig: Setting CVar [[grass.DensityScale:1.0]]
[2022.05.10-06.59.25:938][  0]LogConfig: Applying CVar settings from Section [ShadingQuality@3] File [D:/UNREAL ENGINE/UNREAL PROJECT/CookBook_Ch4/Saved/Config/Windows/Scalability.ini]
[2022.05.10-06.59.25:938][  0]LogConfig: Setting CVar [[r.HairStrands.SkyLighting.IntegrationType:2]]
[2022.05.10-06.59.25:938][  0]LogConfig: Setting CVar [[r.HairStrands.SkyAO.SampleCount:4]]
[2022.05.10-06.59.25:938][  0]LogConfig: Setting CVar [[r.HairStrands.Visibility.MSAA.SamplePerPixel:4]]
[2022.05.10-06.59.25:938][  0]LogConfig: Applying CVar settings from Section [Startup] File [../../../Engine/Config/ConsoleVariables.ini]
[2022.05.10-06.59.25:939][  0]LogConfig: Setting CVar [[net.UseAdaptiveNetUpdateFrequency:0]]
[2022.05.10-06.59.25:939][  0]LogConfig: Setting CVar [[p.chaos.AllowCreatePhysxBodies:1]]
[2022.05.10-06.59.25:939][  0]LogConfig: Setting CVar [[fx.SkipVectorVMBackendOptimizations:1]]
[2022.05.10-06.59.25:939][  0]LogConfig: Applying CVar settings from Section [ConsoleVariables] File [D:/UNREAL ENGINE/UNREAL PROJECT/CookBook_Ch4/Saved/Config/Windows/Engine.ini]
[2022.05.10-06.59.25:939][  0]LogConfig: Applying CVar settings from Section [ConsoleVariables] File [D:/UNREAL ENGINE/UNREAL PROJECT/CookBook_Ch4/Saved/Config/Windows/Editor.ini]
[2022.05.10-06.59.25:939][  0]LogInit: Computer: -PC1
[2022.05.10-06.59.25:939][  0]LogInit: User: WIN10
[2022.05.10-06.59.25:939][  0]LogInit: CPU Page size=4096, Cores=6
[2022.05.10-06.59.25:939][  0]LogInit: High frequency timer resolution =10.000000 MHz
[2022.05.10-06.59.25:939][  0]LogMemory: Memory total: Physical=15.9GB (16GB approx)
[2022.05.10-06.59.25:939][  0]LogMemory: Platform Memory Stats for Windows
[2022.05.10-06.59.25:939][  0]LogMemory: Process Physical Memory: 143.80 MB used, 143.80 MB peak
[2022.05.10-06.59.25:939][  0]LogMemory: Process Virtual Memory: 121.66 MB used, 121.66 MB peak
[2022.05.10-06.59.25:939][  0]LogMemory: Physical Memory: 9540.98 MB used,  6773.53 MB free, 16314.50 MB total
[2022.05.10-06.59.25:939][  0]LogMemory: Virtual Memory: 134209096.00 MB used,  8629.28 MB free, 134217728.00 MB total
[2022.05.10-06.59.25:946][  0]LogWindows: WindowsPlatformFeatures enabled
[2022.05.10-06.59.26:035][  0]LogInit: Physics initialised using underlying interface: PhysX
[2022.05.10-06.59.26:036][  0]LogInit: Overriding language with editor language configuration option (ko).
[2022.05.10-06.59.26:036][  0]LogInit: Overriding language with editor locale configuration option (ko).
[2022.05.10-06.59.26:124][  0]LogInit: Setting process to per monitor DPI aware
[2022.05.10-06.59.26:155][  0]LogWindowsTextInputMethodSystem: Display: IME system deactivated.
[2022.05.10-06.59.26:166][  0]LogSlate: New Slate User Created.  User Index 0, Is Virtual User: 0
[2022.05.10-06.59.26:166][  0]LogSlate: Slate User Registered.  User Index 0, Is Virtual User: 0
[2022.05.10-06.59.26:258][  0]LogD3D11RHI: Loaded GFSDK_Aftermath_Lib.x64.dll
[2022.05.10-06.59.26:262][  0]LogHMD: Failed to initialize OpenVR with code 110
[2022.05.10-06.59.26:262][  0]LogD3D11RHI: D3D11 min allowed feature level: 11_0
[2022.05.10-06.59.26:262][  0]LogD3D11RHI: D3D11 max allowed feature level: 11_0
[2022.05.10-06.59.26:262][  0]LogD3D11RHI: D3D11 adapters:
[2022.05.10-06.59.26:344][  0]LogD3D11RHI:    0. 'NVIDIA GeForce GTX 1050 Ti' (Feature Level 11_0)
[2022.05.10-06.59.26:344][  0]LogD3D11RHI:       4018/0/8157 MB DedicatedVideo/DedicatedSystem/SharedSystem, Outputs:1, VendorId:0x10de
[2022.05.10-06.59.26:347][  0]LogD3D11RHI:    1. 'Microsoft Basic Render Driver' (Feature Level 11_0)
[2022.05.10-06.59.26:347][  0]LogD3D11RHI:       0/0/8157 MB DedicatedVideo/DedicatedSystem/SharedSystem, Outputs:0, VendorId:0x1414
[2022.05.10-06.59.26:348][  0]LogD3D11RHI: Chosen D3D11 Adapter:
[2022.05.10-06.59.26:348][  0]LogD3D11RHI:     Description : NVIDIA GeForce GTX 1050 Ti
[2022.05.10-06.59.26:348][  0]LogD3D11RHI:     VendorId    : 10de
[2022.05.10-06.59.26:348][  0]LogD3D11RHI:     DeviceId    : 1c82
[2022.05.10-06.59.26:348][  0]LogD3D11RHI:     SubSysId    : 8c961462
[2022.05.10-06.59.26:348][  0]LogD3D11RHI:     Revision    : 00a1
[2022.05.10-06.59.26:348][  0]LogD3D11RHI:     DedicatedVideoMemory : 4213178368 bytes
[2022.05.10-06.59.26:348][  0]LogD3D11RHI:     DedicatedSystemMemory : 0 bytes
[2022.05.10-06.59.26:348][  0]LogD3D11RHI:     SharedSystemMemory : 8553498624 bytes
[2022.05.10-06.59.26:348][  0]LogD3D11RHI:     AdapterLuid : 0 52977
[2022.05.10-06.59.26:353][  0]LogD3D11RHI: Creating new Direct3DDevice
[2022.05.10-06.59.26:353][  0]LogD3D11RHI:     GPU DeviceId: 0x1c82 (for the marketing name, search the web for "GPU Device Id")
[2022.05.10-06.59.26:353][  0]LogWindows: EnumDisplayDevices:
[2022.05.10-06.59.26:354][  0]LogWindows:    0. 'NVIDIA GeForce GTX 1050 Ti' (P:1 D:1)
[2022.05.10-06.59.26:354][  0]LogWindows:    1. 'NVIDIA GeForce GTX 1050 Ti' (P:0 D:0)
[2022.05.10-06.59.26:354][  0]LogWindows:    2. 'NVIDIA GeForce GTX 1050 Ti' (P:0 D:0)
[2022.05.10-06.59.26:354][  0]LogWindows:    3. 'NVIDIA GeForce GTX 1050 Ti' (P:0 D:0)
[2022.05.10-06.59.26:354][  0]LogWindows: DebugString: FoundDriverCount:4 
[2022.05.10-06.59.26:354][  0]LogD3D11RHI:     Adapter Name: NVIDIA GeForce GTX 1050 Ti
[2022.05.10-06.59.26:354][  0]LogD3D11RHI:   Driver Version: 457.51 (internal:27.21.14.5751, unified:457.51)
[2022.05.10-06.59.26:354][  0]LogD3D11RHI:      Driver Date: 11-22-2020
[2022.05.10-06.59.26:355][  0]LogRHI: Texture pool is 2812 MB (70% of 4018 MB)
[2022.05.10-06.59.26:355][  0]LogD3D11RHI: Creating D3DDevice using adapter:
[2022.05.10-06.59.26:355][  0]LogD3D11RHI:     Description : NVIDIA GeForce GTX 1050 Ti
[2022.05.10-06.59.26:355][  0]LogD3D11RHI:     VendorId    : 10de
[2022.05.10-06.59.26:355][  0]LogD3D11RHI:     DeviceId    : 1c82
[2022.05.10-06.59.26:355][  0]LogD3D11RHI:     SubSysId    : 8c961462
[2022.05.10-06.59.26:355][  0]LogD3D11RHI:     Revision    : 00a1
[2022.05.10-06.59.26:355][  0]LogD3D11RHI:     DedicatedVideoMemory : 4213178368 bytes
[2022.05.10-06.59.26:355][  0]LogD3D11RHI:     DedicatedSystemMemory : 0 bytes
[2022.05.10-06.59.26:355][  0]LogD3D11RHI:     SharedSystemMemory : 8553498624 bytes
[2022.05.10-06.59.26:355][  0]LogD3D11RHI:     AdapterLuid : 0 52977
[2022.05.10-06.59.26:409][  0]LogD3D11RHI: RHI has support for 64 bit atomics
[2022.05.10-06.59.26:409][  0]LogD3D11RHI: Async texture creation enabled
[2022.05.10-06.59.26:409][  0]LogD3D11RHI: Array index from any shader is supported
[2022.05.10-06.59.26:422][  0]LogD3D11RHI: GPU Timing Frequency: 1000.000000 (Debug: 2 1)
[2022.05.10-06.59.26:459][  0]LogRHI: GeForceNow SDK initialized: 1
[2022.05.10-06.59.26:687][  0]LogTargetPlatformManager: Display: Loaded TargetPlatform 'AllDesktop'
[2022.05.10-06.59.26:705][  0]LogTargetPlatformManager: Display: Loaded TargetPlatform 'Android'
[2022.05.10-06.59.26:705][  0]LogTargetPlatformManager: Display: Loaded TargetPlatform 'Android_ASTC'
[2022.05.10-06.59.26:705][  0]LogTargetPlatformManager: Display: Loaded TargetPlatform 'Android_DXT'
[2022.05.10-06.59.26:705][  0]LogTargetPlatformManager: Display: Loaded TargetPlatform 'Android_ETC2'
[2022.05.10-06.59.26:705][  0]LogTargetPlatformManager: Display: Loaded TargetPlatform 'AndroidClient'
[2022.05.10-06.59.26:705][  0]LogTargetPlatformManager: Display: Loaded TargetPlatform 'Android_ASTCClient'
[2022.05.10-06.59.26:705][  0]LogTargetPlatformManager: Display: Loaded TargetPlatform 'Android_DXTClient'
[2022.05.10-06.59.26:705][  0]LogTargetPlatformManager: Display: Loaded TargetPlatform 'Android_ETC2Client'
[2022.05.10-06.59.26:705][  0]LogTargetPlatformManager: Display: Loaded TargetPlatform 'Android_Multi'
[2022.05.10-06.59.26:705][  0]LogTargetPlatformManager: Display: Loaded TargetPlatform 'Android_MultiClient'
[2022.05.10-06.59.26:724][  0]LogTargetPlatformManager: Display: Loaded TargetPlatform 'IOSClient'
[2022.05.10-06.59.26:724][  0]LogTargetPlatformManager: Display: Loaded TargetPlatform 'IOS'
[2022.05.10-06.59.26:732][  0]LogTargetPlatformManager: Display: Loaded TargetPlatform 'Linux'
[2022.05.10-06.59.26:737][  0]LogTargetPlatformManager: Display: Loaded TargetPlatform 'LinuxNoEditor'
[2022.05.10-06.59.26:741][  0]LogTargetPlatformManager: Display: Loaded TargetPlatform 'LinuxClient'
[2022.05.10-06.59.26:746][  0]LogTargetPlatformManager: Display: Loaded TargetPlatform 'LinuxServer'
[2022.05.10-06.59.26:754][  0]LogTargetPlatformManager: Display: Loaded TargetPlatform 'LinuxAArch64NoEditor'
[2022.05.10-06.59.26:759][  0]LogTargetPlatformManager: Display: Loaded TargetPlatform 'LinuxAArch64Client'
[2022.05.10-06.59.26:764][  0]LogTargetPlatformManager: Display: Loaded TargetPlatform 'LinuxAArch64Server'
[2022.05.10-06.59.26:783][  0]LogTargetPlatformManager: Display: Loaded TargetPlatform 'Lumin'
[2022.05.10-06.59.26:783][  0]LogTargetPlatformManager: Display: Loaded TargetPlatform 'LuminClient'
[2022.05.10-06.59.26:791][  0]LogTargetPlatformManager: Display: Loaded TargetPlatform 'MacNoEditor'
[2022.05.10-06.59.26:796][  0]LogTargetPlatformManager: Display: Loaded TargetPlatform 'Mac'
[2022.05.10-06.59.26:800][  0]LogTargetPlatformManager: Display: Loaded TargetPlatform 'MacClient'
[2022.05.10-06.59.26:805][  0]LogTargetPlatformManager: Display: Loaded TargetPlatform 'MacServer'
[2022.05.10-06.59.26:813][  0]LogTargetPlatformManager: Display: Loaded TargetPlatform 'TVOSClient'
[2022.05.10-06.59.26:813][  0]LogTargetPlatformManager: Display: Loaded TargetPlatform 'TVOS'
[2022.05.10-06.59.26:822][  0]LogTargetPlatformManager: Display: Loaded TargetPlatform 'WindowsNoEditor'
[2022.05.10-06.59.26:826][  0]LogTargetPlatformManager: Display: Loaded TargetPlatform 'Windows'
[2022.05.10-06.59.26:831][  0]LogTargetPlatformManager: Display: Loaded TargetPlatform 'WindowsClient'
[2022.05.10-06.59.26:836][  0]LogTargetPlatformManager: Display: Loaded TargetPlatform 'WindowsServer'
[2022.05.10-06.59.26:836][  0]LogTargetPlatformManager: Display: Building Assets For Windows
[2022.05.10-06.59.26:845][  0]LogAudioDebug: Display: Lib vorbis DLL was dynamically loaded.
[2022.05.10-06.59.26:880][  0]LogTextureFormatOodle: Display: Oodle Texture 2.9.0 init RDO Off
[2022.05.10-06.59.26:923][  0]LogRendererCore: Ray tracing is disabled. Reason: r.RayTracing=0.
[2022.05.10-06.59.26:923][  0]LogShaderCompilers: Guid format shader working directory is 7 characters bigger than the processId version (../../../../UNREAL PROJECT/CookBook_Ch4/Intermediate/Shaders/WorkingDirectory/2700/).
[2022.05.10-06.59.26:923][  0]LogShaderCompilers: Cleaned the shader compiler working directory 'C:/Users/WIN10/AppData/Local/Temp/UnrealShaderWorkingDir/E4502DF14EA476C93E6D21B81901E967/'.
[2022.05.10-06.59.26:923][  0]LogXGEController: Cannot use XGE Controller as Incredibuild is not installed on this machine.
[2022.05.10-06.59.26:923][  0]LogShaderCompilers: Cannot use XGE Shader Compiler as Incredibuild is not installed on this machine.
[2022.05.10-06.59.26:923][  0]LogShaderCompilers: Display: Using Local Shader Compiler.
[2022.05.10-06.59.27:601][  0]LogDerivedDataCache: Display: Max Cache Size: 512 MB
[2022.05.10-06.59.27:649][  0]LogDerivedDataCache: Loaded boot cache 0.05s 94MB C:/Users/WIN10/AppData/Local/UnrealEngine/4.27/DerivedDataCache/Boot.ddc.
[2022.05.10-06.59.27:649][  0]LogDerivedDataCache: Display: Loaded Boot cache: C:/Users/WIN10/AppData/Local/UnrealEngine/4.27/DerivedDataCache/Boot.ddc
[2022.05.10-06.59.27:649][  0]LogDerivedDataCache: FDerivedDataBackendGraph:  Pak pak cache file ../../../../UNREAL PROJECT/CookBook_Ch4/DerivedDataCache/DDC.ddp not found, will not use a pak cache.
[2022.05.10-06.59.27:649][  0]LogDerivedDataCache: Unable to find inner node Pak for hierarchical cache Hierarchy.
[2022.05.10-06.59.27:650][  0]LogDerivedDataCache: FDerivedDataBackendGraph:  CompressedPak pak cache file ../../../../UNREAL PROJECT/CookBook_Ch4/DerivedDataCache/Compressed.ddp not found, will not use a pak cache.
[2022.05.10-06.59.27:650][  0]LogDerivedDataCache: Unable to find inner node CompressedPak for hierarchical cache Hierarchy.
[2022.05.10-06.59.27:665][  0]LogDerivedDataCache: Display: Pak cache opened for reading ../../../Engine/DerivedDataCache/Compressed.ddp.
[2022.05.10-06.59.27:665][  0]LogDerivedDataCache: FDerivedDataBackendGraph:  EnterprisePak pak cache file ../../../Enterprise/DerivedDataCache/Compressed.ddp not found, will not use a pak cache.
[2022.05.10-06.59.27:665][  0]LogDerivedDataCache: Unable to find inner node EnterprisePak for hierarchical cache Hierarchy.
[2022.05.10-06.59.27:671][  0]LogDerivedDataCache: Speed tests for C:/Users/WIN10/AppData/Local/UnrealEngine/Common/DerivedDataCache took 0.01 seconds
[2022.05.10-06.59.27:671][  0]LogDerivedDataCache: Display: Performance to C:/Users/WIN10/AppData/Local/UnrealEngine/Common/DerivedDataCache: Latency=0.03ms. RandomReadSpeed=1668.50MBs, RandomWriteSpeed=182.20MBs. Assigned SpeedClass 'Local'
[2022.05.10-06.59.27:673][  0]LogDerivedDataCache: Using Local data cache path C:/Users/WIN10/AppData/Local/UnrealEngine/Common/DerivedDataCache: Writable
[2022.05.10-06.59.27:673][  0]LogDerivedDataCache: Shared data cache path not found in *engine.ini, will not use an Shared cache.
[2022.05.10-06.59.27:673][  0]LogDerivedDataCache: Unable to find inner node Shared for hierarchical cache Hierarchy.
[2022.05.10-06.59.27:715][  0]LogSlate: Using FreeType 2.10.0
[2022.05.10-06.59.27:715][  0]LogSlate: SlateFontServices - WITH_FREETYPE: 1, WITH_HARFBUZZ: 1
[2022.05.10-06.59.27:737][  0]LogAssetRegistry: FAssetRegistry took 0.0035 seconds to start up
[2022.05.10-06.59.27:927][  0]LogInit: Selected Device Profile: [Windows]
[2022.05.10-06.59.27:927][  0]LogInit: Active device profile: [000002561B517900][000002561C07B240 49] Windows
[2022.05.10-06.59.27:927][  0]LogInit: Profiles: [000002561B517900][000002561C07B240 49] Windows, [000002561B4DC900][0000025613DC13C0 49] WindowsNoEditor, [000002561B514900][0000025613DC5540 49] WindowsServer, [000002561B4DF100][0000025613E396C0 49] WindowsClient, [000002561B517000][0000025613E3D840 49] IOS, [000002561B4DD200][00000256115679C0 49] iPadAir, [000002561B515100][000002561156BB40 49] iPadAir2, [000002561B44FF00][0000025611572280 49] IPadPro, [000002561B44FE00][000002561156E2C0 49] iPadAir3, [000002561B516A00][0000025611576440 49] iPadAir4, [000002561B44CE00][000002561BE20580 49] iPadMini2, [000002561B515600][000002561C4846C0 49] iPadMini3, [000002561B44EB00][000002561C488800 49] iPadMini4, [000002561B516300][000002561C48C940 49] iPadMini5, [000002561B453800][00000256116BEC00 49] iPhone6, [000002561B453900][00000256116A6C40 49] iPodTouch6, [000002561B44D000][000002561BF6AF00 49] iPhone7, [000002561B44D100][000002561BF62F40 49] iPodTouch7, [000002561B450D00][000002561BF790C0 49] iPhone5S, [000002561B44F400][000002561BF7D240 49] iPhone6Plus, [000002561B452C00][000002561BF813C0 49] iPhone6S, [000002561B44C900][000002561BF85540 49] iPhone6SPlus, [000002561B451500][000002561BF896C0 49] iPhone7Plus, [000002561B44DC00][000002561BF8D840 49] iPhoneSE, [000002561B452400][0000025617A399C0 49] iPhone8, [000002561B44EA00][0000025617A3DB40 49] iPhone8Plus, [000002561B453700][0000025617A40140 49] iPhoneX, [000002561B44C100][000002561C0002C0 49] iPhoneXS, [000002561B450300][000002561C030440 49] iPhoneXSMax, [000002561B44D600][0000025617A805C0 49] iPhoneXR, [000002561B452A00][0000025617A84740 49] iPhone11, [000002561B44CA00][00000256116A2880 49] iPhone11Pro, [000002561B450C00][00000256116349C0 49] iPhone11ProMax, [000002561B44D200][0000025611638B00 49] iPhoneSE2, [000002561B450F00][000002561166CC80 49] iPhone12Mini, [000002561B44FD00][0000025611674E00 49] iPhone12, [000002561B451000][0000025611678F80 49] iPhone12Pro, [000002561B44F000][000002561167D100 49] iPhone12ProMax, [000002561B452B00][0000025611681280 49] iPadPro105, [000002561B44E500][0000025611685400 49] iPadPro129, [000002561B452F00][0000025611689580 49] iPadPro97, [000002561B44E600][0000025613DB7700 49] iPadPro2_129, [000002561B451400][0000025613DBB880 49] iPad5, [000002561B44D700][0000025611699A00 49] iPad6, [000002561B453200][000002561169DB80 49] iPad7, [000002561B44C700][000002561C40C180 49] iPad8, [000002561B451900][000002561C410300 49] iPadPro11, [000002561B44FC00][000002561C414480 49] iPadPro2_11, [000002561B450200][000002561C418600 49] iPadPro3_129, [000002561B44F600][000002561C41C780 49] iPadPro4_129, [000002561B452600][000002561C420900 49] AppleTV, [000002561B44DB00][000002561163CA40 49] AppleTV4K, [000002561B453000][000002561C424B80 49] TVOS, [000002561B44E200][000002561C428CC0 49] Mac, [000002561B452100][000002561C430E40 49] MacClient, [000002561B44FA00][000002561C434FC0 49] MacNoEditor, [000002561B452D00][000002561C439140 49] MacServer, [000002561B44D500][000002561C43D2C0 49] Linux, [000002561B451A00][000002561C441440 49] LinuxAArch64, [000002561B44CB00][000002561C4455C0 49] LinuxNoEditor, [000002561B450100][000002561C0FD740 49] LinuxAArch64NoEditor, [000002561B44C500][000002561C1018C0 49] LinuxClient, [000002561B451100][000002561C105A40 49] LinuxAArch64Client, [000002561B44D300][000002561C109BC0 49] LinuxServer, [000002561B4DED00][000002561C10C1C0 49] LinuxAArch64Server, [000002561B555100][000002561C110340 49] Android, [000002561B4DE600][000002561C1144C0 49] Android_Low, [000002561B555900][000002561C118640 49] Android_Mid, [000002561B4DDB00][000002561C11C7C0 49] Android_High, [000002561B554A00][000002561C120940 49] Android_Default, [000002561B4DDE00][000002561C124AC0 49] Android_Adreno4xx, [000002561B556200][000002561C42CC00 49] Android_Adreno5xx_Low, [000002561B4DCE00][000002561C128D40 49] Android_Adreno5xx, [000002561B554D00][000002561C12CE80 49] Android_Adreno6xx, [000002561B4DD700][000002561C130FC0 49] Android_Adreno6xx_Vulkan, [000002561B555F00][000002561C139140 49] Android_Mali_T6xx, [000002561B4DD000][000002561C13D2C0 49] Android_Mali_T7xx, [000002561B554200][000002561C141440 49] Android_Mali_T8xx, [000002561B4DDA00][000002561C1455C0 49] Android_Mali_G71, [000002561B555300][000002561C149740 49] Android_Mali_G72, [000002561B4DFD00][000002561C14D8C0 49] Android_Mali_G72_Vulkan, [000002561B554100][000002561C151A40 49] Android_Mali_G76, [000002561B4DCF00][000002561C155BC0 49] Android_Mali_G76_Vulkan, [000002561B554600][000002561C1581C0 49] Android_Mali_G77, [000002561B4DD100][000002561C15C340 49] Android_Mali_G77_Vulkan, [000002561B554300][000002561BEDC4C0 49] Android_Mali_G78, [000002561B4DC300][000002561BEE0640 49] Android_Mali_G78_Vulkan, [000002561B555500][000002561BEE47C0 49] Android_Mali_G710, [000002561B44E100][000002561BEE8940 49] Android_Mali_G710_Vulkan, [000002561B451F00][000002561BEECAC0 49] Android_Vulkan_SM5, [000002561B44D400][000002561BEF0C40 49] Android_PowerVR_G6xxx, [000002561B556900][000002561C134D80 49] Android_PowerVR_GT7xxx, [000002561B44DD00][000002561BEF4EC0 49] Android_PowerVR_GE8xxx, [000002561B554B00][000002561BEF9000 49] Android_PowerVR_GM9xxx, [000002561B44C800][000002561BEFD140 49] Android_PowerVR_GM9xxx_Vulkan, [000002561B555000][000002561BF052C0 49] Android_TegraK1, [000002561B44D800][000002561BF09440 49] Android_Unknown_Vulkan, [000002561B555A00][000002561BF0D5C0 49] Lumin, [000002561B44E900][000002561BF11740 49] Lumin_Desktop, [000002561B556700][000002561BF158C0 49] HoloLens, 
[2022.05.10-06.59.28:048][  0]LogMeshReduction: Using QuadricMeshReduction for automatic static mesh reduction
[2022.05.10-06.59.28:048][  0]LogMeshReduction: Using SimplygonMeshReduction for automatic skeletal mesh reduction
[2022.05.10-06.59.28:048][  0]LogMeshReduction: Using ProxyLODMeshReduction for automatic mesh merging
[2022.05.10-06.59.28:048][  0]LogMeshReduction: No distributed automatic mesh merging module available
[2022.05.10-06.59.28:048][  0]LogMeshMerging: No distributed automatic mesh merging module available
[2022.05.10-06.59.28:061][  0]LogNetVersion: CookBook_Ch4 1.0.0, NetCL: 17155196, EngineNetVer: 17, GameNetVer: 0 (Checksum: 3715549805)
[2022.05.10-06.59.28:374][  0]LogTexture: Default maximum texture size for cubemaps generated from long-lat sources has been changed from 512 to unlimited. In order to preserve old behaiour for '/Engine/MapTemplates/Sky/DaylightAmbientCubemap.DaylightAmbientCubemap', its maximum texture size has been explicitly set to 512.
[2022.05.10-06.59.28:421][  0]LogHMD: PokeAHoleMaterial loaded successfully
[2022.05.10-06.59.28:426][  0]LogUObjectArray: 17178 objects as part of root set at end of initial load.
[2022.05.10-06.59.28:426][  0]LogUObjectAllocator: 4302048 out of 0 bytes used by permanent object pool.
[2022.05.10-06.59.28:426][  0]LogUObjectArray: CloseDisregardForGC: 0/0 objects in disregard for GC pool
[2022.05.10-06.59.28:770][  0]LogNiagaraDebuggerClient: Niagara Debugger Client Initialized | Session: 6C5E3D4D41E998C6C0A830816DD22A62 | Instance: 6D0D30624B3C40FE0B90BCA85CD75B64 (-PC1-2700).
[2022.05.10-06.59.28:802][  0]LogPython: Using Python 3.7.7
[2022.05.10-06.59.29:252][  0]LogUdpMessaging: Initializing bridge on interface 0.0.0.0:0 to multicast group 230.0.0.1:6666.
[2022.05.10-06.59.29:263][  0]LogTcpMessaging: Initializing TcpMessaging bridge
[2022.05.10-06.59.30:030][  0]LogOpenImageDenoise: OIDN starting up
[2022.05.10-06.59.30:043][  0]LogAndroidPermission: UAndroidPermissionCallbackProxy::GetInstance
[2022.05.10-06.59.30:068][  0]LogAudioCaptureCore: Display: No Audio Capture implementations found. Audio input will be silent.
[2022.05.10-06.59.30:068][  0]LogAudioCaptureCore: Display: No Audio Capture implementations found. Audio input will be silent.
[2022.05.10-06.59.30:186][  0]SourceControl: 소스 컨트롤이 꺼졌습니다.
[2022.05.10-06.59.30:186][  0]SourceControl: 소스 컨트롤이 꺼졌습니다.
[2022.05.10-06.59.30:190][  0]SourceControl: 소스 컨트롤이 꺼졌습니다.
[2022.05.10-06.59.30:197][  0]SourceControl: 소스 컨트롤이 꺼졌습니다.
[2022.05.10-06.59.30:201][  0]SourceControl: 소스 컨트롤이 꺼졌습니다.
[2022.05.10-06.59.30:208][  0]LogUProjectInfo: Found projects:
[2022.05.10-06.59.30:224][  0]LogCollectionManager: Loaded 0 collections in 0.000537 seconds
[2022.05.10-06.59.30:250][  0]LogFileCache: Scanning file cache for directory 'D:/UNREAL ENGINE/UNREAL PROJECT/CookBook_Ch4/Saved/Collections/' took 0.00s
[2022.05.10-06.59.30:250][  0]LogFileCache: Scanning file cache for directory 'D:/UNREAL ENGINE/UNREAL PROJECT/CookBook_Ch4/Content/Developers/WIN10/Collections/' took 0.00s
[2022.05.10-06.59.30:250][  0]LogFileCache: Scanning file cache for directory 'D:/UNREAL ENGINE/UNREAL PROJECT/CookBook_Ch4/Content/Collections/' took 0.00s
[2022.05.10-06.59.30:250][  0]LogOcInput: OculusInput pre-init called
[2022.05.10-06.59.30:464][  0]LogEngine: Initializing Engine...
[2022.05.10-06.59.30:467][  0]LogHMD: Failed to enumerate extensions. Please check that you have a valid OpenXR runtime installed.
[2022.05.10-06.59.30:467][  0]LogHMD: Failed to initialize OpenVR with code 110
[2022.05.10-06.59.30:467][  0]LogMagicLeap: Warning: VR disabled because ZI is not enabled.  To enable, in the editor, Edit -> Project Settings -> Plugins -> Magic Leap Plugin -> Enable Zero Iteration
[2022.05.10-06.59.30:468][  0]LogStats: UGameplayTagsManager::InitializeManager -  0.000 s
[2022.05.10-06.59.30:573][  0]LogInit: Initializing FReadOnlyCVARCache
[2022.05.10-06.59.30:581][  0]LogAIModule: Creating AISystem for world Untitled
[2022.05.10-06.59.30:594][  0]LogAudio: Display: Initializing Audio Device Manager...
[2022.05.10-06.59.30:598][  0]LogAudio: Display: Loading Default Audio Settings Objects...
[2022.05.10-06.59.30:598][  0]LogAudio: Display: No default SoundConcurrencyObject specified (or failed to load).
[2022.05.10-06.59.30:599][  0]LogAudio: Display: Audio Device Manager Initialized
[2022.05.10-06.59.30:599][  0]LogAudio: Display: Creating Audio Device:                 Id: 1, Scope: Shared, Realtime: True
[2022.05.10-06.59.30:599][  0]LogAudioMixer: Display: Audio Mixer Platform Settings:
[2022.05.10-06.59.30:599][  0]LogAudioMixer: Display: 	Sample Rate:						  48000
[2022.05.10-06.59.30:599][  0]LogAudioMixer: Display: 	Callback Buffer Frame Size Requested: 1024
[2022.05.10-06.59.30:599][  0]LogAudioMixer: Display: 	Callback Buffer Frame Size To Use:	  1024
[2022.05.10-06.59.30:599][  0]LogAudioMixer: Display: 	Number of buffers to queue:			  2
[2022.05.10-06.59.30:599][  0]LogAudioMixer: Display: 	Max Channels (voices):				  32
[2022.05.10-06.59.30:599][  0]LogAudioMixer: Display: 	Number of Async Source Workers:		  0
[2022.05.10-06.59.30:599][  0]LogAudio: Display: AudioDevice MaxSources: 32
[2022.05.10-06.59.30:600][  0]LogAudio: Display: Audio Spatialization Plugin: None (built-in).
[2022.05.10-06.59.30:600][  0]LogAudio: Display: Audio Reverb Plugin: None (built-in).
[2022.05.10-06.59.30:600][  0]LogAudio: Display: Audio Occlusion Plugin: None (built-in).
[2022.05.10-06.59.30:600][  0]LogAudioMixer: Display: Initializing audio mixer.
[2022.05.10-06.59.30:609][  0]LogAudioMixer: Display: Using Audio Device Unknown
[2022.05.10-06.59.30:612][  0]LogAudioMixer: Display: Initializing Sound Submixes...
[2022.05.10-06.59.30:613][  0]LogAudioMixer: Display: Creating Master Submix 'MasterSubmixDefault'
[2022.05.10-06.59.30:613][  0]LogAudioMixer: Display: Creating Master Submix 'MasterReverbSubmixDefault'
[2022.05.10-06.59.30:614][  0]LogAudioMixer: Display: Creating Master Submix 'MasterEQSubmixDefault'
[2022.05.10-06.59.30:614][  0]LogAudioMixer: FMixerPlatformXAudio2::StartAudioStream() called
[2022.05.10-06.59.30:614][  0]LogAudioMixer: Display: Output buffers initialized: Frames=1024, Channels=2, Samples=2048
[2022.05.10-06.59.30:616][  0]LogAudioMixer: Display: Starting AudioMixerPlatformInterface::RunInternal()
[2022.05.10-06.59.30:616][  0]LogAudioMixer: Display: StartRunningNullDevice() called
[2022.05.10-06.59.30:617][  0]LogInit: FAudioDevice initialized.
[2022.05.10-06.59.30:618][  0]LogAudio: Display: Audio Device (ID: 1) registered with world 'Untitled'.
[2022.05.10-06.59.30:618][  0]LogNetVersion: Set ProjectVersion to 1.0.0.0. Version Checksum will be recalculated on next use.
[2022.05.10-06.59.30:661][  0]LogDerivedDataCache: Saved boot cache 0.04s 94MB C:/Users/WIN10/AppData/Local/UnrealEngine/4.27/DerivedDataCache/Boot.ddc.
[2022.05.10-06.59.30:662][  0]LogInit: Texture streaming: Enabled
[2022.05.10-06.59.30:674][  0]LogAnalytics: Display: [UEEditor.Rocket.Release] APIServer = https://datarouter.ol.epicgames.com/. AppVersion = 4.27.2-18319896+++UE4+Release-4.27
[2022.05.10-06.59.30:678][  0]LogEngineSessionManager: EngineSessionManager initialized
[2022.05.10-06.59.30:678][  0]LogEditorSessionSummary: Verbose: Initializing EditorSessionSummaryWriter for editor session tracking
[2022.05.10-06.59.30:679][  0]LogEditorSessionSummary: EditorSessionSummaryWriter initialized
[2022.05.10-06.59.31:009][  0]LogInit: Transaction tracking system initialized
[2022.05.10-06.59.31:032][  0]BlueprintLog: New page: 에디터 로드
[2022.05.10-06.59.31:094][  0]LocalizationService: 현지화 서비스가 비활성화되었습니다.
[2022.05.10-06.59.31:118][  0]TimingProfiler: Initialize
[2022.05.10-06.59.31:118][  0]TimingProfiler: OnSessionChanged
[2022.05.10-06.59.31:118][  0]LoadingProfiler: Initialize
[2022.05.10-06.59.31:118][  0]LoadingProfiler: OnSessionChanged
[2022.05.10-06.59.31:118][  0]NetworkingProfiler: Initialize
[2022.05.10-06.59.31:118][  0]NetworkingProfiler: OnSessionChanged
[2022.05.10-06.59.31:118][  0]MemoryProfiler: Initialize
[2022.05.10-06.59.31:118][  0]MemoryProfiler: OnSessionChanged
[2022.05.10-06.59.31:239][  0]LogCook: Display: CookSettings for Memory: MemoryMaxUsedVirtual 0MiB, MemoryMaxUsedPhysical 16384MiB, MemoryMinFreeVirtual 0MiB, MemoryMinFreePhysical 1024MiB
[2022.05.10-06.59.31:239][  0]LogCook: Display: Mobile HDR setting 1
[2022.05.10-06.59.31:428][  0]LogFileCache: Scanning file cache for directory 'D:/UNREAL ENGINE/UNREAL PROJECT/CookBook_Ch4/Content/' took 0.00s
[2022.05.10-06.59.31:591][  0]LogInit: Display: Engine is initialized. Leaving FEngineLoop::Init()
[2022.05.10-06.59.31:593][  0]SourceControl: 소스 컨트롤이 꺼졌습니다.
[2022.05.10-06.59.31:593][  0]LogUnrealEdMisc: Loading editor; pre map load, took 6.631
[2022.05.10-06.59.31:593][  0]Cmd: MAP LOAD FILE="../../../../UNREAL PROJECT/CookBook_Ch4/Content/StarterContent/Maps/Minimal_Default.umap" TEMPLATE=0 SHOWPROGRESS=1 FEATURELEVEL=3
[2022.05.10-06.59.31:594][  0]LightingResults: New page: 라이팅 빌드
[2022.05.10-06.59.31:620][  0]LogWorld: UWorld::CleanupWorld for Untitled, bSessionEnded=true, bCleanupResources=true
[2022.05.10-06.59.31:620][  0]LogSlate: InvalidateAllWidgets triggered.  All widgets were invalidated
[2022.05.10-06.59.31:621][  0]MapCheck: New page: 맵 체크
[2022.05.10-06.59.31:621][  0]LightingResults: New page: 라이팅 빌드
[2022.05.10-06.59.31:625][  0]LogAudio: Display: Audio Device unregistered from world 'None'.
[2022.05.10-06.59.31:628][  0]LogUObjectHash: Compacting FUObjectHashTables data took   0.72ms
[2022.05.10-06.59.31:733][  0]LogAudio: Display: Audio Device (ID: 1) registered with world 'Minimal_Default'.
[2022.05.10-06.59.31:734][  0]LogAIModule: Creating AISystem for world Minimal_Default
[2022.05.10-06.59.31:740][  0]LogEditorServer: Finished looking for orphan Actors (0.000 secs)
[2022.05.10-06.59.31:746][  0]LogUObjectHash: Compacting FUObjectHashTables data took   0.76ms
[2022.05.10-06.59.31:747][  0]Cmd: MAP CHECKDEP NOCLEARLOG
[2022.05.10-06.59.31:747][  0]MapCheck: 맵 체크 완료: 오류 0 회, 경고 0 회, 소요 시간 0.099ms.
[2022.05.10-06.59.31:747][  0]LogFileHelpers: Loading map 'Minimal_Default' took 0.153
[2022.05.10-06.59.31:749][  0]LogUnrealEdMisc: Total Editor Startup Time, took 6.786
[2022.05.10-06.59.31:869][  0]LogSlate: Updating window title bar state: overlay mode, drag disabled, window buttons hidden, title bar hidden
[2022.05.10-06.59.31:875][  0]LogSlate: Updating window title bar state: overlay mode, drag disabled, window buttons hidden, title bar hidden
[2022.05.10-06.59.31:880][  0]LogSlate: Updating window title bar state: overlay mode, drag disabled, window buttons hidden, title bar hidden
[2022.05.10-06.59.31:886][  0]LogSlate: Updating window title bar state: overlay mode, drag disabled, window buttons hidden, title bar hidden
[2022.05.10-06.59.31:897][  0]LogNativeClassHierarchy: Verbose: Native class hierarchy populated in 0.0082 seconds. Added 3833 classes and 930 folders.
[2022.05.10-06.59.31:900][  0]LogNativeClassHierarchy: Verbose: Native class hierarchy updated for 'WidgetCarousel' in 0.0002 seconds. Added 0 classes and 0 folders.
[2022.05.10-06.59.31:901][  0]LogPakFile: PakFile PrimaryIndexSize=187
[2022.05.10-06.59.31:902][  0]LogPakFile: PakFile PathHashIndexSize=101
[2022.05.10-06.59.31:902][  0]LogPakFile: PakFile FullDirectoryIndexSize=148
[2022.05.10-06.59.31:902][  0]LogShaderLibrary: Display: ShaderCodeLibraryPakFileMountedCallback: PakFile 'D:/UNREAL ENGINE/UE_4.27/FeaturePacks/FP_FirstPerson.upack' (chunk index -1, root 'root:/') mounted
[2022.05.10-06.59.31:902][  0]LogShaderLibrary: Display: ShaderCodeLibraryPakFileMountedCallback: pending pak file info (ChunkID:-1 Root:root:/ File:D:/UNREAL ENGINE/UE_4.27/FeaturePacks/FP_FirstPerson.upack)
[2022.05.10-06.59.31:902][  0]LogPakFile: OnPakFileMounted2Time == 0.000142
[2022.05.10-06.59.31:902][  0]LogPakFile: PakFile PrimaryIndexSize=189
[2022.05.10-06.59.31:902][  0]LogPakFile: PakFile PathHashIndexSize=101
[2022.05.10-06.59.31:902][  0]LogPakFile: PakFile FullDirectoryIndexSize=152
[2022.05.10-06.59.31:902][  0]LogShaderLibrary: Display: ShaderCodeLibraryPakFileMountedCallback: PakFile 'D:/UNREAL ENGINE/UE_4.27/FeaturePacks/FP_FirstPersonBP.upack' (chunk index -1, root 'root:/') mounted
[2022.05.10-06.59.31:903][  0]LogShaderLibrary: Display: ShaderCodeLibraryPakFileMountedCallback: pending pak file info (ChunkID:-1 Root:root:/ File:D:/UNREAL ENGINE/UE_4.27/FeaturePacks/FP_FirstPersonBP.upack)
[2022.05.10-06.59.31:903][  0]LogPakFile: OnPakFileMounted2Time == 0.000107
[2022.05.10-06.59.31:903][  0]LogPakFile: PakFile PrimaryIndexSize=191
[2022.05.10-06.59.31:903][  0]LogPakFile: PakFile PathHashIndexSize=101
[2022.05.10-06.59.31:903][  0]LogPakFile: PakFile FullDirectoryIndexSize=160
[2022.05.10-06.59.31:903][  0]LogShaderLibrary: Display: ShaderCodeLibraryPakFileMountedCallback: PakFile 'D:/UNREAL ENGINE/UE_4.27/FeaturePacks/MobileStarterContent.upack' (chunk index -1, root 'root:/') mounted
[2022.05.10-06.59.31:903][  0]LogShaderLibrary: Display: ShaderCodeLibraryPakFileMountedCallback: pending pak file info (ChunkID:-1 Root:root:/ File:D:/UNREAL ENGINE/UE_4.27/FeaturePacks/MobileStarterContent.upack)
[2022.05.10-06.59.31:903][  0]LogPakFile: OnPakFileMounted2Time == 0.000105
[2022.05.10-06.59.31:904][  0]LogPakFile: PakFile PrimaryIndexSize=185
[2022.05.10-06.59.31:904][  0]LogPakFile: PakFile PathHashIndexSize=101
[2022.05.10-06.59.31:904][  0]LogPakFile: PakFile FullDirectoryIndexSize=148
[2022.05.10-06.59.31:904][  0]LogShaderLibrary: Display: ShaderCodeLibraryPakFileMountedCallback: PakFile 'D:/UNREAL ENGINE/UE_4.27/FeaturePacks/StarterContent.upack' (chunk index -1, root 'root:/') mounted
[2022.05.10-06.59.31:904][  0]LogShaderLibrary: Display: ShaderCodeLibraryPakFileMountedCallback: pending pak file info (ChunkID:-1 Root:root:/ File:D:/UNREAL ENGINE/UE_4.27/FeaturePacks/StarterContent.upack)
[2022.05.10-06.59.31:904][  0]LogPakFile: OnPakFileMounted2Time == 0.000106
[2022.05.10-06.59.31:904][  0]LogPakFile: PakFile PrimaryIndexSize=190
[2022.05.10-06.59.31:904][  0]LogPakFile: PakFile PathHashIndexSize=101
[2022.05.10-06.59.31:904][  0]LogPakFile: PakFile FullDirectoryIndexSize=154
[2022.05.10-06.59.31:904][  0]LogShaderLibrary: Display: ShaderCodeLibraryPakFileMountedCallback: PakFile 'D:/UNREAL ENGINE/UE_4.27/FeaturePacks/TP_2DSideScroller.upack' (chunk index -1, root 'root:/') mounted
[2022.05.10-06.59.31:905][  0]LogShaderLibrary: Display: ShaderCodeLibraryPakFileMountedCallback: pending pak file info (ChunkID:-1 Root:root:/ File:D:/UNREAL ENGINE/UE_4.27/FeaturePacks/TP_2DSideScroller.upack)
[2022.05.10-06.59.31:905][  0]LogPakFile: OnPakFileMounted2Time == 0.000111
[2022.05.10-06.59.31:905][  0]LogPakFile: PakFile PrimaryIndexSize=192
[2022.05.10-06.59.31:905][  0]LogPakFile: PakFile PathHashIndexSize=101
[2022.05.10-06.59.31:905][  0]LogPakFile: PakFile FullDirectoryIndexSize=158
[2022.05.10-06.59.31:905][  0]LogShaderLibrary: Display: ShaderCodeLibraryPakFileMountedCallback: PakFile 'D:/UNREAL ENGINE/UE_4.27/FeaturePacks/TP_2DSideScrollerBP.upack' (chunk index -1, root 'root:/') mounted
[2022.05.10-06.59.31:905][  0]LogShaderLibrary: Display: ShaderCodeLibraryPakFileMountedCallback: pending pak file info (ChunkID:-1 Root:root:/ File:D:/UNREAL ENGINE/UE_4.27/FeaturePacks/TP_2DSideScrollerBP.upack)
[2022.05.10-06.59.31:905][  0]LogPakFile: OnPakFileMounted2Time == 0.000120
[2022.05.10-06.59.31:906][  0]LogPakFile: PakFile PrimaryIndexSize=182
[2022.05.10-06.59.31:906][  0]LogPakFile: PakFile PathHashIndexSize=101
[2022.05.10-06.59.31:906][  0]LogPakFile: PakFile FullDirectoryIndexSize=138
[2022.05.10-06.59.31:906][  0]LogShaderLibrary: Display: ShaderCodeLibraryPakFileMountedCallback: PakFile 'D:/UNREAL ENGINE/UE_4.27/FeaturePacks/TP_Flying.upack' (chunk index -1, root 'root:/') mounted
[2022.05.10-06.59.31:906][  0]LogShaderLibrary: Display: ShaderCodeLibraryPakFileMountedCallback: pending pak file info (ChunkID:-1 Root:root:/ File:D:/UNREAL ENGINE/UE_4.27/FeaturePacks/TP_Flying.upack)
[2022.05.10-06.59.31:906][  0]LogPakFile: OnPakFileMounted2Time == 0.000094
[2022.05.10-06.59.31:906][  0]LogPakFile: PakFile PrimaryIndexSize=184
[2022.05.10-06.59.31:906][  0]LogPakFile: PakFile PathHashIndexSize=101
[2022.05.10-06.59.31:906][  0]LogPakFile: PakFile FullDirectoryIndexSize=142
[2022.05.10-06.59.31:906][  0]LogShaderLibrary: Display: ShaderCodeLibraryPakFileMountedCallback: PakFile 'D:/UNREAL ENGINE/UE_4.27/FeaturePacks/TP_FlyingBP.upack' (chunk index -1, root 'root:/') mounted
[2022.05.10-06.59.31:907][  0]LogShaderLibrary: Display: ShaderCodeLibraryPakFileMountedCallback: pending pak file info (ChunkID:-1 Root:root:/ File:D:/UNREAL ENGINE/UE_4.27/FeaturePacks/TP_FlyingBP.upack)
[2022.05.10-06.59.31:907][  0]LogPakFile: OnPakFileMounted2Time == 0.000124
[2022.05.10-06.59.31:907][  0]LogPakFile: PakFile PrimaryIndexSize=188
[2022.05.10-06.59.31:907][  0]LogPakFile: PakFile PathHashIndexSize=101
[2022.05.10-06.59.31:907][  0]LogPakFile: PakFile FullDirectoryIndexSize=150
[2022.05.10-06.59.31:907][  0]LogShaderLibrary: Display: ShaderCodeLibraryPakFileMountedCallback: PakFile 'D:/UNREAL ENGINE/UE_4.27/FeaturePacks/TP_HandheldARBP.upack' (chunk index -1, root 'root:/') mounted
[2022.05.10-06.59.31:907][  0]LogShaderLibrary: Display: ShaderCodeLibraryPakFileMountedCallback: pending pak file info (ChunkID:-1 Root:root:/ File:D:/UNREAL ENGINE/UE_4.27/FeaturePacks/TP_HandheldARBP.upack)
[2022.05.10-06.59.31:907][  0]LogPakFile: OnPakFileMounted2Time == 0.000103
[2022.05.10-06.59.31:908][  0]LogPakFile: PakFile PrimaryIndexSize=182
[2022.05.10-06.59.31:908][  0]LogPakFile: PakFile PathHashIndexSize=101
[2022.05.10-06.59.31:908][  0]LogPakFile: PakFile FullDirectoryIndexSize=138
[2022.05.10-06.59.31:908][  0]LogShaderLibrary: Display: ShaderCodeLibraryPakFileMountedCallback: PakFile 'D:/UNREAL ENGINE/UE_4.27/FeaturePacks/TP_Puzzle.upack' (chunk index -1, root 'root:/') mounted
[2022.05.10-06.59.31:908][  0]LogShaderLibrary: Display: ShaderCodeLibraryPakFileMountedCallback: pending pak file info (ChunkID:-1 Root:root:/ File:D:/UNREAL ENGINE/UE_4.27/FeaturePacks/TP_Puzzle.upack)
[2022.05.10-06.59.31:908][  0]LogPakFile: OnPakFileMounted2Time == 0.000097
[2022.05.10-06.59.31:909][  0]LogPakFile: PakFile PrimaryIndexSize=184
[2022.05.10-06.59.31:909][  0]LogPakFile: PakFile PathHashIndexSize=101
[2022.05.10-06.59.31:909][  0]LogPakFile: PakFile FullDirectoryIndexSize=142
[2022.05.10-06.59.31:909][  0]LogShaderLibrary: Display: ShaderCodeLibraryPakFileMountedCallback: PakFile 'D:/UNREAL ENGINE/UE_4.27/FeaturePacks/TP_PuzzleBP.upack' (chunk index -1, root 'root:/') mounted
[2022.05.10-06.59.31:909][  0]LogShaderLibrary: Display: ShaderCodeLibraryPakFileMountedCallback: pending pak file info (ChunkID:-1 Root:root:/ File:D:/UNREAL ENGINE/UE_4.27/FeaturePacks/TP_PuzzleBP.upack)
[2022.05.10-06.59.31:909][  0]LogPakFile: OnPakFileMounted2Time == 0.000113
[2022.05.10-06.59.31:909][  0]LogPakFile: PakFile PrimaryIndexSize=183
[2022.05.10-06.59.31:909][  0]LogPakFile: PakFile PathHashIndexSize=101
[2022.05.10-06.59.31:909][  0]LogPakFile: PakFile FullDirectoryIndexSize=140
[2022.05.10-06.59.31:909][  0]LogShaderLibrary: Display: ShaderCodeLibraryPakFileMountedCallback: PakFile 'D:/UNREAL ENGINE/UE_4.27/FeaturePacks/TP_Rolling.upack' (chunk index -1, root 'root:/') mounted
[2022.05.10-06.59.31:909][  0]LogShaderLibrary: Display: ShaderCodeLibraryPakFileMountedCallback: pending pak file info (ChunkID:-1 Root:root:/ File:D:/UNREAL ENGINE/UE_4.27/FeaturePacks/TP_Rolling.upack)
[2022.05.10-06.59.31:909][  0]LogPakFile: OnPakFileMounted2Time == 0.000100
[2022.05.10-06.59.31:910][  0]LogPakFile: PakFile PrimaryIndexSize=185
[2022.05.10-06.59.31:910][  0]LogPakFile: PakFile PathHashIndexSize=101
[2022.05.10-06.59.31:910][  0]LogPakFile: PakFile FullDirectoryIndexSize=144
[2022.05.10-06.59.31:910][  0]LogShaderLibrary: Display: ShaderCodeLibraryPakFileMountedCallback: PakFile 'D:/UNREAL ENGINE/UE_4.27/FeaturePacks/TP_RollingBP.upack' (chunk index -1, root 'root:/') mounted
[2022.05.10-06.59.31:910][  0]LogShaderLibrary: Display: ShaderCodeLibraryPakFileMountedCallback: pending pak file info (ChunkID:-1 Root:root:/ File:D:/UNREAL ENGINE/UE_4.27/FeaturePacks/TP_RollingBP.upack)
[2022.05.10-06.59.31:910][  0]LogPakFile: OnPakFileMounted2Time == 0.000097
[2022.05.10-06.59.31:910][  0]LogPakFile: PakFile PrimaryIndexSize=188
[2022.05.10-06.59.31:911][  0]LogPakFile: PakFile PathHashIndexSize=101
[2022.05.10-06.59.31:911][  0]LogPakFile: PakFile FullDirectoryIndexSize=150
[2022.05.10-06.59.31:911][  0]LogShaderLibrary: Display: ShaderCodeLibraryPakFileMountedCallback: PakFile 'D:/UNREAL ENGINE/UE_4.27/FeaturePacks/TP_SideScroller.upack' (chunk index -1, root 'root:/') mounted
[2022.05.10-06.59.31:911][  0]LogShaderLibrary: Display: ShaderCodeLibraryPakFileMountedCallback: pending pak file info (ChunkID:-1 Root:root:/ File:D:/UNREAL ENGINE/UE_4.27/FeaturePacks/TP_SideScroller.upack)
[2022.05.10-06.59.31:911][  0]LogPakFile: OnPakFileMounted2Time == 0.000094
[2022.05.10-06.59.31:911][  0]LogPakFile: PakFile PrimaryIndexSize=190
[2022.05.10-06.59.31:911][  0]LogPakFile: PakFile PathHashIndexSize=101
[2022.05.10-06.59.31:911][  0]LogPakFile: PakFile FullDirectoryIndexSize=154
[2022.05.10-06.59.31:911][  0]LogShaderLibrary: Display: ShaderCodeLibraryPakFileMountedCallback: PakFile 'D:/UNREAL ENGINE/UE_4.27/FeaturePacks/TP_SideScrollerBP.upack' (chunk index -1, root 'root:/') mounted
[2022.05.10-06.59.31:911][  0]LogShaderLibrary: Display: ShaderCodeLibraryPakFileMountedCallback: pending pak file info (ChunkID:-1 Root:root:/ File:D:/UNREAL ENGINE/UE_4.27/FeaturePacks/TP_SideScrollerBP.upack)
[2022.05.10-06.59.31:911][  0]LogPakFile: OnPakFileMounted2Time == 0.000099
[2022.05.10-06.59.31:912][  0]LogPakFile: PakFile PrimaryIndexSize=187
[2022.05.10-06.59.31:912][  0]LogPakFile: PakFile PathHashIndexSize=101
[2022.05.10-06.59.31:912][  0]LogPakFile: PakFile FullDirectoryIndexSize=148
[2022.05.10-06.59.31:912][  0]LogShaderLibrary: Display: ShaderCodeLibraryPakFileMountedCallback: PakFile 'D:/UNREAL ENGINE/UE_4.27/FeaturePacks/TP_ThirdPerson.upack' (chunk index -1, root 'root:/') mounted
[2022.05.10-06.59.31:912][  0]LogShaderLibrary: Display: ShaderCodeLibraryPakFileMountedCallback: pending pak file info (ChunkID:-1 Root:root:/ File:D:/UNREAL ENGINE/UE_4.27/FeaturePacks/TP_ThirdPerson.upack)
[2022.05.10-06.59.31:912][  0]LogPakFile: OnPakFileMounted2Time == 0.000102
[2022.05.10-06.59.31:913][  0]LogPakFile: PakFile PrimaryIndexSize=189
[2022.05.10-06.59.31:913][  0]LogPakFile: PakFile PathHashIndexSize=101
[2022.05.10-06.59.31:913][  0]LogPakFile: PakFile FullDirectoryIndexSize=152
[2022.05.10-06.59.31:913][  0]LogShaderLibrary: Display: ShaderCodeLibraryPakFileMountedCallback: PakFile 'D:/UNREAL ENGINE/UE_4.27/FeaturePacks/TP_ThirdPersonBP.upack' (chunk index -1, root 'root:/') mounted
[2022.05.10-06.59.31:913][  0]LogShaderLibrary: Display: ShaderCodeLibraryPakFileMountedCallback: pending pak file info (ChunkID:-1 Root:root:/ File:D:/UNREAL ENGINE/UE_4.27/FeaturePacks/TP_ThirdPersonBP.upack)
[2022.05.10-06.59.31:913][  0]LogPakFile: OnPakFileMounted2Time == 0.000106
[2022.05.10-06.59.31:913][  0]LogPakFile: PakFile PrimaryIndexSize=183
[2022.05.10-06.59.31:913][  0]LogPakFile: PakFile PathHashIndexSize=101
[2022.05.10-06.59.31:913][  0]LogPakFile: PakFile FullDirectoryIndexSize=140
[2022.05.10-06.59.31:913][  0]LogShaderLibrary: Display: ShaderCodeLibraryPakFileMountedCallback: PakFile 'D:/UNREAL ENGINE/UE_4.27/FeaturePacks/TP_TopDown.upack' (chunk index -1, root 'root:/') mounted
[2022.05.10-06.59.31:913][  0]LogShaderLibrary: Display: ShaderCodeLibraryPakFileMountedCallback: pending pak file info (ChunkID:-1 Root:root:/ File:D:/UNREAL ENGINE/UE_4.27/FeaturePacks/TP_TopDown.upack)
[2022.05.10-06.59.31:913][  0]LogPakFile: OnPakFileMounted2Time == 0.000117
[2022.05.10-06.59.31:914][  0]LogPakFile: PakFile PrimaryIndexSize=185
[2022.05.10-06.59.31:914][  0]LogPakFile: PakFile PathHashIndexSize=101
[2022.05.10-06.59.31:914][  0]LogPakFile: PakFile FullDirectoryIndexSize=144
[2022.05.10-06.59.31:914][  0]LogShaderLibrary: Display: ShaderCodeLibraryPakFileMountedCallback: PakFile 'D:/UNREAL ENGINE/UE_4.27/FeaturePacks/TP_TopDownBP.upack' (chunk index -1, root 'root:/') mounted
[2022.05.10-06.59.31:914][  0]LogShaderLibrary: Display: ShaderCodeLibraryPakFileMountedCallback: pending pak file info (ChunkID:-1 Root:root:/ File:D:/UNREAL ENGINE/UE_4.27/FeaturePacks/TP_TopDownBP.upack)
[2022.05.10-06.59.31:914][  0]LogPakFile: OnPakFileMounted2Time == 0.000102
[2022.05.10-06.59.31:914][  0]LogPakFile: PakFile PrimaryIndexSize=185
[2022.05.10-06.59.31:915][  0]LogPakFile: PakFile PathHashIndexSize=101
[2022.05.10-06.59.31:915][  0]LogPakFile: PakFile FullDirectoryIndexSize=144
[2022.05.10-06.59.31:915][  0]LogShaderLibrary: Display: ShaderCodeLibraryPakFileMountedCallback: PakFile 'D:/UNREAL ENGINE/UE_4.27/FeaturePacks/TP_TwinStick.upack' (chunk index -1, root 'root:/') mounted
[2022.05.10-06.59.31:915][  0]LogShaderLibrary: Display: ShaderCodeLibraryPakFileMountedCallback: pending pak file info (ChunkID:-1 Root:root:/ File:D:/UNREAL ENGINE/UE_4.27/FeaturePacks/TP_TwinStick.upack)
[2022.05.10-06.59.31:915][  0]LogPakFile: OnPakFileMounted2Time == 0.000128
[2022.05.10-06.59.31:915][  0]LogPakFile: PakFile PrimaryIndexSize=187
[2022.05.10-06.59.31:915][  0]LogPakFile: PakFile PathHashIndexSize=101
[2022.05.10-06.59.31:915][  0]LogPakFile: PakFile FullDirectoryIndexSize=148
[2022.05.10-06.59.31:915][  0]LogShaderLibrary: Display: ShaderCodeLibraryPakFileMountedCallback: PakFile 'D:/UNREAL ENGINE/UE_4.27/FeaturePacks/TP_TwinStickBP.upack' (chunk index -1, root 'root:/') mounted
[2022.05.10-06.59.31:915][  0]LogShaderLibrary: Display: ShaderCodeLibraryPakFileMountedCallback: pending pak file info (ChunkID:-1 Root:root:/ File:D:/UNREAL ENGINE/UE_4.27/FeaturePacks/TP_TwinStickBP.upack)
[2022.05.10-06.59.31:915][  0]LogPakFile: OnPakFileMounted2Time == 0.000115
[2022.05.10-06.59.31:916][  0]LogPakFile: PakFile PrimaryIndexSize=183
[2022.05.10-06.59.31:916][  0]LogPakFile: PakFile PathHashIndexSize=101
[2022.05.10-06.59.31:916][  0]LogPakFile: PakFile FullDirectoryIndexSize=140
[2022.05.10-06.59.31:916][  0]LogShaderLibrary: Display: ShaderCodeLibraryPakFileMountedCallback: PakFile 'D:/UNREAL ENGINE/UE_4.27/FeaturePacks/TP_Vehicle.upack' (chunk index -1, root 'root:/') mounted
[2022.05.10-06.59.31:916][  0]LogShaderLibrary: Display: ShaderCodeLibraryPakFileMountedCallback: pending pak file info (ChunkID:-1 Root:root:/ File:D:/UNREAL ENGINE/UE_4.27/FeaturePacks/TP_Vehicle.upack)
[2022.05.10-06.59.31:916][  0]LogPakFile: OnPakFileMounted2Time == 0.000100
[2022.05.10-06.59.31:916][  0]LogPakFile: PakFile PrimaryIndexSize=186
[2022.05.10-06.59.31:917][  0]LogPakFile: PakFile PathHashIndexSize=101
[2022.05.10-06.59.31:917][  0]LogPakFile: PakFile FullDirectoryIndexSize=146
[2022.05.10-06.59.31:917][  0]LogShaderLibrary: Display: ShaderCodeLibraryPakFileMountedCallback: PakFile 'D:/UNREAL ENGINE/UE_4.27/FeaturePacks/TP_VehicleAdv.upack' (chunk index -1, root 'root:/') mounted
[2022.05.10-06.59.31:917][  0]LogShaderLibrary: Display: ShaderCodeLibraryPakFileMountedCallback: pending pak file info (ChunkID:-1 Root:root:/ File:D:/UNREAL ENGINE/UE_4.27/FeaturePacks/TP_VehicleAdv.upack)
[2022.05.10-06.59.31:917][  0]LogPakFile: OnPakFileMounted2Time == 0.000099
[2022.05.10-06.59.31:917][  0]LogPakFile: PakFile PrimaryIndexSize=188
[2022.05.10-06.59.31:917][  0]LogPakFile: PakFile PathHashIndexSize=101
[2022.05.10-06.59.31:917][  0]LogPakFile: PakFile FullDirectoryIndexSize=150
[2022.05.10-06.59.31:917][  0]LogShaderLibrary: Display: ShaderCodeLibraryPakFileMountedCallback: PakFile 'D:/UNREAL ENGINE/UE_4.27/FeaturePacks/TP_VehicleAdvBP.upack' (chunk index -1, root 'root:/') mounted
[2022.05.10-06.59.31:917][  0]LogShaderLibrary: Display: ShaderCodeLibraryPakFileMountedCallback: pending pak file info (ChunkID:-1 Root:root:/ File:D:/UNREAL ENGINE/UE_4.27/FeaturePacks/TP_VehicleAdvBP.upack)
[2022.05.10-06.59.31:918][  0]LogPakFile: OnPakFileMounted2Time == 0.000235
[2022.05.10-06.59.31:918][  0]LogPakFile: PakFile PrimaryIndexSize=185
[2022.05.10-06.59.31:918][  0]LogPakFile: PakFile PathHashIndexSize=101
[2022.05.10-06.59.31:918][  0]LogPakFile: PakFile FullDirectoryIndexSize=144
[2022.05.10-06.59.31:918][  0]LogShaderLibrary: Display: ShaderCodeLibraryPakFileMountedCallback: PakFile 'D:/UNREAL ENGINE/UE_4.27/FeaturePacks/TP_VehicleBP.upack' (chunk index -1, root 'root:/') mounted
[2022.05.10-06.59.31:918][  0]LogShaderLibrary: Display: ShaderCodeLibraryPakFileMountedCallback: pending pak file info (ChunkID:-1 Root:root:/ File:D:/UNREAL ENGINE/UE_4.27/FeaturePacks/TP_VehicleBP.upack)
[2022.05.10-06.59.31:918][  0]LogPakFile: OnPakFileMounted2Time == 0.000115
[2022.05.10-06.59.31:919][  0]LogPakFile: PakFile PrimaryIndexSize=192
[2022.05.10-06.59.31:919][  0]LogPakFile: PakFile PathHashIndexSize=101
[2022.05.10-06.59.31:919][  0]LogPakFile: PakFile FullDirectoryIndexSize=158
[2022.05.10-06.59.31:919][  0]LogShaderLibrary: Display: ShaderCodeLibraryPakFileMountedCallback: PakFile 'D:/UNREAL ENGINE/UE_4.27/FeaturePacks/TP_VirtualRealityBP.upack' (chunk index -1, root 'root:/') mounted
[2022.05.10-06.59.31:919][  0]LogShaderLibrary: Display: ShaderCodeLibraryPakFileMountedCallback: pending pak file info (ChunkID:-1 Root:root:/ File:D:/UNREAL ENGINE/UE_4.27/FeaturePacks/TP_VirtualRealityBP.upack)
[2022.05.10-06.59.31:919][  0]LogPakFile: OnPakFileMounted2Time == 0.000118
[2022.05.10-06.59.31:948][  0]LogNativeClassHierarchy: Verbose: Native class hierarchy updated for 'AddContentDialog' in 0.0003 seconds. Added 0 classes and 0 folders.
[2022.05.10-06.59.31:949][  0]LogNativeClassHierarchy: Verbose: Native class hierarchy updated for 'SceneOutliner' in 0.0002 seconds. Added 2 classes and 0 folders.
[2022.05.10-06.59.31:978][  0]LogSlate: Took 0.000112 seconds to synchronously load lazily loaded font '../../../Engine/Content/Slate/Fonts/Roboto-Regular.ttf' (155K)
[2022.05.10-06.59.31:979][  0]LogSlate: Took 0.000081 seconds to synchronously load lazily loaded font '../../../Engine/Content/Editor/Slate/Fonts/FontAwesome.ttf' (139K)
[2022.05.10-06.59.31:981][  0]LogSlate: Took 0.001598 seconds to synchronously load lazily loaded font '../../../Engine/Content/Editor/Slate/Fonts/NanumGothic.ttf' (4243K)
[2022.05.10-06.59.31:983][  0]LogSlate: Took 0.001481 seconds to synchronously load lazily loaded font '../../../Engine/Content/Editor/Slate/Fonts/NanumGothicBold.ttf' (4188K)
[2022.05.10-06.59.31:983][  0]LogSlate: Took 0.000077 seconds to synchronously load lazily loaded font '../../../Engine/Content/Slate/Fonts/Roboto-Bold.ttf' (160K)
[2022.05.10-06.59.32:058][  0]LogRenderer: Reallocating scene render targets to support 1208x572 Format 10 NumSamples 1 (Frame:1).
[2022.05.10-06.59.32:092][  0]LogSlate: Took 0.000114 seconds to synchronously load lazily loaded font '../../../Engine/Content/Slate/Fonts/Roboto-Light.ttf' (167K)
[2022.05.10-06.59.32:136][  0]LogNativeClassHierarchy: Verbose: Native class hierarchy updated for 'HierarchicalLODOutliner' in 0.0002 seconds. Added 0 classes and 0 folders.
[2022.05.10-06.59.32:136][  0]LogLoad: (Engine Initialization) Total time: 7.17 seconds
[2022.05.10-06.59.32:136][  0]LogLoad: (Engine Initialization) Total Blueprint compile time: 0.00 seconds
[2022.05.10-06.59.32:199][  0]LogActor: Warning: MyFirstActor /Engine/Transient.World_0:PersistentLevel.MyFirstActor_0 has natively added scene component(s), but none of them were set as the actor's RootComponent - picking one arbitrarily
[2022.05.10-06.59.32:232][  0]LogAssetRegistry: Asset discovery search completed in 4.4969 seconds
[2022.05.10-06.59.32:236][  0]LogCollectionManager: Fixed up redirectors for 0 collections in 0.000001 seconds (updated 0 objects)
[2022.05.10-06.59.32:237][  0]LogContentStreaming: Texture pool size now 1000 MB
[2022.05.10-06.59.41:758][563]LogSlate: Window '새 레벨' being destroyed
[2022.05.10-06.59.41:761][563]Cmd: MAP LOAD FILE="../../../Engine/Content/Maps/Templates/Template_Default.umap" TEMPLATE=1 SHOWPROGRESS=1 FEATURELEVEL=3
[2022.05.10-06.59.41:834][563]LogSlate: Took 0.000094 seconds to synchronously load lazily loaded font '../../../Engine/Content/Slate/Fonts/Roboto-Light.ttf' (167K)
[2022.05.10-06.59.41:853][563]LightingResults: New page: 라이팅 빌드
[2022.05.10-06.59.41:853][563]LoadErrors: New page: 맵 로드 중: Template_Default.umap
[2022.05.10-06.59.41:919][563]LogWorld: UWorld::CleanupWorld for Minimal_Default, bSessionEnded=true, bCleanupResources=true
[2022.05.10-06.59.41:923][563]LogSlate: InvalidateAllWidgets triggered.  All widgets were invalidated
[2022.05.10-06.59.41:924][563]MapCheck: New page: 맵 체크
[2022.05.10-06.59.41:924][563]LightingResults: New page: 라이팅 빌드
[2022.05.10-06.59.41:950][563]LogAudio: Display: Audio Device unregistered from world 'None'.
[2022.05.10-06.59.42:004][563]LogUObjectHash: Compacting FUObjectHashTables data took   0.72ms
[2022.05.10-06.59.42:298][563]LogAudio: Display: Audio Device (ID: 1) registered with world 'Untitled_1'.
[2022.05.10-06.59.42:299][563]LogAIModule: Creating AISystem for world Untitled_1
[2022.05.10-06.59.42:304][563]LogEditorServer: Finished looking for orphan Actors (0.000 secs)
[2022.05.10-06.59.42:317][563]LogUObjectHash: Compacting FUObjectHashTables data took   0.63ms
[2022.05.10-06.59.42:323][563]Cmd: MAP CHECKDEP NOCLEARLOG
[2022.05.10-06.59.42:323][563]MapCheck: 맵 체크 완료: 오류 0 회, 경고 0 회, 소요 시간 0.107ms.
[2022.05.10-06.59.42:323][563]LogFileHelpers: Loading map 'Template_Default' took 0.562
[2022.05.10-06.59.45:768][968]LogEditor: Attempting to add actor of class 'InventoryActor' to level at -380.00,-120.00,20.00
[2022.05.10-06.59.46:280][ 27]LogEditor: Attempting to add actor of class 'InventoryActor' to level at -110.00,-210.00,20.00
[2022.05.10-06.59.46:964][103]LogEditor: Attempting to add actor of class 'InventoryActor' to level at -390.00,10.00,20.00
[2022.05.10-06.59.47:573][174]LogEditor: Attempting to add actor of class 'InventoryActor' to level at 170.00,120.00,20.00
[2022.05.10-06.59.48:206][243]LogEditor: Attempting to add actor of class 'InventoryActor' to level at -390.00,120.00,20.00
[2022.05.10-06.59.48:647][294]LogEditor: Attempting to add actor of class 'InventoryActor' to level at -190.00,270.00,20.00
[2022.05.10-06.59.49:214][356]LogEditor: Attempting to add actor of class 'InventoryActor' to level at -400.00,-60.00,20.00
[2022.05.10-06.59.49:620][403]LogEditor: Attempting to add actor of class 'InventoryActor' to level at -330.00,-50.00,20.00
[2022.05.10-06.59.54:300][926]LogTemp: Repeating last play command: 선택된 뷰포트
[2022.05.10-06.59.54:305][926]LogPlayLevel: PlayLevel: No blueprints needed recompiling
[2022.05.10-06.59.54:305][926]PIE: New page: PIE 세션: Untitled_1 (2022. 5. 11. 오전 12:59:54)
[2022.05.10-06.59.54:307][926]LogOnline: OSS: Creating online subsystem instance for: NULL
[2022.05.10-06.59.54:309][926]LogOnline: OSS: TryLoadSubsystemAndSetDefault: Loaded subsystem for module [NULL]
[2022.05.10-06.59.54:309][926]LogPlayLevel: Creating play world package: /Temp/UEDPIE_0_Untitled_1
[2022.05.10-06.59.54:311][926]LogPlayLevel: PIE: StaticDuplicateObject took: (0.002197s)
[2022.05.10-06.59.54:312][926]LogAIModule: Creating AISystem for world Untitled_1
[2022.05.10-06.59.54:312][926]LogPlayLevel: PIE: World Init took: (0.001050s)
[2022.05.10-06.59.54:312][926]LogPlayLevel: PIE: Created PIE world by copying editor world from /Temp/Untitled_1.Untitled_1 to /Temp/UEDPIE_0_Untitled_1.Untitled_1 (0.003527s)
[2022.05.10-06.59.54:317][926]LogUObjectHash: Compacting FUObjectHashTables data took   0.61ms
[2022.05.10-06.59.54:318][926]LogAudio: Display: Creating Audio Device:                 Id: 2, Scope: Unique, Realtime: True
[2022.05.10-06.59.54:319][926]LogAudioMixer: Display: Audio Mixer Platform Settings:
[2022.05.10-06.59.54:319][926]LogAudioMixer: Display: 	Sample Rate:						  48000
[2022.05.10-06.59.54:319][926]LogAudioMixer: Display: 	Callback Buffer Frame Size Requested: 1024
[2022.05.10-06.59.54:319][926]LogAudioMixer: Display: 	Callback Buffer Frame Size To Use:	  1024
[2022.05.10-06.59.54:319][926]LogAudioMixer: Display: 	Number of buffers to queue:			  2
[2022.05.10-06.59.54:319][926]LogAudioMixer: Display: 	Max Channels (voices):				  32
[2022.05.10-06.59.54:319][926]LogAudioMixer: Display: 	Number of Async Source Workers:		  0
[2022.05.10-06.59.54:319][926]LogAudio: Display: AudioDevice MaxSources: 32
[2022.05.10-06.59.54:320][926]LogAudio: Display: Audio Spatialization Plugin: None (built-in).
[2022.05.10-06.59.54:320][926]LogAudio: Display: Audio Reverb Plugin: None (built-in).
[2022.05.10-06.59.54:320][926]LogAudio: Display: Audio Occlusion Plugin: None (built-in).
[2022.05.10-06.59.54:320][926]LogAudioMixer: Display: Initializing audio mixer.
[2022.05.10-06.59.54:321][926]LogAudioMixer: Display: Using Audio Device Unknown
[2022.05.10-06.59.54:321][926]LogAudioMixer: Display: Initializing Sound Submixes...
[2022.05.10-06.59.54:321][926]LogAudioMixer: Display: Creating Master Submix 'MasterSubmixDefault'
[2022.05.10-06.59.54:322][926]LogAudioMixer: Display: Creating Master Submix 'MasterReverbSubmixDefault'
[2022.05.10-06.59.54:322][926]LogAudioMixer: Display: Creating Master Submix 'MasterEQSubmixDefault'
[2022.05.10-06.59.54:322][926]LogAudioMixer: FMixerPlatformXAudio2::StartAudioStream() called
[2022.05.10-06.59.54:322][926]LogAudioMixer: Display: Output buffers initialized: Frames=1024, Channels=2, Samples=2048
[2022.05.10-06.59.54:324][926]LogAudioMixer: Display: Starting AudioMixerPlatformInterface::RunInternal()
[2022.05.10-06.59.54:324][926]LogAudioMixer: Display: StartRunningNullDevice() called
[2022.05.10-06.59.54:326][926]LogInit: FAudioDevice initialized.
[2022.05.10-06.59.54:326][926]LogAudio: Display: Audio Device (ID: 2) registered with world 'Untitled_1'.
[2022.05.10-06.59.54:334][926]LogLoad: Game class is 'GameModeBase'
[2022.05.10-06.59.54:335][926]LogWorld: Bringing World /Temp/UEDPIE_0_Untitled_1.Untitled_1 up for play (max tick rate 0) at 2022.05.10-15.59.54
[2022.05.10-06.59.54:335][926]LogWorld: Bringing up level for play took: 0.000626
[2022.05.10-06.59.54:335][926]LogOnline: OSS: Creating online subsystem instance for: :Context_6
[2022.05.10-06.59.54:339][926]LogNativeClassHierarchy: Verbose: Native class hierarchy updated for 'MovieSceneCapture' in 0.0003 seconds. Added 20 classes and 0 folders.
[2022.05.10-06.59.54:339][926]PIE: 서버가 로그인했습니다.
[2022.05.10-06.59.54:340][926]PIE: 에디터에서 플레이 총 시작 시간 0.036초입니다.
[2022.05.10-07.00.05:827][288]LogSlate: Updating window title bar state: overlay mode, drag disabled, window buttons hidden, title bar hidden
[2022.05.10-07.00.05:828][288]LogWorld: BeginTearingDown for /Temp/UEDPIE_0_Untitled_1
[2022.05.10-07.00.05:828][288]LogWorld: UWorld::CleanupWorld for Untitled_1, bSessionEnded=true, bCleanupResources=true
[2022.05.10-07.00.05:829][288]LogSlate: InvalidateAllWidgets triggered.  All widgets were invalidated
[2022.05.10-07.00.05:836][288]LogPlayLevel: Display: Shutting down PIE online subsystems
[2022.05.10-07.00.05:849][288]LogSlate: InvalidateAllWidgets triggered.  All widgets were invalidated
[2022.05.10-07.00.05:854][288]LogAudio: Display: Audio Device unregistered from world 'None'.
[2022.05.10-07.00.05:854][288]LogAudioMixer: FMixerPlatformXAudio2::StopAudioStream() called
[2022.05.10-07.00.05:856][288]LogAudioMixer: FMixerPlatformXAudio2::StopAudioStream() called
[2022.05.10-07.00.05:856][288]LogAudioMixer: Display: StopRunningNullDevice() called
[2022.05.10-07.00.05:870][288]LogSlate: Updating window title bar state: overlay mode, drag disabled, window buttons hidden, title bar hidden
[2022.05.10-07.00.05:871][288]LogUObjectHash: Compacting FUObjectHashTables data took   0.61ms
[2022.05.10-07.00.05:913][290]LogPlayLevel: Display: Destroying online subsystem :Context_6
[2022.05.10-07.00.10:954][834]LogSlate: Only BGRA pngs, bmps or icos are supported in by External Image Picker
[2022.05.10-07.00.37:009][794]LogSlate: Window '프로젝트 세팅' being destroyed
[2022.05.10-07.00.37:012][794]LogSlate: Window '프로젝트 세팅' being destroyed
[2022.05.10-07.00.57:981][689]LogSlate: Took 0.008962 seconds to synchronously load lazily loaded font '../../../Engine/Content/Slate/Fonts/Roboto-Italic.ttf' (157K)
[2022.05.10-07.00.59:184][804]LogUObjectHash: Compacting FUObjectHashTables data took   0.64ms
[2022.05.10-07.01.00:862][804]LogSlate: Window '콘텐츠 저장' being destroyed
[2022.05.10-07.01.00:885][804]LogSlate: Window 'CookBook_Ch4 - 언리얼 에디터' being destroyed
[2022.05.10-07.01.01:553][805]Cmd: QUIT_EDITOR
[2022.05.10-07.01.01:553][805]LogCore: Engine exit requested (reason: UUnrealEdEngine::CloseEditor())
[2022.05.10-07.01.01:605][805]LogCore: Engine exit requested (reason: EngineExit() was called; note: exit was already requested)
[2022.05.10-07.01.02:521][805]LogAudio: Display: Beginning Audio Device Manager Shutdown (Module: AudioMixerXAudio2)...
[2022.05.10-07.01.02:521][805]LogAudio: Display: Destroying 1 Remaining Audio Device(s)...
[2022.05.10-07.01.02:521][805]LogAudio: Display: Audio Device unregistered from world 'Untitled_1'.
[2022.05.10-07.01.02:565][805]LogAudioMixer: FMixerPlatformXAudio2::StopAudioStream() called
[2022.05.10-07.01.02:566][805]LogAudioMixer: FMixerPlatformXAudio2::StopAudioStream() called
[2022.05.10-07.01.02:566][805]LogAudioMixer: Display: StopRunningNullDevice() called
[2022.05.10-07.01.02:756][805]LogAudio: Display: Audio Device Manager Shutdown
[2022.05.10-07.01.02:782][805]LogWindowsTextInputMethodSystem: Display: IME system activated using TSF (Microsoft 입력기).
[2022.05.10-07.01.02:785][805]LogExit: Preparing to exit.
[2022.05.10-07.01.03:736][805]LogUObjectHash: Compacting FUObjectHashTables data took   0.74ms
