Log file open, 05/13/22 14:49:22
LogWindows: Failed to load 'aqProf.dll' (GetLastError=126)
LogWindows: File 'aqProf.dll' does not exist
LogWindows: Failed to load 'VtuneApi.dll' (GetLastError=126)
LogWindows: File 'VtuneApi.dll' does not exist
LogWindows: Failed to load 'VtuneApi32e.dll' (GetLastError=126)
LogWindows: File 'VtuneApi32e.dll' does not exist
LogConsoleResponse: Display: Failed to find resolution value strings in scalability ini. Falling back to default.
LogConsoleResponse: Display: Failed to find resolution value strings in scalability ini. Falling back to default.
LogInit: Display: Running engine for game: CookBook_Ch5
LogPlatformFile: Not using cached read wrapper
LogTaskGraph: Started task graph with 5 named threads and 35 total threads with 3 sets of task threads.
LogStats: Stats thread started at 0.287505
LogICUInternationalization: ICU TimeZone Detection - Raw Offset: +9:00, Platform Override: ''
LogInit: Display: Loading text-based GConfig....
LogPluginManager: Mounting plugin MeshPainting
LogPluginManager: Mounting plugin XGEController
LogPluginManager: Mounting plugin Paper2D
LogPluginManager: Mounting plugin LiveLink
LogPluginManager: Mounting plugin EnvironmentQueryEditor
LogPluginManager: Mounting plugin AISupport
LogPluginManager: Mounting plugin LightPropagationVolume
LogPluginManager: Mounting plugin GameplayCameras
LogPluginManager: Mounting plugin AnimationSharing
LogPluginManager: Mounting plugin CameraShakePreviewer
LogPluginManager: Mounting plugin CLionSourceCodeAccess
LogPluginManager: Mounting plugin GitSourceControl
LogPluginManager: Mounting plugin CodeLiteSourceCodeAccess
LogPluginManager: Mounting plugin KDevelopSourceCodeAccess
LogPluginManager: Mounting plugin NullSourceCodeAccess
LogPluginManager: Mounting plugin PerforceSourceControl
LogPluginManager: Mounting plugin PluginUtils
LogPluginManager: Mounting plugin PlasticSourceControl
LogPluginManager: Mounting plugin PixWinPlugin
LogPluginManager: Mounting plugin PropertyAccessNode
LogPluginManager: Mounting plugin RiderSourceCodeAccess
LogPluginManager: Mounting plugin SubversionSourceControl
LogPluginManager: Mounting plugin TextureFormatOodle
LogPluginManager: Mounting plugin XCodeSourceCodeAccess
LogPluginManager: Mounting plugin UObjectPlugin
LogPluginManager: Mounting plugin AssetManagerEditor
LogPluginManager: Mounting plugin VisualStudioCodeSourceCodeAccess
LogPluginManager: Mounting plugin VisualStudioSourceCodeAccess
LogPluginManager: Mounting plugin CryptoKeys
LogPluginManager: Mounting plugin DataValidation
LogPluginManager: Mounting plugin CurveEditorTools
LogPluginManager: Mounting plugin FacialAnimation
LogPluginManager: Mounting plugin GameplayTagsEditor
LogPluginManager: Mounting plugin GeometryMode
LogPluginManager: Mounting plugin MaterialAnalyzer
LogPluginManager: Mounting plugin MacGraphicsSwitching
LogPluginManager: Mounting plugin MobileLauncherProfileWizard
LogPluginManager: Mounting plugin SpeedTreeImporter
LogPluginManager: Mounting plugin Niagara
LogPluginManager: Mounting plugin PluginBrowser
LogPluginManager: Mounting plugin AlembicImporter
LogPluginManager: Mounting plugin AutomationUtils
LogPluginManager: Mounting plugin BackChannel
LogPluginManager: Mounting plugin ChaosCloth
LogPluginManager: Mounting plugin ChaosClothEditor
LogPluginManager: Mounting plugin ChaosEditor
LogPluginManager: Mounting plugin ChaosNiagara
LogPluginManager: Mounting plugin ChaosSolverPlugin
LogPluginManager: Mounting plugin CharacterAI
LogPluginManager: Mounting plugin GeometryCache
LogPluginManager: Mounting plugin OodleData
LogPluginManager: Mounting plugin OodleNetwork
LogPluginManager: Mounting plugin GeometryCollectionPlugin
LogPluginManager: Mounting plugin GeometryProcessing
LogPluginManager: Mounting plugin OpenImageDenoise
LogPluginManager: Mounting plugin MotoSynth
LogPluginManager: Mounting plugin PlanarCut
LogPluginManager: Mounting plugin PlatformCrypto
LogPluginManager: Mounting plugin ProxyLODPlugin
LogPluginManager: Mounting plugin PythonScriptPlugin
LogPluginManager: Mounting plugin SkeletalReduction
LogPluginManager: Mounting plugin LuminPlatformFeatures
LogPluginManager: Mounting plugin MagicLeap
LogPluginManager: Mounting plugin MagicLeapLightEstimation
LogPluginManager: Mounting plugin MagicLeapMedia
LogPluginManager: Mounting plugin MagicLeapPassableWorld
LogPluginManager: Mounting plugin MLSDK
LogPluginManager: Mounting plugin AndroidMedia
LogPluginManager: Mounting plugin AvfMedia
LogPluginManager: Mounting plugin DatasmithContent
LogPluginManager: Mounting plugin ImgMedia
LogPluginManager: Mounting plugin MediaCompositing
LogPluginManager: Mounting plugin MediaPlayerEditor
LogPluginManager: Mounting plugin WebMMedia
LogPluginManager: Mounting plugin WmfMedia
LogPluginManager: Mounting plugin VariantManagerContent
LogPluginManager: Mounting plugin TcpMessaging
LogPluginManager: Mounting plugin UdpMessaging
LogPluginManager: Mounting plugin ActorSequence
LogPluginManager: Mounting plugin LevelSequenceEditor
LogPluginManager: Mounting plugin MatineeToLevelSequence
LogPluginManager: Mounting plugin OnlineSubsystem
LogPluginManager: Mounting plugin TemplateSequence
LogPluginManager: Mounting plugin LauncherChunkInstaller
LogPluginManager: Mounting plugin OnlineSubsystemNull
LogPluginManager: Mounting plugin ActorLayerUtilities
LogPluginManager: Mounting plugin OnlineSubsystemUtils
LogPluginManager: Mounting plugin AndroidDeviceProfileSelector
LogPluginManager: Mounting plugin AndroidMoviePlayer
LogPluginManager: Mounting plugin AndroidPermission
LogPluginManager: Mounting plugin AppleMoviePlayer
LogPluginManager: Mounting plugin AppleImageUtils
LogPluginManager: Mounting plugin ArchVisCharacter
LogPluginManager: Mounting plugin AssetTags
LogPluginManager: Mounting plugin AudioCapture
LogPluginManager: Mounting plugin AudioSynesthesia
LogPluginManager: Mounting plugin CableComponent
LogPluginManager: Mounting plugin ChunkDownloader
LogPluginManager: Mounting plugin EditableMesh
LogPluginManager: Mounting plugin CustomMeshComponent
LogPluginManager: Mounting plugin ExampleDeviceProfileSelector
LogPluginManager: Mounting plugin GoogleCloudMessaging
LogPluginManager: Mounting plugin GooglePAD
LogPluginManager: Mounting plugin ScreenshotTools
LogPluginManager: Mounting plugin IOSDeviceProfileSelector
LogPluginManager: Mounting plugin LinuxDeviceProfileSelector
LogPluginManager: Mounting plugin LocationServicesBPLibrary
LogPluginManager: Mounting plugin MobilePatchingUtils
LogPluginManager: Mounting plugin OpenXR
LogPluginManager: Mounting plugin OpenXREyeTracker
LogPluginManager: Mounting plugin OpenXRHandTracking
LogPluginManager: Mounting plugin PhysXVehicles
LogPluginManager: Mounting plugin PostSplashScreen
LogPluginManager: Mounting plugin ProceduralMeshComponent
LogPluginManager: Mounting plugin PropertyAccessEditor
LogPluginManager: Mounting plugin SignificanceManager
LogPluginManager: Mounting plugin RuntimePhysXCooking
LogPluginManager: Mounting plugin SoundFields
LogPluginManager: Mounting plugin Synthesis
LogPluginManager: Mounting plugin WebMMoviePlayer
LogPluginManager: Mounting plugin WindowsMoviePlayer
LogPluginManager: Mounting plugin Takes
LogPluginManager: Mounting plugin ContentBrowserAssetDataSource
LogPluginManager: Mounting plugin ContentBrowserFileDataSource
LogPluginManager: Mounting plugin ContentBrowserClassDataSource
LogPluginManager: Mounting plugin OnlineSubsystemIOS
LogPluginManager: Mounting plugin OnlineSubsystemGooglePlay
LogPluginManager: Mounting plugin OculusVR
LogPluginManager: Mounting plugin SteamVR
PixWinPlugin: PIX capture plugin failed to initialize! Check that the process is launched from PIX.
LogInit: Using libcurl 7.55.1-DEV
LogInit:  - built for x86_64-pc-win32
LogInit:  - supports SSL with OpenSSL/1.1.1
LogInit:  - supports HTTP deflate (compression) using libz 1.2.8
LogInit:  - other features:
LogInit:      CURL_VERSION_SSL
LogInit:      CURL_VERSION_LIBZ
LogInit:      CURL_VERSION_IPV6
LogInit:      CURL_VERSION_ASYNCHDNS
LogInit:      CURL_VERSION_LARGEFILE
LogInit:      CURL_VERSION_IDN
LogInit:  CurlRequestOptions (configurable via config and command line):
LogInit:  - bVerifyPeer = true  - Libcurl will verify peer certificate
LogInit:  - bUseHttpProxy = false  - Libcurl will NOT use HTTP proxy
LogInit:  - bDontReuseConnections = false  - Libcurl will reuse connections
LogInit:  - MaxHostConnections = 16  - Libcurl will limit the number of connections to a host
LogInit:  - LocalHostAddr = Default
LogInit:  - BufferSize = 65536
LogOnline: OSS: Creating online subsystem instance for: NULL
LogInit: WinSock: version 1.1 (2.2), MaxSocks=32767, MaxUdp=65467
LogOnline: OSS: TryLoadSubsystemAndSetDefault: Loaded subsystem for module [NULL]
LogOculusPluginWrapper: OculusPlugin initialized successfully
LogHMD: Failed initializing OVRPlugin 1.59.0
LogInit: Build: ++UE4+Release-4.27-CL-18319896
LogInit: Engine Version: 4.27.2-18319896+++UE4+Release-4.27
LogInit: Compatible Engine Version: 4.27.0-17155196+++UE4+Release-4.27
LogInit: Net CL: 17155196
LogInit: OS: Windows 10 (Release 2009) (), CPU: Intel(R) Core(TM) i5-10400 CPU @ 2.90GHz, GPU: NVIDIA GeForce GTX 1050 Ti
LogInit: Compiled (64-bit): Nov 30 2021 07:12:08
LogInit: Compiled with Visual C++: 19.24.28315.00
LogInit: Build Configuration: Development
LogInit: Branch Name: ++UE4+Release-4.27
LogInit: Command Line:  -skipcompile
LogInit: Base Directory: D:/UNREAL ENGINE/UE_4.27/Engine/Binaries/Win64/
LogInit: Allocator: TBB
LogInit: Installed Engine Build: 1
LogDevObjectVersion: Number of dev versions registered: 29
LogDevObjectVersion:   Dev-Blueprints (B0D832E4-1F89-4F0D-ACCF-7EB736FD4AA2): 10
LogDevObjectVersion:   Dev-Build (E1C64328-A22C-4D53-A36C-8E866417BD8C): 0
LogDevObjectVersion:   Dev-Core (375EC13C-06E4-48FB-B500-84F0262A717E): 4
LogDevObjectVersion:   Dev-Editor (E4B068ED-F494-42E9-A231-DA0B2E46BB41): 40
LogDevObjectVersion:   Dev-Framework (CFFC743F-43B0-4480-9391-14DF171D2073): 37
LogDevObjectVersion:   Dev-Mobile (B02B49B5-BB20-44E9-A304-32B752E40360): 3
LogDevObjectVersion:   Dev-Networking (A4E4105C-59A1-49B5-A7C5-40C4547EDFEE): 0
LogDevObjectVersion:   Dev-Online (39C831C9-5AE6-47DC-9A44-9C173E1C8E7C): 0
LogDevObjectVersion:   Dev-Physics (78F01B33-EBEA-4F98-B9B4-84EACCB95AA2): 14
LogDevObjectVersion:   Dev-Platform (6631380F-2D4D-43E0-8009-CF276956A95A): 0
LogDevObjectVersion:   Dev-Rendering (12F88B9F-8875-4AFC-A67C-D90C383ABD29): 45
LogDevObjectVersion:   Dev-Sequencer (7B5AE74C-D270-4C10-A958-57980B212A5A): 13
LogDevObjectVersion:   Dev-VR (D7296918-1DD6-4BDD-9DE2-64A83CC13884): 3
LogDevObjectVersion:   Dev-LoadTimes (C2A15278-BFE7-4AFE-6C17-90FF531DF755): 1
LogDevObjectVersion:   Private-Geometry (6EACA3D4-40EC-4CC1-B786-8BED09428FC5): 3
LogDevObjectVersion:   Dev-AnimPhys (29E575DD-E0A3-4627-9D10-D276232CDCEA): 17
LogDevObjectVersion:   Dev-Anim (AF43A65D-7FD3-4947-9873-3E8ED9C1BB05): 15
LogDevObjectVersion:   Dev-ReflectionCapture (6B266CEC-1EC7-4B8F-A30B-E4D90942FC07): 1
LogDevObjectVersion:   Dev-Automation (0DF73D61-A23F-47EA-B727-89E90C41499A): 1
LogDevObjectVersion:   FortniteMain (601D1886-AC64-4F84-AA16-D3DE0DEAC7D6): 47
LogDevObjectVersion:   FortniteRelease (E7086368-6B23-4C58-8439-1B7016265E91): 1
LogDevObjectVersion:   Dev-Enterprise (9DFFBCD6-494F-0158-E221-12823C92A888): 10
LogDevObjectVersion:   Dev-Niagara (F2AED0AC-9AFE-416F-8664-AA7FFA26D6FC): 1
LogDevObjectVersion:   Dev-Destruction (174F1F0B-B4C6-45A5-B13F-2EE8D0FB917D): 10
LogDevObjectVersion:   Dev-Physics-Ext (35F94A83-E258-406C-A318-09F59610247C): 41
LogDevObjectVersion:   Dev-PhysicsMaterial-Chaos (B68FC16E-8B1B-42E2-B453-215C058844FE): 1
LogDevObjectVersion:   Dev-CineCamera (B2E18506-4273-CFC2-A54E-F4BB758BBA07): 1
LogDevObjectVersion:   Dev-VirtualProduction (64F58936-FD1B-42BA-BA96-7289D5D0FA4E): 1
LogDevObjectVersion:   Dev-MediaFramework (6F0ED827-A609-4895-9C91-998D90180EA4): 2
LogInit: Presizing for max 25165824 objects, including 0 objects not considered by GC, pre-allocating 0 bytes for permanent pool.
LogConfig: Applying CVar settings from Section [/Script/Engine.StreamingSettings] File [D:/UNREAL ENGINE/UNREAL PROJECT/CookBook_Ch5/Saved/Config/Windows/Engine.ini]
LogConfig: Setting CVar [[s.MinBulkDataSizeForAsyncLoading:131072]]
LogConfig: Setting CVar [[s.AsyncLoadingThreadEnabled:0]]
LogConfig: Setting CVar [[s.EventDrivenLoaderEnabled:1]]
LogConfig: Setting CVar [[s.WarnIfTimeLimitExceeded:0]]
LogConfig: Setting CVar [[s.TimeLimitExceededMultiplier:1.5]]
LogConfig: Setting CVar [[s.TimeLimitExceededMinTime:0.005]]
LogConfig: Setting CVar [[s.UseBackgroundLevelStreaming:1]]
LogConfig: Setting CVar [[s.PriorityAsyncLoadingExtraTime:15.0]]
LogConfig: Setting CVar [[s.LevelStreamingActorsUpdateTimeLimit:5.0]]
LogConfig: Setting CVar [[s.PriorityLevelStreamingActorsUpdateExtraTime:5.0]]
LogConfig: Setting CVar [[s.LevelStreamingComponentsRegistrationGranularity:10]]
LogConfig: Setting CVar [[s.UnregisterComponentsTimeLimit:1.0]]
LogConfig: Setting CVar [[s.LevelStreamingComponentsUnregistrationGranularity:5]]
LogConfig: Setting CVar [[s.FlushStreamingOnExit:1]]
LogInit: Object subsystem initialized
LogConfig: Setting CVar [[con.DebugEarlyDefault:1]]
LogConfig: Setting CVar [[r.setres:1280x720]]
[2022.05.13-05.49.25:050][  0]LogConfig: Setting CVar [[r.VSync:0]]
[2022.05.13-05.49.25:050][  0]LogConfig: Setting CVar [[r.RHICmdBypass:0]]
[2022.05.13-05.49.25:050][  0]LogConfig: Applying CVar settings from Section [/Script/Engine.RendererSettings] File [D:/UNREAL ENGINE/UNREAL PROJECT/CookBook_Ch5/Saved/Config/Windows/Engine.ini]
[2022.05.13-05.49.25:050][  0]LogConfig: Setting CVar [[r.GPUCrashDebugging:0]]
[2022.05.13-05.49.25:050][  0]LogConfig: Applying CVar settings from Section [/Script/Engine.RendererOverrideSettings] File [D:/UNREAL ENGINE/UNREAL PROJECT/CookBook_Ch5/Saved/Config/Windows/Engine.ini]
[2022.05.13-05.49.25:050][  0]LogConfig: Applying CVar settings from Section [/Script/Engine.StreamingSettings] File [D:/UNREAL ENGINE/UNREAL PROJECT/CookBook_Ch5/Saved/Config/Windows/Engine.ini]
[2022.05.13-05.49.25:050][  0]LogConfig: Setting CVar [[s.MinBulkDataSizeForAsyncLoading:131072]]
[2022.05.13-05.49.25:050][  0]LogConfig: Setting CVar [[s.AsyncLoadingThreadEnabled:0]]
[2022.05.13-05.49.25:050][  0]LogConfig: Setting CVar [[s.EventDrivenLoaderEnabled:1]]
[2022.05.13-05.49.25:050][  0]LogConfig: Setting CVar [[s.WarnIfTimeLimitExceeded:0]]
[2022.05.13-05.49.25:050][  0]LogConfig: Setting CVar [[s.TimeLimitExceededMultiplier:1.5]]
[2022.05.13-05.49.25:050][  0]LogConfig: Setting CVar [[s.TimeLimitExceededMinTime:0.005]]
[2022.05.13-05.49.25:050][  0]LogConfig: Setting CVar [[s.UseBackgroundLevelStreaming:1]]
[2022.05.13-05.49.25:050][  0]LogConfig: Setting CVar [[s.PriorityAsyncLoadingExtraTime:15.0]]
[2022.05.13-05.49.25:050][  0]LogConfig: Setting CVar [[s.LevelStreamingActorsUpdateTimeLimit:5.0]]
[2022.05.13-05.49.25:050][  0]LogConfig: Setting CVar [[s.PriorityLevelStreamingActorsUpdateExtraTime:5.0]]
[2022.05.13-05.49.25:050][  0]LogConfig: Setting CVar [[s.LevelStreamingComponentsRegistrationGranularity:10]]
[2022.05.13-05.49.25:050][  0]LogConfig: Setting CVar [[s.UnregisterComponentsTimeLimit:1.0]]
[2022.05.13-05.49.25:051][  0]LogConfig: Setting CVar [[s.LevelStreamingComponentsUnregistrationGranularity:5]]
[2022.05.13-05.49.25:051][  0]LogConfig: Setting CVar [[s.FlushStreamingOnExit:1]]
[2022.05.13-05.49.25:051][  0]LogConfig: Applying CVar settings from Section [/Script/Engine.GarbageCollectionSettings] File [D:/UNREAL ENGINE/UNREAL PROJECT/CookBook_Ch5/Saved/Config/Windows/Engine.ini]
[2022.05.13-05.49.25:051][  0]LogConfig: Setting CVar [[gc.MaxObjectsNotConsideredByGC:1]]
[2022.05.13-05.49.25:051][  0]LogConfig: Setting CVar [[gc.SizeOfPermanentObjectPool:0]]
[2022.05.13-05.49.25:051][  0]LogConfig: Setting CVar [[gc.FlushStreamingOnGC:0]]
[2022.05.13-05.49.25:051][  0]LogConfig: Setting CVar [[gc.NumRetriesBeforeForcingGC:10]]
[2022.05.13-05.49.25:051][  0]LogConfig: Setting CVar [[gc.AllowParallelGC:1]]
[2022.05.13-05.49.25:051][  0]LogConfig: Setting CVar [[gc.TimeBetweenPurgingPendingKillObjects:61.1]]
[2022.05.13-05.49.25:051][  0]LogConfig: Setting CVar [[gc.MaxObjectsInEditor:25165824]]
[2022.05.13-05.49.25:051][  0]LogConfig: Setting CVar [[gc.IncrementalBeginDestroyEnabled:1]]
[2022.05.13-05.49.25:051][  0]LogConfig: Setting CVar [[gc.CreateGCClusters:1]]
[2022.05.13-05.49.25:051][  0]LogConfig: Setting CVar [[gc.MinGCClusterSize:5]]
[2022.05.13-05.49.25:051][  0]LogConfig: Setting CVar [[gc.ActorClusteringEnabled:0]]
[2022.05.13-05.49.25:051][  0]LogConfig: Setting CVar [[gc.BlueprintClusteringEnabled:0]]
[2022.05.13-05.49.25:051][  0]LogConfig: Setting CVar [[gc.UseDisregardForGCOnDedicatedServers:0]]
[2022.05.13-05.49.25:051][  0]LogConfig: Setting CVar [[gc.MultithreadedDestructionEnabled:1]]
[2022.05.13-05.49.25:051][  0]LogConfig: Applying CVar settings from Section [/Script/Engine.NetworkSettings] File [D:/UNREAL ENGINE/UNREAL PROJECT/CookBook_Ch5/Saved/Config/Windows/Engine.ini]
[2022.05.13-05.49.25:051][  0]LogConfig: Applying CVar settings from Section [/Script/UnrealEd.CookerSettings] File [D:/UNREAL ENGINE/UNREAL PROJECT/CookBook_Ch5/Saved/Config/Windows/Engine.ini]
[2022.05.13-05.49.25:060][  0]LogConfig: Applying CVar settings from Section [ViewDistanceQuality@3] File [D:/UNREAL ENGINE/UNREAL PROJECT/CookBook_Ch5/Saved/Config/Windows/Scalability.ini]
[2022.05.13-05.49.25:060][  0]LogConfig: Setting CVar [[r.SkeletalMeshLODBias:0]]
[2022.05.13-05.49.25:060][  0]LogConfig: Setting CVar [[r.ViewDistanceScale:1.0]]
[2022.05.13-05.49.25:060][  0]LogConfig: Applying CVar settings from Section [AntiAliasingQuality@3] File [D:/UNREAL ENGINE/UNREAL PROJECT/CookBook_Ch5/Saved/Config/Windows/Scalability.ini]
[2022.05.13-05.49.25:060][  0]LogConfig: Setting CVar [[r.PostProcessAAQuality:4]]
[2022.05.13-05.49.25:060][  0]LogConfig: Applying CVar settings from Section [ShadowQuality@3] File [D:/UNREAL ENGINE/UNREAL PROJECT/CookBook_Ch5/Saved/Config/Windows/Scalability.ini]
[2022.05.13-05.49.25:060][  0]LogConfig: Setting CVar [[r.LightFunctionQuality:1]]
[2022.05.13-05.49.25:060][  0]LogConfig: Setting CVar [[r.ShadowQuality:5]]
[2022.05.13-05.49.25:060][  0]LogConfig: Setting CVar [[r.Shadow.CSM.MaxCascades:10]]
[2022.05.13-05.49.25:060][  0]LogConfig: Setting CVar [[r.Shadow.MaxResolution:2048]]
[2022.05.13-05.49.25:060][  0]LogConfig: Setting CVar [[r.Shadow.MaxCSMResolution:2048]]
[2022.05.13-05.49.25:060][  0]LogConfig: Setting CVar [[r.Shadow.RadiusThreshold:0.01]]
[2022.05.13-05.49.25:060][  0]LogConfig: Setting CVar [[r.Shadow.DistanceScale:1.0]]
[2022.05.13-05.49.25:060][  0]LogConfig: Setting CVar [[r.Shadow.CSM.TransitionScale:1.0]]
[2022.05.13-05.49.25:060][  0]LogConfig: Setting CVar [[r.Shadow.PreShadowResolutionFactor:1.0]]
[2022.05.13-05.49.25:060][  0]LogConfig: Setting CVar [[r.DistanceFieldShadowing:1]]
[2022.05.13-05.49.25:061][  0]LogConfig: Setting CVar [[r.DistanceFieldAO:1]]
[2022.05.13-05.49.25:061][  0]LogConfig: Setting CVar [[r.AOQuality:2]]
[2022.05.13-05.49.25:061][  0]LogConfig: Setting CVar [[r.VolumetricFog:1]]
[2022.05.13-05.49.25:061][  0]LogConfig: Setting CVar [[r.VolumetricFog.GridPixelSize:8]]
[2022.05.13-05.49.25:061][  0]LogConfig: Setting CVar [[r.VolumetricFog.GridSizeZ:128]]
[2022.05.13-05.49.25:061][  0]LogConfig: Setting CVar [[r.VolumetricFog.HistoryMissSupersampleCount:4]]
[2022.05.13-05.49.25:061][  0]LogConfig: Setting CVar [[r.LightMaxDrawDistanceScale:1]]
[2022.05.13-05.49.25:061][  0]LogConfig: Setting CVar [[r.CapsuleShadows:1]]
[2022.05.13-05.49.25:061][  0]LogConfig: Applying CVar settings from Section [PostProcessQuality@3] File [D:/UNREAL ENGINE/UNREAL PROJECT/CookBook_Ch5/Saved/Config/Windows/Scalability.ini]
[2022.05.13-05.49.25:061][  0]LogConfig: Setting CVar [[r.MotionBlurQuality:4]]
[2022.05.13-05.49.25:061][  0]LogConfig: Setting CVar [[r.AmbientOcclusionMipLevelFactor:0.4]]
[2022.05.13-05.49.25:061][  0]LogConfig: Setting CVar [[r.AmbientOcclusionMaxQuality:100]]
[2022.05.13-05.49.25:061][  0]LogConfig: Setting CVar [[r.AmbientOcclusionLevels:-1]]
[2022.05.13-05.49.25:061][  0]LogConfig: Setting CVar [[r.AmbientOcclusionRadiusScale:1.0]]
[2022.05.13-05.49.25:061][  0]LogConfig: Setting CVar [[r.DepthOfFieldQuality:2]]
[2022.05.13-05.49.25:061][  0]LogConfig: Setting CVar [[r.RenderTargetPoolMin:400]]
[2022.05.13-05.49.25:061][  0]LogConfig: Setting CVar [[r.LensFlareQuality:2]]
[2022.05.13-05.49.25:061][  0]LogConfig: Setting CVar [[r.SceneColorFringeQuality:1]]
[2022.05.13-05.49.25:061][  0]LogConfig: Setting CVar [[r.EyeAdaptationQuality:2]]
[2022.05.13-05.49.25:061][  0]LogConfig: Setting CVar [[r.BloomQuality:5]]
[2022.05.13-05.49.25:061][  0]LogConfig: Setting CVar [[r.FastBlurThreshold:100]]
[2022.05.13-05.49.25:061][  0]LogConfig: Setting CVar [[r.Upscale.Quality:3]]
[2022.05.13-05.49.25:061][  0]LogConfig: Setting CVar [[r.Tonemapper.GrainQuantization:1]]
[2022.05.13-05.49.25:061][  0]LogConfig: Setting CVar [[r.LightShaftQuality:1]]
[2022.05.13-05.49.25:062][  0]LogConfig: Setting CVar [[r.Filter.SizeScale:1]]
[2022.05.13-05.49.25:062][  0]LogConfig: Setting CVar [[r.Tonemapper.Quality:5]]
[2022.05.13-05.49.25:062][  0]LogConfig: Setting CVar [[r.DOF.Gather.AccumulatorQuality:1        ; higher gathering accumulator quality]]
[2022.05.13-05.49.25:062][  0]LogConfig: Setting CVar [[r.DOF.Gather.PostfilterMethod:1          ; Median3x3 postfilering method]]
[2022.05.13-05.49.25:062][  0]LogConfig: Setting CVar [[r.DOF.Gather.EnableBokehSettings:0       ; no bokeh simulation when gathering]]
[2022.05.13-05.49.25:062][  0]LogConfig: Setting CVar [[r.DOF.Gather.RingCount:4                 ; medium number of samples when gathering]]
[2022.05.13-05.49.25:062][  0]LogConfig: Setting CVar [[r.DOF.Scatter.ForegroundCompositing:1    ; additive foreground scattering]]
[2022.05.13-05.49.25:062][  0]LogConfig: Setting CVar [[r.DOF.Scatter.BackgroundCompositing:2    ; additive background scattering]]
[2022.05.13-05.49.25:062][  0]LogConfig: Setting CVar [[r.DOF.Scatter.EnableBokehSettings:1      ; bokeh simulation when scattering]]
[2022.05.13-05.49.25:062][  0]LogConfig: Setting CVar [[r.DOF.Scatter.MaxSpriteRatio:0.1         ; only a maximum of 10% of scattered bokeh]]
[2022.05.13-05.49.25:062][  0]LogConfig: Setting CVar [[r.DOF.Recombine.Quality:1                ; cheap slight out of focus]]
[2022.05.13-05.49.25:062][  0]LogConfig: Setting CVar [[r.DOF.Recombine.EnableBokehSettings:0    ; no bokeh simulation on slight out of focus]]
[2022.05.13-05.49.25:062][  0]LogConfig: Setting CVar [[r.DOF.TemporalAAQuality:1                ; more stable temporal accumulation]]
[2022.05.13-05.49.25:062][  0]LogConfig: Setting CVar [[r.DOF.Kernel.MaxForegroundRadius:0.025]]
[2022.05.13-05.49.25:062][  0]LogConfig: Setting CVar [[r.DOF.Kernel.MaxBackgroundRadius:0.025]]
[2022.05.13-05.49.25:062][  0]LogConfig: Applying CVar settings from Section [TextureQuality@3] File [D:/UNREAL ENGINE/UNREAL PROJECT/CookBook_Ch5/Saved/Config/Windows/Scalability.ini]
[2022.05.13-05.49.25:062][  0]LogConfig: Setting CVar [[r.Streaming.MipBias:0]]
[2022.05.13-05.49.25:062][  0]LogConfig: Setting CVar [[r.Streaming.AmortizeCPUToGPUCopy:0]]
[2022.05.13-05.49.25:062][  0]LogConfig: Setting CVar [[r.Streaming.MaxNumTexturesToStreamPerFrame:0]]
[2022.05.13-05.49.25:062][  0]LogConfig: Setting CVar [[r.Streaming.Boost:1]]
[2022.05.13-05.49.25:062][  0]LogConfig: Setting CVar [[r.MaxAnisotropy:8]]
[2022.05.13-05.49.25:062][  0]LogConfig: Setting CVar [[r.VT.MaxAnisotropy:8]]
[2022.05.13-05.49.25:062][  0]LogConfig: Setting CVar [[r.Streaming.LimitPoolSizeToVRAM:0]]
[2022.05.13-05.49.25:062][  0]LogConfig: Setting CVar [[r.Streaming.PoolSize:1000]]
[2022.05.13-05.49.25:063][  0]LogConfig: Setting CVar [[r.Streaming.MaxEffectiveScreenSize:0]]
[2022.05.13-05.49.25:063][  0]LogConfig: Applying CVar settings from Section [EffectsQuality@3] File [D:/UNREAL ENGINE/UNREAL PROJECT/CookBook_Ch5/Saved/Config/Windows/Scalability.ini]
[2022.05.13-05.49.25:063][  0]LogConfig: Setting CVar [[r.TranslucencyLightingVolumeDim:64]]
[2022.05.13-05.49.25:063][  0]LogConfig: Setting CVar [[r.RefractionQuality:2]]
[2022.05.13-05.49.25:063][  0]LogConfig: Setting CVar [[r.SSR.Quality:3]]
[2022.05.13-05.49.25:063][  0]LogConfig: Setting CVar [[r.SSR.HalfResSceneColor:0]]
[2022.05.13-05.49.25:063][  0]LogConfig: Setting CVar [[r.SceneColorFormat:4]]
[2022.05.13-05.49.25:063][  0]LogConfig: Setting CVar [[r.DetailMode:2]]
[2022.05.13-05.49.25:063][  0]LogConfig: Setting CVar [[r.TranslucencyVolumeBlur:1]]
[2022.05.13-05.49.25:063][  0]LogConfig: Setting CVar [[r.MaterialQualityLevel:1 ; High quality]]
[2022.05.13-05.49.25:063][  0]LogConfig: Setting CVar [[r.AnisotropicMaterials:1]]
[2022.05.13-05.49.25:063][  0]LogConfig: Setting CVar [[r.SSS.Scale:1]]
[2022.05.13-05.49.25:063][  0]LogConfig: Setting CVar [[r.SSS.SampleSet:2]]
[2022.05.13-05.49.25:063][  0]LogConfig: Setting CVar [[r.SSS.Quality:1]]
[2022.05.13-05.49.25:063][  0]LogConfig: Setting CVar [[r.SSS.HalfRes:0]]
[2022.05.13-05.49.25:063][  0]LogConfig: Setting CVar [[r.SSGI.Quality:3]]
[2022.05.13-05.49.25:063][  0]LogConfig: Setting CVar [[r.EmitterSpawnRateScale:1.0]]
[2022.05.13-05.49.25:063][  0]LogConfig: Setting CVar [[r.ParticleLightQuality:2]]
[2022.05.13-05.49.25:063][  0]LogConfig: Setting CVar [[r.SkyAtmosphere.AerialPerspectiveLUT.FastApplyOnOpaque:1 ; Always have FastSkyLUT 1 in this case to avoid wrong sky]]
[2022.05.13-05.49.25:063][  0]LogConfig: Setting CVar [[r.SkyAtmosphere.AerialPerspectiveLUT.SampleCountMaxPerSlice:4]]
[2022.05.13-05.49.25:063][  0]LogConfig: Setting CVar [[r.SkyAtmosphere.AerialPerspectiveLUT.DepthResolution:16.0]]
[2022.05.13-05.49.25:063][  0]LogConfig: Setting CVar [[r.SkyAtmosphere.FastSkyLUT:1]]
[2022.05.13-05.49.25:063][  0]LogConfig: Setting CVar [[r.SkyAtmosphere.FastSkyLUT.SampleCountMin:4.0]]
[2022.05.13-05.49.25:063][  0]LogConfig: Setting CVar [[r.SkyAtmosphere.FastSkyLUT.SampleCountMax:128.0]]
[2022.05.13-05.49.25:063][  0]LogConfig: Setting CVar [[r.SkyAtmosphere.SampleCountMin:4.0]]
[2022.05.13-05.49.25:064][  0]LogConfig: Setting CVar [[r.SkyAtmosphere.SampleCountMax:128.0]]
[2022.05.13-05.49.25:064][  0]LogConfig: Setting CVar [[r.SkyAtmosphere.TransmittanceLUT.UseSmallFormat:0]]
[2022.05.13-05.49.25:064][  0]LogConfig: Setting CVar [[r.SkyAtmosphere.TransmittanceLUT.SampleCount:10.0]]
[2022.05.13-05.49.25:064][  0]LogConfig: Setting CVar [[r.SkyAtmosphere.MultiScatteringLUT.SampleCount:15.0]]
[2022.05.13-05.49.25:064][  0]LogConfig: Setting CVar [[r.SkyLight.RealTimeReflectionCapture:1]]
[2022.05.13-05.49.25:064][  0]LogConfig: Applying CVar settings from Section [FoliageQuality@3] File [D:/UNREAL ENGINE/UNREAL PROJECT/CookBook_Ch5/Saved/Config/Windows/Scalability.ini]
[2022.05.13-05.49.25:064][  0]LogConfig: Setting CVar [[foliage.DensityScale:1.0]]
[2022.05.13-05.49.25:064][  0]LogConfig: Setting CVar [[grass.DensityScale:1.0]]
[2022.05.13-05.49.25:064][  0]LogConfig: Applying CVar settings from Section [ShadingQuality@3] File [D:/UNREAL ENGINE/UNREAL PROJECT/CookBook_Ch5/Saved/Config/Windows/Scalability.ini]
[2022.05.13-05.49.25:064][  0]LogConfig: Setting CVar [[r.HairStrands.SkyLighting.IntegrationType:2]]
[2022.05.13-05.49.25:064][  0]LogConfig: Setting CVar [[r.HairStrands.SkyAO.SampleCount:4]]
[2022.05.13-05.49.25:064][  0]LogConfig: Setting CVar [[r.HairStrands.Visibility.MSAA.SamplePerPixel:4]]
[2022.05.13-05.49.25:064][  0]LogInit: Selected Device Profile: [Windows]
[2022.05.13-05.49.25:064][  0]LogInit: Applying CVar settings loaded from the selected device profile: [Windows]
[2022.05.13-05.49.25:064][  0]LogHAL: Display: Platform has ~ 16 GB [17106997248 / 17179869184 / 16], which maps to Larger [LargestMinGB=32, LargerMinGB=12, DefaultMinGB=8, SmallerMinGB=6, SmallestMinGB=0)
[2022.05.13-05.49.25:064][  0]LogInit: Going up to parent DeviceProfile []
[2022.05.13-05.49.25:064][  0]LogConfig: Applying CVar settings from Section [ViewDistanceQuality@3] File [D:/UNREAL ENGINE/UNREAL PROJECT/CookBook_Ch5/Saved/Config/Windows/Scalability.ini]
[2022.05.13-05.49.25:064][  0]LogConfig: Setting CVar [[r.SkeletalMeshLODBias:0]]
[2022.05.13-05.49.25:064][  0]LogConfig: Setting CVar [[r.ViewDistanceScale:1.0]]
[2022.05.13-05.49.25:064][  0]LogConfig: Applying CVar settings from Section [AntiAliasingQuality@3] File [D:/UNREAL ENGINE/UNREAL PROJECT/CookBook_Ch5/Saved/Config/Windows/Scalability.ini]
[2022.05.13-05.49.25:064][  0]LogConfig: Setting CVar [[r.PostProcessAAQuality:4]]
[2022.05.13-05.49.25:064][  0]LogConfig: Applying CVar settings from Section [ShadowQuality@3] File [D:/UNREAL ENGINE/UNREAL PROJECT/CookBook_Ch5/Saved/Config/Windows/Scalability.ini]
[2022.05.13-05.49.25:065][  0]LogConfig: Setting CVar [[r.LightFunctionQuality:1]]
[2022.05.13-05.49.25:065][  0]LogConfig: Setting CVar [[r.ShadowQuality:5]]
[2022.05.13-05.49.25:065][  0]LogConfig: Setting CVar [[r.Shadow.CSM.MaxCascades:10]]
[2022.05.13-05.49.25:065][  0]LogConfig: Setting CVar [[r.Shadow.MaxResolution:2048]]
[2022.05.13-05.49.25:065][  0]LogConfig: Setting CVar [[r.Shadow.MaxCSMResolution:2048]]
[2022.05.13-05.49.25:065][  0]LogConfig: Setting CVar [[r.Shadow.RadiusThreshold:0.01]]
[2022.05.13-05.49.25:065][  0]LogConfig: Setting CVar [[r.Shadow.DistanceScale:1.0]]
[2022.05.13-05.49.25:065][  0]LogConfig: Setting CVar [[r.Shadow.CSM.TransitionScale:1.0]]
[2022.05.13-05.49.25:065][  0]LogConfig: Setting CVar [[r.Shadow.PreShadowResolutionFactor:1.0]]
[2022.05.13-05.49.25:065][  0]LogConfig: Setting CVar [[r.DistanceFieldShadowing:1]]
[2022.05.13-05.49.25:065][  0]LogConfig: Setting CVar [[r.DistanceFieldAO:1]]
[2022.05.13-05.49.25:065][  0]LogConfig: Setting CVar [[r.AOQuality:2]]
[2022.05.13-05.49.25:065][  0]LogConfig: Setting CVar [[r.VolumetricFog:1]]
[2022.05.13-05.49.25:065][  0]LogConfig: Setting CVar [[r.VolumetricFog.GridPixelSize:8]]
[2022.05.13-05.49.25:065][  0]LogConfig: Setting CVar [[r.VolumetricFog.GridSizeZ:128]]
[2022.05.13-05.49.25:065][  0]LogConfig: Setting CVar [[r.VolumetricFog.HistoryMissSupersampleCount:4]]
[2022.05.13-05.49.25:065][  0]LogConfig: Setting CVar [[r.LightMaxDrawDistanceScale:1]]
[2022.05.13-05.49.25:065][  0]LogConfig: Setting CVar [[r.CapsuleShadows:1]]
[2022.05.13-05.49.25:065][  0]LogConfig: Applying CVar settings from Section [PostProcessQuality@3] File [D:/UNREAL ENGINE/UNREAL PROJECT/CookBook_Ch5/Saved/Config/Windows/Scalability.ini]
[2022.05.13-05.49.25:065][  0]LogConfig: Setting CVar [[r.MotionBlurQuality:4]]
[2022.05.13-05.49.25:065][  0]LogConfig: Setting CVar [[r.AmbientOcclusionMipLevelFactor:0.4]]
[2022.05.13-05.49.25:065][  0]LogConfig: Setting CVar [[r.AmbientOcclusionMaxQuality:100]]
[2022.05.13-05.49.25:065][  0]LogConfig: Setting CVar [[r.AmbientOcclusionLevels:-1]]
[2022.05.13-05.49.25:065][  0]LogConfig: Setting CVar [[r.AmbientOcclusionRadiusScale:1.0]]
[2022.05.13-05.49.25:065][  0]LogConfig: Setting CVar [[r.DepthOfFieldQuality:2]]
[2022.05.13-05.49.25:065][  0]LogConfig: Setting CVar [[r.RenderTargetPoolMin:400]]
[2022.05.13-05.49.25:066][  0]LogConfig: Setting CVar [[r.LensFlareQuality:2]]
[2022.05.13-05.49.25:066][  0]LogConfig: Setting CVar [[r.SceneColorFringeQuality:1]]
[2022.05.13-05.49.25:066][  0]LogConfig: Setting CVar [[r.EyeAdaptationQuality:2]]
[2022.05.13-05.49.25:066][  0]LogConfig: Setting CVar [[r.BloomQuality:5]]
[2022.05.13-05.49.25:066][  0]LogConfig: Setting CVar [[r.FastBlurThreshold:100]]
[2022.05.13-05.49.25:066][  0]LogConfig: Setting CVar [[r.Upscale.Quality:3]]
[2022.05.13-05.49.25:066][  0]LogConfig: Setting CVar [[r.Tonemapper.GrainQuantization:1]]
[2022.05.13-05.49.25:066][  0]LogConfig: Setting CVar [[r.LightShaftQuality:1]]
[2022.05.13-05.49.25:066][  0]LogConfig: Setting CVar [[r.Filter.SizeScale:1]]
[2022.05.13-05.49.25:066][  0]LogConfig: Setting CVar [[r.Tonemapper.Quality:5]]
[2022.05.13-05.49.25:066][  0]LogConfig: Setting CVar [[r.DOF.Gather.AccumulatorQuality:1        ; higher gathering accumulator quality]]
[2022.05.13-05.49.25:066][  0]LogConfig: Setting CVar [[r.DOF.Gather.PostfilterMethod:1          ; Median3x3 postfilering method]]
[2022.05.13-05.49.25:066][  0]LogConfig: Setting CVar [[r.DOF.Gather.EnableBokehSettings:0       ; no bokeh simulation when gathering]]
[2022.05.13-05.49.25:066][  0]LogConfig: Setting CVar [[r.DOF.Gather.RingCount:4                 ; medium number of samples when gathering]]
[2022.05.13-05.49.25:066][  0]LogConfig: Setting CVar [[r.DOF.Scatter.ForegroundCompositing:1    ; additive foreground scattering]]
[2022.05.13-05.49.25:066][  0]LogConfig: Setting CVar [[r.DOF.Scatter.BackgroundCompositing:2    ; additive background scattering]]
[2022.05.13-05.49.25:066][  0]LogConfig: Setting CVar [[r.DOF.Scatter.EnableBokehSettings:1      ; bokeh simulation when scattering]]
[2022.05.13-05.49.25:066][  0]LogConfig: Setting CVar [[r.DOF.Scatter.MaxSpriteRatio:0.1         ; only a maximum of 10% of scattered bokeh]]
[2022.05.13-05.49.25:066][  0]LogConfig: Setting CVar [[r.DOF.Recombine.Quality:1                ; cheap slight out of focus]]
[2022.05.13-05.49.25:066][  0]LogConfig: Setting CVar [[r.DOF.Recombine.EnableBokehSettings:0    ; no bokeh simulation on slight out of focus]]
[2022.05.13-05.49.25:066][  0]LogConfig: Setting CVar [[r.DOF.TemporalAAQuality:1                ; more stable temporal accumulation]]
[2022.05.13-05.49.25:067][  0]LogConfig: Setting CVar [[r.DOF.Kernel.MaxForegroundRadius:0.025]]
[2022.05.13-05.49.25:067][  0]LogConfig: Setting CVar [[r.DOF.Kernel.MaxBackgroundRadius:0.025]]
[2022.05.13-05.49.25:067][  0]LogConfig: Applying CVar settings from Section [TextureQuality@3] File [D:/UNREAL ENGINE/UNREAL PROJECT/CookBook_Ch5/Saved/Config/Windows/Scalability.ini]
[2022.05.13-05.49.25:067][  0]LogConfig: Setting CVar [[r.Streaming.MipBias:0]]
[2022.05.13-05.49.25:067][  0]LogConfig: Setting CVar [[r.Streaming.AmortizeCPUToGPUCopy:0]]
[2022.05.13-05.49.25:067][  0]LogConfig: Setting CVar [[r.Streaming.MaxNumTexturesToStreamPerFrame:0]]
[2022.05.13-05.49.25:067][  0]LogConfig: Setting CVar [[r.Streaming.Boost:1]]
[2022.05.13-05.49.25:067][  0]LogConfig: Setting CVar [[r.MaxAnisotropy:8]]
[2022.05.13-05.49.25:067][  0]LogConfig: Setting CVar [[r.VT.MaxAnisotropy:8]]
[2022.05.13-05.49.25:067][  0]LogConfig: Setting CVar [[r.Streaming.LimitPoolSizeToVRAM:0]]
[2022.05.13-05.49.25:067][  0]LogConfig: Setting CVar [[r.Streaming.PoolSize:1000]]
[2022.05.13-05.49.25:067][  0]LogConfig: Setting CVar [[r.Streaming.MaxEffectiveScreenSize:0]]
[2022.05.13-05.49.25:067][  0]LogConfig: Applying CVar settings from Section [EffectsQuality@3] File [D:/UNREAL ENGINE/UNREAL PROJECT/CookBook_Ch5/Saved/Config/Windows/Scalability.ini]
[2022.05.13-05.49.25:067][  0]LogConfig: Setting CVar [[r.TranslucencyLightingVolumeDim:64]]
[2022.05.13-05.49.25:067][  0]LogConfig: Setting CVar [[r.RefractionQuality:2]]
[2022.05.13-05.49.25:067][  0]LogConfig: Setting CVar [[r.SSR.Quality:3]]
[2022.05.13-05.49.25:067][  0]LogConfig: Setting CVar [[r.SSR.HalfResSceneColor:0]]
[2022.05.13-05.49.25:067][  0]LogConfig: Setting CVar [[r.SceneColorFormat:4]]
[2022.05.13-05.49.25:067][  0]LogConfig: Setting CVar [[r.DetailMode:2]]
[2022.05.13-05.49.25:067][  0]LogConfig: Setting CVar [[r.TranslucencyVolumeBlur:1]]
[2022.05.13-05.49.25:067][  0]LogConfig: Setting CVar [[r.MaterialQualityLevel:1 ; High quality]]
[2022.05.13-05.49.25:067][  0]LogConfig: Setting CVar [[r.AnisotropicMaterials:1]]
[2022.05.13-05.49.25:067][  0]LogConfig: Setting CVar [[r.SSS.Scale:1]]
[2022.05.13-05.49.25:068][  0]LogConfig: Setting CVar [[r.SSS.SampleSet:2]]
[2022.05.13-05.49.25:068][  0]LogConfig: Setting CVar [[r.SSS.Quality:1]]
[2022.05.13-05.49.25:068][  0]LogConfig: Setting CVar [[r.SSS.HalfRes:0]]
[2022.05.13-05.49.25:068][  0]LogConfig: Setting CVar [[r.SSGI.Quality:3]]
[2022.05.13-05.49.25:068][  0]LogConfig: Setting CVar [[r.EmitterSpawnRateScale:1.0]]
[2022.05.13-05.49.25:068][  0]LogConfig: Setting CVar [[r.ParticleLightQuality:2]]
[2022.05.13-05.49.25:068][  0]LogConfig: Setting CVar [[r.SkyAtmosphere.AerialPerspectiveLUT.FastApplyOnOpaque:1 ; Always have FastSkyLUT 1 in this case to avoid wrong sky]]
[2022.05.13-05.49.25:068][  0]LogConfig: Setting CVar [[r.SkyAtmosphere.AerialPerspectiveLUT.SampleCountMaxPerSlice:4]]
[2022.05.13-05.49.25:068][  0]LogConfig: Setting CVar [[r.SkyAtmosphere.AerialPerspectiveLUT.DepthResolution:16.0]]
[2022.05.13-05.49.25:068][  0]LogConfig: Setting CVar [[r.SkyAtmosphere.FastSkyLUT:1]]
[2022.05.13-05.49.25:068][  0]LogConfig: Setting CVar [[r.SkyAtmosphere.FastSkyLUT.SampleCountMin:4.0]]
[2022.05.13-05.49.25:068][  0]LogConfig: Setting CVar [[r.SkyAtmosphere.FastSkyLUT.SampleCountMax:128.0]]
[2022.05.13-05.49.25:068][  0]LogConfig: Setting CVar [[r.SkyAtmosphere.SampleCountMin:4.0]]
[2022.05.13-05.49.25:068][  0]LogConfig: Setting CVar [[r.SkyAtmosphere.SampleCountMax:128.0]]
[2022.05.13-05.49.25:068][  0]LogConfig: Setting CVar [[r.SkyAtmosphere.TransmittanceLUT.UseSmallFormat:0]]
[2022.05.13-05.49.25:068][  0]LogConfig: Setting CVar [[r.SkyAtmosphere.TransmittanceLUT.SampleCount:10.0]]
[2022.05.13-05.49.25:068][  0]LogConfig: Setting CVar [[r.SkyAtmosphere.MultiScatteringLUT.SampleCount:15.0]]
[2022.05.13-05.49.25:068][  0]LogConfig: Setting CVar [[r.SkyLight.RealTimeReflectionCapture:1]]
[2022.05.13-05.49.25:068][  0]LogConfig: Applying CVar settings from Section [FoliageQuality@3] File [D:/UNREAL ENGINE/UNREAL PROJECT/CookBook_Ch5/Saved/Config/Windows/Scalability.ini]
[2022.05.13-05.49.25:068][  0]LogConfig: Setting CVar [[foliage.DensityScale:1.0]]
[2022.05.13-05.49.25:068][  0]LogConfig: Setting CVar [[grass.DensityScale:1.0]]
[2022.05.13-05.49.25:068][  0]LogConfig: Applying CVar settings from Section [ShadingQuality@3] File [D:/UNREAL ENGINE/UNREAL PROJECT/CookBook_Ch5/Saved/Config/Windows/Scalability.ini]
[2022.05.13-05.49.25:068][  0]LogConfig: Setting CVar [[r.HairStrands.SkyLighting.IntegrationType:2]]
[2022.05.13-05.49.25:068][  0]LogConfig: Setting CVar [[r.HairStrands.SkyAO.SampleCount:4]]
[2022.05.13-05.49.25:068][  0]LogConfig: Setting CVar [[r.HairStrands.Visibility.MSAA.SamplePerPixel:4]]
[2022.05.13-05.49.25:069][  0]LogConfig: Applying CVar settings from Section [Startup] File [../../../Engine/Config/ConsoleVariables.ini]
[2022.05.13-05.49.25:069][  0]LogConfig: Setting CVar [[net.UseAdaptiveNetUpdateFrequency:0]]
[2022.05.13-05.49.25:069][  0]LogConfig: Setting CVar [[p.chaos.AllowCreatePhysxBodies:1]]
[2022.05.13-05.49.25:069][  0]LogConfig: Setting CVar [[fx.SkipVectorVMBackendOptimizations:1]]
[2022.05.13-05.49.25:069][  0]LogConfig: Applying CVar settings from Section [ConsoleVariables] File [D:/UNREAL ENGINE/UNREAL PROJECT/CookBook_Ch5/Saved/Config/Windows/Engine.ini]
[2022.05.13-05.49.25:069][  0]LogConfig: Applying CVar settings from Section [ConsoleVariables] File [D:/UNREAL ENGINE/UNREAL PROJECT/CookBook_Ch5/Saved/Config/Windows/Editor.ini]
[2022.05.13-05.49.25:069][  0]LogInit: Computer: -PC1
[2022.05.13-05.49.25:069][  0]LogInit: User: WIN10
[2022.05.13-05.49.25:069][  0]LogInit: CPU Page size=4096, Cores=6
[2022.05.13-05.49.25:069][  0]LogInit: High frequency timer resolution =10.000000 MHz
[2022.05.13-05.49.25:069][  0]LogMemory: Memory total: Physical=15.9GB (16GB approx)
[2022.05.13-05.49.25:069][  0]LogMemory: Platform Memory Stats for Windows
[2022.05.13-05.49.25:069][  0]LogMemory: Process Physical Memory: 142.27 MB used, 142.28 MB peak
[2022.05.13-05.49.25:069][  0]LogMemory: Process Virtual Memory: 125.60 MB used, 125.60 MB peak
[2022.05.13-05.49.25:069][  0]LogMemory: Physical Memory: 9899.59 MB used,  6414.91 MB free, 16314.50 MB total
[2022.05.13-05.49.25:069][  0]LogMemory: Virtual Memory: 134210000.00 MB used,  7726.65 MB free, 134217728.00 MB total
[2022.05.13-05.49.25:079][  0]LogWindows: WindowsPlatformFeatures enabled
[2022.05.13-05.49.25:701][  0]LogInit: Physics initialised using underlying interface: PhysX
[2022.05.13-05.49.25:702][  0]LogInit: Overriding language with editor language configuration option (ko).
[2022.05.13-05.49.25:702][  0]LogInit: Overriding language with editor locale configuration option (ko).
[2022.05.13-05.49.25:794][  0]LogInit: Setting process to per monitor DPI aware
[2022.05.13-05.49.25:841][  0]LogWindowsTextInputMethodSystem: Display: IME system deactivated.
[2022.05.13-05.49.25:854][  0]LogSlate: New Slate User Created.  User Index 0, Is Virtual User: 0
[2022.05.13-05.49.25:854][  0]LogSlate: Slate User Registered.  User Index 0, Is Virtual User: 0
[2022.05.13-05.49.26:122][  0]LogD3D11RHI: Loaded GFSDK_Aftermath_Lib.x64.dll
[2022.05.13-05.49.26:141][  0]LogHMD: Failed to initialize OpenVR with code 110
[2022.05.13-05.49.26:141][  0]LogD3D11RHI: D3D11 min allowed feature level: 11_0
[2022.05.13-05.49.26:141][  0]LogD3D11RHI: D3D11 max allowed feature level: 11_0
[2022.05.13-05.49.26:141][  0]LogD3D11RHI: D3D11 adapters:
[2022.05.13-05.49.26:229][  0]LogD3D11RHI:    0. 'NVIDIA GeForce GTX 1050 Ti' (Feature Level 11_0)
[2022.05.13-05.49.26:229][  0]LogD3D11RHI:       4018/0/8157 MB DedicatedVideo/DedicatedSystem/SharedSystem, Outputs:1, VendorId:0x10de
[2022.05.13-05.49.26:235][  0]LogD3D11RHI:    1. 'Microsoft Basic Render Driver' (Feature Level 11_0)
[2022.05.13-05.49.26:235][  0]LogD3D11RHI:       0/0/8157 MB DedicatedVideo/DedicatedSystem/SharedSystem, Outputs:0, VendorId:0x1414
[2022.05.13-05.49.26:236][  0]LogD3D11RHI: Chosen D3D11 Adapter:
[2022.05.13-05.49.26:236][  0]LogD3D11RHI:     Description : NVIDIA GeForce GTX 1050 Ti
[2022.05.13-05.49.26:236][  0]LogD3D11RHI:     VendorId    : 10de
[2022.05.13-05.49.26:236][  0]LogD3D11RHI:     DeviceId    : 1c82
[2022.05.13-05.49.26:236][  0]LogD3D11RHI:     SubSysId    : 8c961462
[2022.05.13-05.49.26:236][  0]LogD3D11RHI:     Revision    : 00a1
[2022.05.13-05.49.26:236][  0]LogD3D11RHI:     DedicatedVideoMemory : 4213178368 bytes
[2022.05.13-05.49.26:236][  0]LogD3D11RHI:     DedicatedSystemMemory : 0 bytes
[2022.05.13-05.49.26:236][  0]LogD3D11RHI:     SharedSystemMemory : 8553498624 bytes
[2022.05.13-05.49.26:236][  0]LogD3D11RHI:     AdapterLuid : 0 52977
[2022.05.13-05.49.26:240][  0]LogD3D11RHI: Creating new Direct3DDevice
[2022.05.13-05.49.26:240][  0]LogD3D11RHI:     GPU DeviceId: 0x1c82 (for the marketing name, search the web for "GPU Device Id")
[2022.05.13-05.49.26:240][  0]LogWindows: EnumDisplayDevices:
[2022.05.13-05.49.26:240][  0]LogWindows:    0. 'NVIDIA GeForce GTX 1050 Ti' (P:1 D:1)
[2022.05.13-05.49.26:241][  0]LogWindows:    1. 'NVIDIA GeForce GTX 1050 Ti' (P:0 D:0)
[2022.05.13-05.49.26:241][  0]LogWindows:    2. 'NVIDIA GeForce GTX 1050 Ti' (P:0 D:0)
[2022.05.13-05.49.26:241][  0]LogWindows:    3. 'NVIDIA GeForce GTX 1050 Ti' (P:0 D:0)
[2022.05.13-05.49.26:241][  0]LogWindows: DebugString: FoundDriverCount:4 
[2022.05.13-05.49.26:241][  0]LogD3D11RHI:     Adapter Name: NVIDIA GeForce GTX 1050 Ti
[2022.05.13-05.49.26:241][  0]LogD3D11RHI:   Driver Version: 457.51 (internal:27.21.14.5751, unified:457.51)
[2022.05.13-05.49.26:241][  0]LogD3D11RHI:      Driver Date: 11-22-2020
[2022.05.13-05.49.26:241][  0]LogRHI: Texture pool is 2812 MB (70% of 4018 MB)
[2022.05.13-05.49.26:241][  0]LogD3D11RHI: Creating D3DDevice using adapter:
[2022.05.13-05.49.26:241][  0]LogD3D11RHI:     Description : NVIDIA GeForce GTX 1050 Ti
[2022.05.13-05.49.26:241][  0]LogD3D11RHI:     VendorId    : 10de
[2022.05.13-05.49.26:241][  0]LogD3D11RHI:     DeviceId    : 1c82
[2022.05.13-05.49.26:242][  0]LogD3D11RHI:     SubSysId    : 8c961462
[2022.05.13-05.49.26:242][  0]LogD3D11RHI:     Revision    : 00a1
[2022.05.13-05.49.26:242][  0]LogD3D11RHI:     DedicatedVideoMemory : 4213178368 bytes
[2022.05.13-05.49.26:242][  0]LogD3D11RHI:     DedicatedSystemMemory : 0 bytes
[2022.05.13-05.49.26:242][  0]LogD3D11RHI:     SharedSystemMemory : 8553498624 bytes
[2022.05.13-05.49.26:242][  0]LogD3D11RHI:     AdapterLuid : 0 52977
[2022.05.13-05.49.26:297][  0]LogD3D11RHI: RHI has support for 64 bit atomics
[2022.05.13-05.49.26:297][  0]LogD3D11RHI: Async texture creation enabled
[2022.05.13-05.49.26:297][  0]LogD3D11RHI: Array index from any shader is supported
[2022.05.13-05.49.26:310][  0]LogD3D11RHI: GPU Timing Frequency: 1000.000000 (Debug: 2 1)
[2022.05.13-05.49.26:348][  0]LogRHI: GeForceNow SDK initialized: 1
[2022.05.13-05.49.26:576][  0]LogTargetPlatformManager: Display: Loaded TargetPlatform 'AllDesktop'
[2022.05.13-05.49.26:594][  0]LogTargetPlatformManager: Display: Loaded TargetPlatform 'Android'
[2022.05.13-05.49.26:594][  0]LogTargetPlatformManager: Display: Loaded TargetPlatform 'Android_ASTC'
[2022.05.13-05.49.26:594][  0]LogTargetPlatformManager: Display: Loaded TargetPlatform 'Android_DXT'
[2022.05.13-05.49.26:594][  0]LogTargetPlatformManager: Display: Loaded TargetPlatform 'Android_ETC2'
[2022.05.13-05.49.26:594][  0]LogTargetPlatformManager: Display: Loaded TargetPlatform 'AndroidClient'
[2022.05.13-05.49.26:594][  0]LogTargetPlatformManager: Display: Loaded TargetPlatform 'Android_ASTCClient'
[2022.05.13-05.49.26:594][  0]LogTargetPlatformManager: Display: Loaded TargetPlatform 'Android_DXTClient'
[2022.05.13-05.49.26:594][  0]LogTargetPlatformManager: Display: Loaded TargetPlatform 'Android_ETC2Client'
[2022.05.13-05.49.26:594][  0]LogTargetPlatformManager: Display: Loaded TargetPlatform 'Android_Multi'
[2022.05.13-05.49.26:594][  0]LogTargetPlatformManager: Display: Loaded TargetPlatform 'Android_MultiClient'
[2022.05.13-05.49.26:613][  0]LogTargetPlatformManager: Display: Loaded TargetPlatform 'IOSClient'
[2022.05.13-05.49.26:613][  0]LogTargetPlatformManager: Display: Loaded TargetPlatform 'IOS'
[2022.05.13-05.49.26:621][  0]LogTargetPlatformManager: Display: Loaded TargetPlatform 'Linux'
[2022.05.13-05.49.26:626][  0]LogTargetPlatformManager: Display: Loaded TargetPlatform 'LinuxNoEditor'
[2022.05.13-05.49.26:631][  0]LogTargetPlatformManager: Display: Loaded TargetPlatform 'LinuxClient'
[2022.05.13-05.49.26:636][  0]LogTargetPlatformManager: Display: Loaded TargetPlatform 'LinuxServer'
[2022.05.13-05.49.26:644][  0]LogTargetPlatformManager: Display: Loaded TargetPlatform 'LinuxAArch64NoEditor'
[2022.05.13-05.49.26:649][  0]LogTargetPlatformManager: Display: Loaded TargetPlatform 'LinuxAArch64Client'
[2022.05.13-05.49.26:654][  0]LogTargetPlatformManager: Display: Loaded TargetPlatform 'LinuxAArch64Server'
[2022.05.13-05.49.26:674][  0]LogTargetPlatformManager: Display: Loaded TargetPlatform 'Lumin'
[2022.05.13-05.49.26:674][  0]LogTargetPlatformManager: Display: Loaded TargetPlatform 'LuminClient'
[2022.05.13-05.49.26:682][  0]LogTargetPlatformManager: Display: Loaded TargetPlatform 'MacNoEditor'
[2022.05.13-05.49.26:686][  0]LogTargetPlatformManager: Display: Loaded TargetPlatform 'Mac'
[2022.05.13-05.49.26:691][  0]LogTargetPlatformManager: Display: Loaded TargetPlatform 'MacClient'
[2022.05.13-05.49.26:696][  0]LogTargetPlatformManager: Display: Loaded TargetPlatform 'MacServer'
[2022.05.13-05.49.26:705][  0]LogTargetPlatformManager: Display: Loaded TargetPlatform 'TVOSClient'
[2022.05.13-05.49.26:705][  0]LogTargetPlatformManager: Display: Loaded TargetPlatform 'TVOS'
[2022.05.13-05.49.26:713][  0]LogTargetPlatformManager: Display: Loaded TargetPlatform 'WindowsNoEditor'
[2022.05.13-05.49.26:718][  0]LogTargetPlatformManager: Display: Loaded TargetPlatform 'Windows'
[2022.05.13-05.49.26:723][  0]LogTargetPlatformManager: Display: Loaded TargetPlatform 'WindowsClient'
[2022.05.13-05.49.26:727][  0]LogTargetPlatformManager: Display: Loaded TargetPlatform 'WindowsServer'
[2022.05.13-05.49.26:728][  0]LogTargetPlatformManager: Display: Building Assets For Windows
[2022.05.13-05.49.26:739][  0]LogAudioDebug: Display: Lib vorbis DLL was dynamically loaded.
[2022.05.13-05.49.27:035][  0]LogTextureFormatOodle: Display: Oodle Texture 2.9.0 init RDO Off
[2022.05.13-05.49.27:154][  0]LogRendererCore: Ray tracing is disabled. Reason: r.RayTracing=0.
[2022.05.13-05.49.27:154][  0]LogShaderCompilers: Guid format shader working directory is 6 characters bigger than the processId version (../../../../UNREAL PROJECT/CookBook_Ch5/Intermediate/Shaders/WorkingDirectory/16320/).
[2022.05.13-05.49.27:154][  0]LogShaderCompilers: Cleaned the shader compiler working directory 'C:/Users/WIN10/AppData/Local/Temp/UnrealShaderWorkingDir/C448B24848A351FFF4E7BA8C78A74A44/'.
[2022.05.13-05.49.27:155][  0]LogXGEController: Cannot use XGE Controller as Incredibuild is not installed on this machine.
[2022.05.13-05.49.27:155][  0]LogShaderCompilers: Cannot use XGE Shader Compiler as Incredibuild is not installed on this machine.
[2022.05.13-05.49.27:155][  0]LogShaderCompilers: Display: Using Local Shader Compiler.
[2022.05.13-05.49.27:835][  0]LogDerivedDataCache: Display: Max Cache Size: 512 MB
[2022.05.13-05.49.27:886][  0]LogDerivedDataCache: Loaded boot cache 0.05s 103MB C:/Users/WIN10/AppData/Local/UnrealEngine/4.27/DerivedDataCache/Boot.ddc.
[2022.05.13-05.49.27:886][  0]LogDerivedDataCache: Display: Loaded Boot cache: C:/Users/WIN10/AppData/Local/UnrealEngine/4.27/DerivedDataCache/Boot.ddc
[2022.05.13-05.49.27:886][  0]LogDerivedDataCache: FDerivedDataBackendGraph:  Pak pak cache file ../../../../UNREAL PROJECT/CookBook_Ch5/DerivedDataCache/DDC.ddp not found, will not use a pak cache.
[2022.05.13-05.49.27:887][  0]LogDerivedDataCache: Unable to find inner node Pak for hierarchical cache Hierarchy.
[2022.05.13-05.49.27:887][  0]LogDerivedDataCache: FDerivedDataBackendGraph:  CompressedPak pak cache file ../../../../UNREAL PROJECT/CookBook_Ch5/DerivedDataCache/Compressed.ddp not found, will not use a pak cache.
[2022.05.13-05.49.27:887][  0]LogDerivedDataCache: Unable to find inner node CompressedPak for hierarchical cache Hierarchy.
[2022.05.13-05.49.27:902][  0]LogDerivedDataCache: Display: Pak cache opened for reading ../../../Engine/DerivedDataCache/Compressed.ddp.
[2022.05.13-05.49.27:902][  0]LogDerivedDataCache: FDerivedDataBackendGraph:  EnterprisePak pak cache file ../../../Enterprise/DerivedDataCache/Compressed.ddp not found, will not use a pak cache.
[2022.05.13-05.49.27:902][  0]LogDerivedDataCache: Unable to find inner node EnterprisePak for hierarchical cache Hierarchy.
[2022.05.13-05.49.27:907][  0]LogDerivedDataCache: Speed tests for C:/Users/WIN10/AppData/Local/UnrealEngine/Common/DerivedDataCache took 0.00 seconds
[2022.05.13-05.49.27:907][  0]LogDerivedDataCache: Display: Performance to C:/Users/WIN10/AppData/Local/UnrealEngine/Common/DerivedDataCache: Latency=0.02ms. RandomReadSpeed=1632.18MBs, RandomWriteSpeed=236.55MBs. Assigned SpeedClass 'Local'
[2022.05.13-05.49.27:909][  0]LogDerivedDataCache: Using Local data cache path C:/Users/WIN10/AppData/Local/UnrealEngine/Common/DerivedDataCache: Writable
[2022.05.13-05.49.27:909][  0]LogDerivedDataCache: Shared data cache path not found in *engine.ini, will not use an Shared cache.
[2022.05.13-05.49.27:909][  0]LogDerivedDataCache: Unable to find inner node Shared for hierarchical cache Hierarchy.
[2022.05.13-05.49.27:966][  0]LogSlate: Using FreeType 2.10.0
[2022.05.13-05.49.27:967][  0]LogSlate: SlateFontServices - WITH_FREETYPE: 1, WITH_HARFBUZZ: 1
[2022.05.13-05.49.27:991][  0]LogAssetRegistry: FAssetRegistry took 0.0038 seconds to start up
[2022.05.13-05.49.28:186][  0]LogInit: Selected Device Profile: [Windows]
[2022.05.13-05.49.28:186][  0]LogInit: Active device profile: [0000021FD3A72C00][0000021FD3E033C0 49] Windows
[2022.05.13-05.49.28:186][  0]LogInit: Profiles: [0000021FD3A72C00][0000021FD3E033C0 49] Windows, [0000021FD3A1D600][0000021FD3E0B540 49] WindowsNoEditor, [0000021FD3A71600][0000021FD3E0F6C0 49] WindowsServer, [0000021FD3A1E400][0000021FC5F6D840 49] WindowsClient, [0000021FD3A72300][0000021FC5F719C0 49] IOS, [0000021FD3A1F100][0000021FC5F75B40 49] iPadAir, [0000021FD3A73400][0000021FC5F78140 49] iPadAir2, [0000021FD39B3200][0000021FD4092400 49] IPadPro, [0000021FD39B3300][0000021FC5F80440 49] iPadAir3, [0000021FD3A70E00][0000021FD3E06580 49] iPadAir4, [0000021FD39B1B00][0000021FD40966C0 49] iPadMini2, [0000021FD3A71F00][0000021FD409A800 49] iPadMini3, [0000021FD39B1400][0000021FD409E940 49] iPadMini4, [0000021FD3A73100][0000021FD40A6AC0 49] iPadMini5, [0000021FD39D6700][0000021FD3D46D80 49] iPhone6, [0000021FD39D6800][0000021FD40AADC0 49] iPodTouch6, [0000021FD39B0D00][0000021FC8EA5080 49] iPhone7, [0000021FD39B0C00][0000021FC8EA10C0 49] iPodTouch7, [0000021FD39D5A00][0000021FD3E63240 49] iPhone5S, [0000021FD39B2A00][0000021FD3E6B3C0 49] iPhone6Plus, [0000021FD39D5400][0000021FD3E6F540 49] iPhone6S, [0000021FD39B3100][0000021FD3E736C0 49] iPhone6SPlus, [0000021FD39D7F00][0000021FD3E77840 49] iPhone7Plus, [0000021FD39B1000][0000021FD3E7F9C0 49] iPhoneSE, [0000021FD39D5500][0000021FD3E83B40 49] iPhone8, [0000021FD39B3700][0000021FD3E8A140 49] iPhone8Plus, [0000021FD39D5B00][0000021FD3E8E2C0 49] iPhoneX, [0000021FD39B3E00][0000021FD3E92440 49] iPhoneXS, [0000021FD39D6900][0000021FD3E965C0 49] iPhoneXSMax, [0000021FD39B0300][0000021FD3E9A740 49] iPhoneXR, [0000021FD39D7000][0000021FD40A2880 49] iPhone11, [0000021FD39B0800][0000021FD3E9E9C0 49] iPhone11Pro, [0000021FD39D6500][0000021FC8C44B00 49] iPhone11ProMax, [0000021FD39B0400][0000021FD3DF8C80 49] iPhoneSE2, [0000021FD39D4600][0000021FD3DFCE00 49] iPhone12Mini, [0000021FD39B2C00][0000021FD48CEF80 49] iPhone12, [0000021FD39D4700][0000021FD48D3100 49] iPhone12Pro, [0000021FD39B2700][0000021FD48D7280 49] iPhone12ProMax, [0000021FD39D7600][0000021FD48DB400 49] iPadPro105, [0000021FD39B3A00][0000021FD48DF580 49] iPadPro129, [0000021FD39D4A00][0000021FD48E3700 49] iPadPro97, [0000021FD39B1A00][0000021FD48E7880 49] iPadPro2_129, [0000021FD39D6C00][0000021FD48EBA00 49] iPad5, [0000021FD39B0100][0000021FD48EFB80 49] iPad6, [0000021FD39D4F00][0000021FD48F2180 49] iPad7, [0000021FD39B1500][0000021FD48F6300 49] iPad8, [0000021FD39D5300][0000021FD48FA480 49] iPadPro11, [0000021FD39B2900][0000021FD3CE0600 49] iPadPro2_11, [0000021FD39D4B00][0000021FD3CE4780 49] iPadPro3_129, [0000021FD39B2D00][0000021FD3CE8900 49] iPadPro4_129, [0000021FD3A1CD00][0000021FD3E7AA40 49] AppleTV, [0000021FD3AC5900][0000021FD3CECB80 49] AppleTV4K, [0000021FD3A1F800][0000021FD3CF0CC0 49] TVOS, [0000021FD3AC5C00][0000021FD3CF8E40 49] Mac, [0000021FD3A1F300][0000021FD3CFCFC0 49] MacClient, [0000021FD3AC5600][0000021FD3D01140 49] MacNoEditor, [0000021FD3A1E500][0000021FD3D052C0 49] MacServer, [0000021FD3AC5A00][0000021FD3D09440 49] Linux, [0000021FD3A1FF00][0000021FD3D0D5C0 49] LinuxAArch64, [0000021FD3AC4A00][0000021FD3D11740 49] LinuxNoEditor, [0000021FD3A1DD00][0000021FD3D158C0 49] LinuxAArch64NoEditor, [0000021FD3AC4900][0000021FD3D19A40 49] LinuxClient, [0000021FD3A1FC00][0000021FC5ED7BC0 49] LinuxAArch64Client, [0000021FD3AC4400][0000021FC5EDA1C0 49] LinuxServer, [0000021FD3A1DA00][0000021FC5EDE340 49] LinuxAArch64Server, [0000021FD3AC4300][0000021FC5EE24C0 49] Android, [0000021FD3A1C300][0000021FC5EE6640 49] Android_Low, [0000021FD3AC5400][0000021FC5EEA7C0 49] Android_Mid, [0000021FD39B3800][0000021FC5EEE940 49] Android_High, [0000021FD39D6E00][0000021FC5EF2AC0 49] Android_Default, [0000021FD39B2E00][0000021FD3CF4C00 49] Android_Adreno4xx, [0000021FD39D5600][0000021FC5EF6D40 49] Android_Adreno5xx_Low, [0000021FD39B3C00][0000021FC5EFAE80 49] Android_Adreno5xx, [0000021FD39D7E00][0000021FC5EFEFC0 49] Android_Adreno6xx, [0000021FD39B1100][0000021FC5F07140 49] Android_Adreno6xx_Vulkan, [0000021FD39D5800][0000021FC5F0B2C0 49] Android_Mali_T6xx, [0000021FD39B3600][0000021FC5F0F440 49] Android_Mali_T7xx, [0000021FD39D6B00][0000021FC5F135C0 49] Android_Mali_T8xx, [0000021FD39B3F00][0000021FC5F17740 49] Android_Mali_G71, [0000021FD39D6D00][0000021FC5F1B8C0 49] Android_Mali_G72, [0000021FD39B1E00][0000021FC5F1FA40 49] Android_Mali_G72_Vulkan, [0000021FD39D4400][0000021FC5F23BC0 49] Android_Mali_G76, [0000021FD39B3B00][0000021FC5F261C0 49] Android_Mali_G76_Vulkan, [0000021FD39D4C00][0000021FC5F2A340 49] Android_Mali_G77, [0000021FD39B0A00][0000021FC5F2E4C0 49] Android_Mali_G77_Vulkan, [0000021FD39D6F00][0000021FC5F32640 49] Android_Mali_G78, [0000021FD39B1D00][0000021FC5F367C0 49] Android_Mali_G78_Vulkan, [0000021FD3AC5D00][0000021FC5F3A940 49] Android_Mali_G710, [0000021FD39B2500][0000021FC5F3EAC0 49] Android_Mali_G710_Vulkan, [0000021FD3AC4C00][0000021FC5F42C40 49] Android_Vulkan_SM5, [0000021FD39B3400][0000021FC5F02D80 49] Android_PowerVR_G6xxx, [0000021FD3AC5800][0000021FC5F46EC0 49] Android_PowerVR_GT7xxx, [0000021FD39B1900][0000021FC5F4B000 49] Android_PowerVR_GE8xxx, [0000021FD39D5200][0000021FC5F4F140 49] Android_PowerVR_GM9xxx, [0000021FD39B0F00][0000021FC5F572C0 49] Android_PowerVR_GM9xxx_Vulkan, [0000021FD39D5700][0000021FC5F5B440 49] Android_TegraK1, [0000021FD39B0200][0000021FC5F5F5C0 49] Android_Unknown_Vulkan, [0000021FD39D5D00][0000021FC5F63740 49] Lumin, [0000021FD39B2300][0000021FC5F678C0 49] Lumin_Desktop, [0000021FD39D6200][0000021FD40F1A40 49] HoloLens, 
[2022.05.13-05.49.28:331][  0]LogMeshReduction: Using QuadricMeshReduction for automatic static mesh reduction
[2022.05.13-05.49.28:331][  0]LogMeshReduction: Using SimplygonMeshReduction for automatic skeletal mesh reduction
[2022.05.13-05.49.28:331][  0]LogMeshReduction: Using ProxyLODMeshReduction for automatic mesh merging
[2022.05.13-05.49.28:331][  0]LogMeshReduction: No distributed automatic mesh merging module available
[2022.05.13-05.49.28:331][  0]LogMeshMerging: No distributed automatic mesh merging module available
[2022.05.13-05.49.28:343][  0]LogNetVersion: CookBook_Ch5 1.0.0, NetCL: 17155196, EngineNetVer: 17, GameNetVer: 0 (Checksum: 1376081625)
[2022.05.13-05.49.28:654][  0]LogTexture: Default maximum texture size for cubemaps generated from long-lat sources has been changed from 512 to unlimited. In order to preserve old behaiour for '/Engine/MapTemplates/Sky/DaylightAmbientCubemap.DaylightAmbientCubemap', its maximum texture size has been explicitly set to 512.
[2022.05.13-05.49.28:704][  0]LogHMD: PokeAHoleMaterial loaded successfully
[2022.05.13-05.49.28:709][  0]LogUObjectArray: 17178 objects as part of root set at end of initial load.
[2022.05.13-05.49.28:709][  0]LogUObjectAllocator: 4302048 out of 0 bytes used by permanent object pool.
[2022.05.13-05.49.28:709][  0]LogUObjectArray: CloseDisregardForGC: 0/0 objects in disregard for GC pool
[2022.05.13-05.49.29:066][  0]LogNiagaraDebuggerClient: Niagara Debugger Client Initialized | Session: 59A63A844196F3517767A8BF9A485E50 | Instance: 0E31193E4FE944DCFF642090CEF19416 (-PC1-16320).
[2022.05.13-05.49.29:098][  0]LogPython: Using Python 3.7.7
[2022.05.13-05.49.29:644][  0]LogTcpMessaging: Initializing TcpMessaging bridge
[2022.05.13-05.49.29:650][  0]LogUdpMessaging: Initializing bridge on interface 0.0.0.0:0 to multicast group 230.0.0.1:6666.
[2022.05.13-05.49.29:823][  0]SourceControl: 소스 컨트롤이 꺼졌습니다.
[2022.05.13-05.49.29:824][  0]SourceControl: 소스 컨트롤이 꺼졌습니다.
[2022.05.13-05.49.30:124][  0]SourceControl: 소스 컨트롤이 꺼졌습니다.
[2022.05.13-05.49.30:132][  0]SourceControl: 소스 컨트롤이 꺼졌습니다.
[2022.05.13-05.49.30:140][  0]SourceControl: 소스 컨트롤이 꺼졌습니다.
[2022.05.13-05.49.30:148][  0]LogUProjectInfo: Found projects:
[2022.05.13-05.49.30:348][  0]LogOpenImageDenoise: OIDN starting up
[2022.05.13-05.49.30:424][  0]LogAndroidPermission: UAndroidPermissionCallbackProxy::GetInstance
[2022.05.13-05.49.30:450][  0]LogAudioCaptureCore: Display: No Audio Capture implementations found. Audio input will be silent.
[2022.05.13-05.49.30:450][  0]LogAudioCaptureCore: Display: No Audio Capture implementations found. Audio input will be silent.
[2022.05.13-05.49.30:566][  0]LogCollectionManager: Loaded 0 collections in 0.000549 seconds
[2022.05.13-05.49.30:591][  0]LogFileCache: Scanning file cache for directory 'D:/UNREAL ENGINE/UNREAL PROJECT/CookBook_Ch5/Saved/Collections/' took 0.00s
[2022.05.13-05.49.30:591][  0]LogFileCache: Scanning file cache for directory 'D:/UNREAL ENGINE/UNREAL PROJECT/CookBook_Ch5/Content/Developers/WIN10/Collections/' took 0.00s
[2022.05.13-05.49.30:591][  0]LogFileCache: Scanning file cache for directory 'D:/UNREAL ENGINE/UNREAL PROJECT/CookBook_Ch5/Content/Collections/' took 0.00s
[2022.05.13-05.49.30:591][  0]LogOcInput: OculusInput pre-init called
[2022.05.13-05.49.31:165][  0]LogEngine: Initializing Engine...
[2022.05.13-05.49.31:179][  0]LogHMD: Failed to enumerate extensions. Please check that you have a valid OpenXR runtime installed.
[2022.05.13-05.49.31:179][  0]LogHMD: Failed to initialize OpenVR with code 110
[2022.05.13-05.49.31:179][  0]LogMagicLeap: Warning: VR disabled because ZI is not enabled.  To enable, in the editor, Edit -> Project Settings -> Plugins -> Magic Leap Plugin -> Enable Zero Iteration
[2022.05.13-05.49.31:180][  0]LogStats: UGameplayTagsManager::InitializeManager -  0.000 s
[2022.05.13-05.49.31:766][  0]LogInit: Initializing FReadOnlyCVARCache
[2022.05.13-05.49.32:513][  0]LogAIModule: Creating AISystem for world Untitled
[2022.05.13-05.49.32:513][  0]LogAudio: Display: Initializing Audio Device Manager...
[2022.05.13-05.49.32:529][  0]LogAudio: Display: Loading Default Audio Settings Objects...
[2022.05.13-05.49.32:543][  0]LogAudio: Display: No default SoundConcurrencyObject specified (or failed to load).
[2022.05.13-05.49.32:543][  0]LogAudio: Display: Audio Device Manager Initialized
[2022.05.13-05.49.32:543][  0]LogAudio: Display: Creating Audio Device:                 Id: 1, Scope: Shared, Realtime: True
[2022.05.13-05.49.32:543][  0]LogAudioMixer: Display: Audio Mixer Platform Settings:
[2022.05.13-05.49.32:543][  0]LogAudioMixer: Display: 	Sample Rate:						  48000
[2022.05.13-05.49.32:544][  0]LogAudioMixer: Display: 	Callback Buffer Frame Size Requested: 1024
[2022.05.13-05.49.32:544][  0]LogAudioMixer: Display: 	Callback Buffer Frame Size To Use:	  1024
[2022.05.13-05.49.32:544][  0]LogAudioMixer: Display: 	Number of buffers to queue:			  2
[2022.05.13-05.49.32:544][  0]LogAudioMixer: Display: 	Max Channels (voices):				  32
[2022.05.13-05.49.32:544][  0]LogAudioMixer: Display: 	Number of Async Source Workers:		  0
[2022.05.13-05.49.32:544][  0]LogAudio: Display: AudioDevice MaxSources: 32
[2022.05.13-05.49.32:544][  0]LogAudio: Display: Audio Spatialization Plugin: None (built-in).
[2022.05.13-05.49.32:544][  0]LogAudio: Display: Audio Reverb Plugin: None (built-in).
[2022.05.13-05.49.32:544][  0]LogAudio: Display: Audio Occlusion Plugin: None (built-in).
[2022.05.13-05.49.32:544][  0]LogAudioMixer: Display: Initializing audio mixer.
[2022.05.13-05.49.32:566][  0]LogAudioMixer: Display: Using Audio Device Unknown
[2022.05.13-05.49.32:567][  0]LogAudioMixer: Display: Initializing Sound Submixes...
[2022.05.13-05.49.32:578][  0]LogAudioMixer: Display: Creating Master Submix 'MasterSubmixDefault'
[2022.05.13-05.49.32:578][  0]LogAudioMixer: Display: Creating Master Submix 'MasterReverbSubmixDefault'
[2022.05.13-05.49.32:579][  0]LogAudioMixer: Display: Creating Master Submix 'MasterEQSubmixDefault'
[2022.05.13-05.49.32:579][  0]LogAudioMixer: FMixerPlatformXAudio2::StartAudioStream() called
[2022.05.13-05.49.32:579][  0]LogAudioMixer: Display: Output buffers initialized: Frames=1024, Channels=2, Samples=2048
[2022.05.13-05.49.32:581][  0]LogAudioMixer: Display: Starting AudioMixerPlatformInterface::RunInternal()
[2022.05.13-05.49.32:581][  0]LogAudioMixer: Display: StartRunningNullDevice() called
[2022.05.13-05.49.32:582][  0]LogInit: FAudioDevice initialized.
[2022.05.13-05.49.32:582][  0]LogAudio: Display: Audio Device (ID: 1) registered with world 'Untitled'.
[2022.05.13-05.49.32:582][  0]LogNetVersion: Set ProjectVersion to 1.0.0.0. Version Checksum will be recalculated on next use.
[2022.05.13-05.49.32:626][  0]LogDerivedDataCache: Saved boot cache 0.04s 103MB C:/Users/WIN10/AppData/Local/UnrealEngine/4.27/DerivedDataCache/Boot.ddc.
[2022.05.13-05.49.32:627][  0]LogInit: Texture streaming: Enabled
[2022.05.13-05.49.32:667][  0]LogAnalytics: Display: [UEEditor.Rocket.Release] APIServer = https://datarouter.ol.epicgames.com/. AppVersion = 4.27.2-18319896+++UE4+Release-4.27
[2022.05.13-05.49.32:680][  0]LogEngineSessionManager: EngineSessionManager initialized
[2022.05.13-05.49.32:680][  0]LogEditorSessionSummary: Verbose: Initializing EditorSessionSummaryWriter for editor session tracking
[2022.05.13-05.49.32:682][  0]LogEditorSessionSummary: EditorSessionSummaryWriter initialized
